#
# There is insufficient memory for the Java Runtime Environment to continue.
# Native memory allocation (malloc) failed to allocate 973456 bytes. Error detail: Chunk::new
# Possible reasons:
#   The system is out of physical RAM or swap space
#   This process is running with CompressedOops enabled, and the Java Heap may be blocking the growth of the native heap
# Possible solutions:
#   Reduce memory load on the system
#   Increase physical memory or swap space
#   Check if swap backing store is full
#   Decrease Java heap size (-Xmx/-Xms)
#   Decrease number of Java threads
#   Decrease Java thread stack sizes (-Xss)
#   Set larger code cache with -XX:ReservedCodeCacheSize=
#   JVM is running with Unscaled Compressed Oops mode in which the Java heap is
#     placed in the first 4GB address space. The Java Heap base address is the
#     maximum limit for the native heap growth. Please use -XX:HeapBaseMinAddress
#     to set the Java Heap base and to place the Java Heap above 4GB virtual address.
# This output file may be truncated or incomplete.
#
#  Out of Memory Error (arena.cpp:168), pid=32136, tid=6892
#
# JRE version: OpenJDK Runtime Environment Temurin-21.0.8+9 (21.0.8+9) (build 21.0.8+9-LTS)
# Java VM: OpenJDK 64-Bit Server VM Temurin-21.0.8+9 (21.0.8+9-LTS, mixed mode, sharing, tiered, compressed oops, compressed class ptrs, parallel gc, windows-amd64)
# No core dump will be written. Minidumps are not enabled by default on client versions of Windows
#

---------------  S U M M A R Y ------------

Command Line: --add-modules=ALL-SYSTEM --add-opens=java.base/java.util=ALL-UNNAMED --add-opens=java.base/java.lang=ALL-UNNAMED --add-opens=java.base/sun.nio.fs=ALL-UNNAMED -Declipse.application=org.eclipse.jdt.ls.core.id1 -Dosgi.bundles.defaultStartLevel=4 -Declipse.product=org.eclipse.jdt.ls.core.product -Djava.import.generatesMetadataFilesAtProjectRoot=false -DDetectVMInstallationsJob.disabled=true -Dfile.encoding=utf8 -XX:+UseParallelGC -XX:GCTimeRatio=4 -XX:AdaptiveSizePolicyWeight=90 -Dsun.zip.disableMemoryMapping=true -Xmx2G -Xms100m -Xlog:disable -javaagent:c:\Users\LOQ\.vscode\extensions\redhat.java-1.47.0-win32-x64\lombok\lombok-1.18.39-4050.jar -XX:+HeapDumpOnOutOfMemoryError -XX:HeapDumpPath=c:\Users\LOQ\AppData\Roaming\Code\User\workspaceStorage\a7a39547a06a3b6109950431f82cb49c\redhat.java -Daether.dependencyCollector.impl=bf c:\Users\LOQ\.vscode\extensions\redhat.java-1.47.0-win32-x64\server\plugins\org.eclipse.equinox.launcher_1.7.100.v20251014-1222.jar -configuration c:\Users\LOQ\AppData\Roaming\Code\User\globalStorage\redhat.java\1.47.0\config_win -data c:\Users\LOQ\AppData\Roaming\Code\User\workspaceStorage\a7a39547a06a3b6109950431f82cb49c\redhat.java\jdt_ws --pipe=\\.\pipe\lsp-616ba326ec7b92957971395e7e130ddc-sock

Host: AMD Ryzen 5 7235HS                             , 8 cores, 11G,  Windows 11 , 64 bit Build 26100 (10.0.26100.6725)
Time: Tue Nov 11 11:24:47 2025 Sri Lanka Standard Time elapsed time: 6.479541 seconds (0d 0h 0m 6s)

---------------  T H R E A D  ---------------

Current thread (0x0000024e973c08e0):  JavaThread "C2 CompilerThread0" daemon [_thread_in_native, id=6892, stack(0x000000fd14000000,0x000000fd14100000) (1024K)]


Current CompileTask:
C2:6479 4050       4       org.lombokweb.asm.ClassReader::readMethod (1070 bytes)

Stack: [0x000000fd14000000,0x000000fd14100000]
Native frames: (J=compiled Java code, j=interpreted, Vv=VM code, C=native code)
V  [jvm.dll+0x6d2449]
V  [jvm.dll+0x8ae341]
V  [jvm.dll+0x8b08be]
V  [jvm.dll+0x8b0fa3]
V  [jvm.dll+0x280c96]
V  [jvm.dll+0xc581d]
V  [jvm.dll+0xc5d53]
V  [jvm.dll+0x2f539d]
V  [jvm.dll+0x5fa00a]
V  [jvm.dll+0x252092]
V  [jvm.dll+0x25244f]
V  [jvm.dll+0x24ad14]
V  [jvm.dll+0x2483a4]
V  [jvm.dll+0x1c89ee]
V  [jvm.dll+0x257d4d]
V  [jvm.dll+0x2562ea]
V  [jvm.dll+0x3f2d16]
V  [jvm.dll+0x857e6b]
V  [jvm.dll+0x6d0b0d]
C  [ucrtbase.dll+0x37b0]
C  [KERNEL32.DLL+0x2e8d7]
C  [ntdll.dll+0x8c53c]


---------------  P R O C E S S  ---------------

Threads class SMR info:
_java_thread_list=0x0000024ee0ea5290, length=24, elements={
0x0000024e8094c4c0, 0x0000024e973b61e0, 0x0000024e973ba7b0, 0x0000024e973bd7e0,
0x0000024e973bb8f0, 0x0000024e973bc540, 0x0000024e973bff50, 0x0000024e973c08e0,
0x0000024ede03c810, 0x0000024ede0d53b0, 0x0000024ede2eaef0, 0x0000024ede6bd550,
0x0000024ede30f210, 0x0000024edeb0efd0, 0x0000024ededd3fe0, 0x0000024edef5d3e0,
0x0000024edeed9d10, 0x0000024edf14a2b0, 0x0000024edf58f400, 0x0000024edf4f8b10,
0x0000024edf4f7760, 0x0000024edf4fabe0, 0x0000024edf4f9830, 0x0000024edf8aaa80
}

Java Threads: ( => current thread )
  0x0000024e8094c4c0 JavaThread "main"                              [_thread_blocked, id=26036, stack(0x000000fd13600000,0x000000fd13700000) (1024K)]
  0x0000024e973b61e0 JavaThread "Reference Handler"          daemon [_thread_blocked, id=20636, stack(0x000000fd13a00000,0x000000fd13b00000) (1024K)]
  0x0000024e973ba7b0 JavaThread "Finalizer"                  daemon [_thread_blocked, id=13692, stack(0x000000fd13b00000,0x000000fd13c00000) (1024K)]
  0x0000024e973bd7e0 JavaThread "Signal Dispatcher"          daemon [_thread_blocked, id=10152, stack(0x000000fd13c00000,0x000000fd13d00000) (1024K)]
  0x0000024e973bb8f0 JavaThread "Attach Listener"            daemon [_thread_blocked, id=33620, stack(0x000000fd13d00000,0x000000fd13e00000) (1024K)]
  0x0000024e973bc540 JavaThread "Service Thread"             daemon [_thread_blocked, id=26908, stack(0x000000fd13e00000,0x000000fd13f00000) (1024K)]
  0x0000024e973bff50 JavaThread "Monitor Deflation Thread"   daemon [_thread_blocked, id=34216, stack(0x000000fd13f00000,0x000000fd14000000) (1024K)]
=>0x0000024e973c08e0 JavaThread "C2 CompilerThread0"         daemon [_thread_in_native, id=6892, stack(0x000000fd14000000,0x000000fd14100000) (1024K)]
  0x0000024ede03c810 JavaThread "C1 CompilerThread0"         daemon [_thread_in_native, id=20324, stack(0x000000fd14100000,0x000000fd14200000) (1024K)]
  0x0000024ede0d53b0 JavaThread "Common-Cleaner"             daemon [_thread_blocked, id=25664, stack(0x000000fd14200000,0x000000fd14300000) (1024K)]
  0x0000024ede2eaef0 JavaThread "Notification Thread"        daemon [_thread_blocked, id=25552, stack(0x000000fd14400000,0x000000fd14500000) (1024K)]
  0x0000024ede6bd550 JavaThread "Active Thread: Equinox Container: ec755f3b-03a4-4067-8e2b-b0ef0a63d903"        [_thread_blocked, id=14124, stack(0x000000fd14c00000,0x000000fd14d00000) (1024K)]
  0x0000024ede30f210 JavaThread "Refresh Thread: Equinox Container: ec755f3b-03a4-4067-8e2b-b0ef0a63d903" daemon [_thread_blocked, id=32308, stack(0x000000fd14d00000,0x000000fd14e00000) (1024K)]
  0x0000024edeb0efd0 JavaThread "Framework Event Dispatcher: Equinox Container: ec755f3b-03a4-4067-8e2b-b0ef0a63d903" daemon [_thread_blocked, id=34132, stack(0x000000fd14f00000,0x000000fd15000000) (1024K)]
  0x0000024ededd3fe0 JavaThread "Start Level: Equinox Container: ec755f3b-03a4-4067-8e2b-b0ef0a63d903" daemon [_thread_in_vm, id=1352, stack(0x000000fd15000000,0x000000fd15100000) (1024K)]
  0x0000024edef5d3e0 JavaThread "Bundle File Closer"         daemon [_thread_blocked, id=18448, stack(0x000000fd15100000,0x000000fd15200000) (1024K)]
  0x0000024edeed9d10 JavaThread "SCR Component Actor"        daemon [_thread_blocked, id=27356, stack(0x000000fd15200000,0x000000fd15300000) (1024K)]
  0x0000024edf14a2b0 JavaThread "Worker-JM"                         [_thread_blocked, id=5316, stack(0x000000fd15300000,0x000000fd15400000) (1024K)]
  0x0000024edf58f400 JavaThread "JNA Cleaner"                daemon [_thread_blocked, id=8024, stack(0x000000fd14500000,0x000000fd14600000) (1024K)]
  0x0000024edf4f8b10 JavaThread "Worker-0"                          [_thread_blocked, id=7648, stack(0x000000fd15400000,0x000000fd15500000) (1024K)]
  0x0000024edf4f7760 JavaThread "Worker-1: Repository registry initialization"        [_thread_in_vm, id=21592, stack(0x000000fd15500000,0x000000fd15600000) (1024K)]
  0x0000024edf4fabe0 JavaThread "Java indexing"              daemon [_thread_blocked, id=18736, stack(0x000000fd15600000,0x000000fd15700000) (1024K)]
  0x0000024edf4f9830 JavaThread "Worker-2"                          [_thread_blocked, id=34296, stack(0x000000fd15700000,0x000000fd15800000) (1024K)]
  0x0000024edf8aaa80 JavaThread "C2 CompilerThread1"         daemon [_thread_in_native, id=16992, stack(0x000000fd14300000,0x000000fd14400000) (1024K)]
Total: 24

Other Threads:
  0x0000024e97391520 VMThread "VM Thread"                           [id=4824, stack(0x000000fd13900000,0x000000fd13a00000) (1024K)]
  0x0000024e972cba00 WatcherThread "VM Periodic Task Thread"        [id=26092, stack(0x000000fd13800000,0x000000fd13900000) (1024K)]
  0x0000024e8096ab10 WorkerThread "GC Thread#0"                     [id=7764, stack(0x000000fd13700000,0x000000fd13800000) (1024K)]
  0x0000024edec99120 WorkerThread "GC Thread#1"                     [id=18188, stack(0x000000fd14600000,0x000000fd14700000) (1024K)]
  0x0000024edec994c0 WorkerThread "GC Thread#2"                     [id=3508, stack(0x000000fd14700000,0x000000fd14800000) (1024K)]
  0x0000024edeb5bf30 WorkerThread "GC Thread#3"                     [id=1572, stack(0x000000fd14800000,0x000000fd14900000) (1024K)]
  0x0000024ede8c5100 WorkerThread "GC Thread#4"                     [id=29792, stack(0x000000fd14900000,0x000000fd14a00000) (1024K)]
  0x0000024edeb5c2d0 WorkerThread "GC Thread#5"                     [id=9512, stack(0x000000fd14a00000,0x000000fd14b00000) (1024K)]
  0x0000024edeb5c670 WorkerThread "GC Thread#6"                     [id=34948, stack(0x000000fd14b00000,0x000000fd14c00000) (1024K)]
  0x0000024ede310080 WorkerThread "GC Thread#7"                     [id=10848, stack(0x000000fd14e00000,0x000000fd14f00000) (1024K)]
Total: 10

Threads with active compile tasks:
C2 CompilerThread0  6513 4050       4       org.lombokweb.asm.ClassReader::readMethod (1070 bytes)
C2 CompilerThread1  6513 4238       4       java.util.HashMap::containsKey (14 bytes)
Total: 2

VM state: not at safepoint (normal execution)

VM Mutex/Monitor currently owned by a thread: None

Heap address: 0x0000000080000000, size: 2048 MB, Compressed Oops mode: 32-bit

CDS archive(s) mapped at: [0x0000024e98000000-0x0000024e98ba0000-0x0000024e98ba0000), size 12189696, SharedBaseAddress: 0x0000024e98000000, ArchiveRelocationMode: 1.
Compressed class space mapped at: 0x0000024e99000000-0x0000024ed9000000, reserved size: 1073741824
Narrow klass base: 0x0000024e98000000, Narrow klass shift: 0, Narrow klass range: 0x100000000

GC Precious Log:
 CardTable entry size: 512
 CPUs: 8 total, 8 available
 Memory: 11972M
 Large Page Support: Disabled
 NUMA Support: Disabled
 Compressed Oops: Enabled (32-bit)
 Alignments: Space 512K, Generation 512K, Heap 2M
 Heap Min Capacity: 100M
 Heap Initial Capacity: 100M
 Heap Max Capacity: 2G
 Pre-touch: Disabled
 Parallel Workers: 8

Heap:
 PSYoungGen      total 24576K, used 9120K [0x00000000d5580000, 0x00000000d7400000, 0x0000000100000000)
  eden space 23040K, 32% used [0x00000000d5580000,0x00000000d5ce93e8,0x00000000d6c00000)
  from space 1536K, 99% used [0x00000000d7200000,0x00000000d737eda0,0x00000000d7380000)
  to   space 4096K, 0% used [0x00000000d6c00000,0x00000000d6c00000,0x00000000d7000000)
 ParOldGen       total 68608K, used 14775K [0x0000000080000000, 0x0000000084300000, 0x00000000d5580000)
  object space 68608K, 21% used [0x0000000080000000,0x0000000080e6dc78,0x0000000084300000)
 Metaspace       used 29052K, committed 30080K, reserved 1114112K
  class space    used 2874K, committed 3264K, reserved 1048576K

Card table byte_map: [0x0000024e80320000,0x0000024e80730000] _byte_map_base: 0x0000024e7ff20000

Marking Bits: (ParMarkBitMap*) 0x00007ff8ab77a340
 Begin Bits: [0x0000024e92df0000, 0x0000024e94df0000)
 End Bits:   [0x0000024e94df0000, 0x0000024e96df0000)

Polling page: 0x0000024e80110000

Metaspace:

Usage:
  Non-class:     25.56 MB used.
      Class:      2.81 MB used.
       Both:     28.37 MB used.

Virtual space:
  Non-class space:       64.00 MB reserved,      26.19 MB ( 41%) committed,  1 nodes.
      Class space:        1.00 GB reserved,       3.19 MB ( <1%) committed,  1 nodes.
             Both:        1.06 GB reserved,      29.38 MB (  3%) committed. 

Chunk freelists:
   Non-Class:  5.41 MB
       Class:  12.63 MB
        Both:  18.03 MB

MaxMetaspaceSize: unlimited
CompressedClassSpaceSize: 1.00 GB
Initial GC threshold: 21.00 MB
Current GC threshold: 35.00 MB
CDS: on
 - commit_granule_bytes: 65536.
 - commit_granule_words: 8192.
 - virtual_space_node_default_size: 8388608.
 - enlarge_chunks_in_place: 1.
 - use_allocation_guard: 0.


Internal statistics:

num_allocs_failed_limit: 3.
num_arena_births: 840.
num_arena_deaths: 14.
num_vsnodes_births: 2.
num_vsnodes_deaths: 0.
num_space_committed: 470.
num_space_uncommitted: 0.
num_chunks_returned_to_freelist: 17.
num_chunks_taken_from_freelist: 2043.
num_chunk_merges: 9.
num_chunk_splits: 1314.
num_chunks_enlarged: 802.
num_inconsistent_stats: 0.

CodeHeap 'non-profiled nmethods': size=120000Kb used=1920Kb max_used=1920Kb free=118079Kb
 bounds [0x0000024e8b610000, 0x0000024e8b880000, 0x0000024e92b40000]
CodeHeap 'profiled nmethods': size=120000Kb used=8855Kb max_used=8855Kb free=111144Kb
 bounds [0x0000024e83b40000, 0x0000024e843f0000, 0x0000024e8b070000]
CodeHeap 'non-nmethods': size=5760Kb used=1335Kb max_used=1355Kb free=4424Kb
 bounds [0x0000024e8b070000, 0x0000024e8b2e0000, 0x0000024e8b610000]
CodeCache: size=245760Kb, used=12110Kb, max_used=12130Kb, free=233647Kb
 total_blobs=4876, nmethods=4246, adapters=536, full_count=0
Compilation: enabled, stopped_count=0, restarted_count=0

Compilation events (20 events):
Event: 6.413 Thread 0x0000024ede03c810 nmethod 4208 0x0000024e843cac10 code [0x0000024e843cadc0, 0x0000024e843caf70]
Event: 6.413 Thread 0x0000024ede03c810 4209       3       java.lang.ProcessEnvironment$NameComparator::compare (13 bytes)
Event: 6.413 Thread 0x0000024ede03c810 nmethod 4209 0x0000024e843cb010 code [0x0000024e843cb1c0, 0x0000024e843cb4e0]
Event: 6.415 Thread 0x0000024ede03c810 4212       2       org.eclipse.osgi.internal.debug.Debug::loaderWithClass (40 bytes)
Event: 6.416 Thread 0x0000024ede03c810 nmethod 4212 0x0000024e843cb590 code [0x0000024e843cb780, 0x0000024e843cba18]
Event: 6.417 Thread 0x0000024ede03c810 4213       2       java.util.HashSet::contains (9 bytes)
Event: 6.417 Thread 0x0000024ede03c810 nmethod 4213 0x0000024e843cbb90 code [0x0000024e843cbd40, 0x0000024e843cbe78]
Event: 6.428 Thread 0x0000024ede03c810 4214       3       java.security.MessageDigest::digest (12 bytes)
Event: 6.428 Thread 0x0000024ede03c810 nmethod 4214 0x0000024e843cbf10 code [0x0000024e843cc0c0, 0x0000024e843cc380]
Event: 6.428 Thread 0x0000024ede03c810 4215       3       java.security.MessageDigest$Delegate::engineDigest (8 bytes)
Event: 6.428 Thread 0x0000024ede03c810 nmethod 4215 0x0000024e843cc490 code [0x0000024e843cc640, 0x0000024e843cc818]
Event: 6.439 Thread 0x0000024ede03c810 4216       3       java.lang.String::<init> (99 bytes)
Event: 6.441 Thread 0x0000024ede03c810 nmethod 4216 0x0000024e843cc910 code [0x0000024e843ccd00, 0x0000024e843ce720]
Event: 6.441 Thread 0x0000024ede03c810 4217       3       java.lang.NamedPackage::<init> (59 bytes)
Event: 6.442 Thread 0x0000024ede03c810 nmethod 4217 0x0000024e843cf010 code [0x0000024e843cf2a0, 0x0000024e843cfc18]
Event: 6.461 Thread 0x0000024ede03c810 4219       3       java.lang.Character$UnicodeBlock::<init> (17 bytes)
Event: 6.461 Thread 0x0000024ede03c810 nmethod 4219 0x0000024e843d0010 code [0x0000024e843d0200, 0x0000024e843d0660]
Event: 6.461 Thread 0x0000024ede03c810 4220       3       java.lang.Character$Subset::<init> (24 bytes)
Event: 6.461 Thread 0x0000024ede03c810 nmethod 4220 0x0000024e843d0810 code [0x0000024e843d09c0, 0x0000024e843d0c48]
Event: 6.476 Thread 0x0000024ede03c810 4221       3       org.codehaus.plexus.util.xml.pull.MXParser::setNameStart (11 bytes)

GC Heap History (20 events):
Event: 2.216 GC heap before
{Heap before GC invocations=2 (full 0):
 PSYoungGen      total 29696K, used 28880K [0x00000000d5580000, 0x00000000d7680000, 0x0000000100000000)
  eden space 25600K, 100% used [0x00000000d5580000,0x00000000d6e80000,0x00000000d6e80000)
  from space 4096K, 80% used [0x00000000d6e80000,0x00000000d71b4148,0x00000000d7280000)
  to   space 4096K, 0% used [0x00000000d7280000,0x00000000d7280000,0x00000000d7680000)
 ParOldGen       total 68608K, used 16K [0x0000000080000000, 0x0000000084300000, 0x00000000d5580000)
  object space 68608K, 0% used [0x0000000080000000,0x0000000080004000,0x0000000084300000)
 Metaspace       used 7988K, committed 8256K, reserved 1114112K
  class space    used 838K, committed 960K, reserved 1048576K
}
Event: 2.223 GC heap after
{Heap after GC invocations=2 (full 0):
 PSYoungGen      total 29696K, used 4070K [0x00000000d5580000, 0x00000000d7680000, 0x0000000100000000)
  eden space 25600K, 0% used [0x00000000d5580000,0x00000000d5580000,0x00000000d6e80000)
  from space 4096K, 99% used [0x00000000d7280000,0x00000000d7679800,0x00000000d7680000)
  to   space 4096K, 0% used [0x00000000d6e80000,0x00000000d6e80000,0x00000000d7280000)
 ParOldGen       total 68608K, used 1707K [0x0000000080000000, 0x0000000084300000, 0x00000000d5580000)
  object space 68608K, 2% used [0x0000000080000000,0x00000000801aaf20,0x0000000084300000)
 Metaspace       used 7988K, committed 8256K, reserved 1114112K
  class space    used 838K, committed 960K, reserved 1048576K
}
Event: 2.674 GC heap before
{Heap before GC invocations=3 (full 0):
 PSYoungGen      total 29696K, used 29498K [0x00000000d5580000, 0x00000000d7680000, 0x0000000100000000)
  eden space 25600K, 99% used [0x00000000d5580000,0x00000000d6e551d8,0x00000000d6e80000)
  from space 4096K, 99% used [0x00000000d7280000,0x00000000d7679800,0x00000000d7680000)
  to   space 4096K, 0% used [0x00000000d6e80000,0x00000000d6e80000,0x00000000d7280000)
 ParOldGen       total 68608K, used 1707K [0x0000000080000000, 0x0000000084300000, 0x00000000d5580000)
  object space 68608K, 2% used [0x0000000080000000,0x00000000801aaf20,0x0000000084300000)
 Metaspace       used 9400K, committed 9728K, reserved 1114112K
  class space    used 1004K, committed 1152K, reserved 1048576K
}
Event: 2.680 GC heap after
{Heap after GC invocations=3 (full 0):
 PSYoungGen      total 29696K, used 4080K [0x00000000d5580000, 0x00000000d7680000, 0x0000000100000000)
  eden space 25600K, 0% used [0x00000000d5580000,0x00000000d5580000,0x00000000d6e80000)
  from space 4096K, 99% used [0x00000000d6e80000,0x00000000d727c390,0x00000000d7280000)
  to   space 4096K, 0% used [0x00000000d7280000,0x00000000d7280000,0x00000000d7680000)
 ParOldGen       total 68608K, used 4809K [0x0000000080000000, 0x0000000084300000, 0x00000000d5580000)
  object space 68608K, 7% used [0x0000000080000000,0x00000000804b24a8,0x0000000084300000)
 Metaspace       used 9400K, committed 9728K, reserved 1114112K
  class space    used 1004K, committed 1152K, reserved 1048576K
}
Event: 3.241 GC heap before
{Heap before GC invocations=4 (full 0):
 PSYoungGen      total 29696K, used 29680K [0x00000000d5580000, 0x00000000d7680000, 0x0000000100000000)
  eden space 25600K, 100% used [0x00000000d5580000,0x00000000d6e80000,0x00000000d6e80000)
  from space 4096K, 99% used [0x00000000d6e80000,0x00000000d727c390,0x00000000d7280000)
  to   space 4096K, 0% used [0x00000000d7280000,0x00000000d7280000,0x00000000d7680000)
 ParOldGen       total 68608K, used 4809K [0x0000000080000000, 0x0000000084300000, 0x00000000d5580000)
  object space 68608K, 7% used [0x0000000080000000,0x00000000804b24a8,0x0000000084300000)
 Metaspace       used 12074K, committed 12480K, reserved 1114112K
  class space    used 1291K, committed 1472K, reserved 1048576K
}
Event: 3.248 GC heap after
{Heap after GC invocations=4 (full 0):
 PSYoungGen      total 29696K, used 4095K [0x00000000d5580000, 0x00000000d7680000, 0x0000000100000000)
  eden space 25600K, 0% used [0x00000000d5580000,0x00000000d5580000,0x00000000d6e80000)
  from space 4096K, 99% used [0x00000000d7280000,0x00000000d767fe48,0x00000000d7680000)
  to   space 4096K, 0% used [0x00000000d6e80000,0x00000000d6e80000,0x00000000d7280000)
 ParOldGen       total 68608K, used 6151K [0x0000000080000000, 0x0000000084300000, 0x00000000d5580000)
  object space 68608K, 8% used [0x0000000080000000,0x0000000080601cb8,0x0000000084300000)
 Metaspace       used 12074K, committed 12480K, reserved 1114112K
  class space    used 1291K, committed 1472K, reserved 1048576K
}
Event: 4.023 GC heap before
{Heap before GC invocations=5 (full 0):
 PSYoungGen      total 29696K, used 29695K [0x00000000d5580000, 0x00000000d7680000, 0x0000000100000000)
  eden space 25600K, 100% used [0x00000000d5580000,0x00000000d6e80000,0x00000000d6e80000)
  from space 4096K, 99% used [0x00000000d7280000,0x00000000d767fe48,0x00000000d7680000)
  to   space 4096K, 0% used [0x00000000d6e80000,0x00000000d6e80000,0x00000000d7280000)
 ParOldGen       total 68608K, used 6151K [0x0000000080000000, 0x0000000084300000, 0x00000000d5580000)
  object space 68608K, 8% used [0x0000000080000000,0x0000000080601cb8,0x0000000084300000)
 Metaspace       used 16034K, committed 16640K, reserved 1114112K
  class space    used 1669K, committed 1920K, reserved 1048576K
}
Event: 4.029 GC heap after
{Heap after GC invocations=5 (full 0):
 PSYoungGen      total 29184K, used 4066K [0x00000000d5580000, 0x00000000d7a00000, 0x0000000100000000)
  eden space 25088K, 0% used [0x00000000d5580000,0x00000000d5580000,0x00000000d6e00000)
  from space 4096K, 99% used [0x00000000d6e80000,0x00000000d7278990,0x00000000d7280000)
  to   space 6144K, 0% used [0x00000000d7400000,0x00000000d7400000,0x00000000d7a00000)
 ParOldGen       total 68608K, used 7912K [0x0000000080000000, 0x0000000084300000, 0x00000000d5580000)
  object space 68608K, 11% used [0x0000000080000000,0x00000000807ba3f0,0x0000000084300000)
 Metaspace       used 16034K, committed 16640K, reserved 1114112K
  class space    used 1669K, committed 1920K, reserved 1048576K
}
Event: 4.542 GC heap before
{Heap before GC invocations=6 (full 0):
 PSYoungGen      total 29184K, used 29154K [0x00000000d5580000, 0x00000000d7a00000, 0x0000000100000000)
  eden space 25088K, 100% used [0x00000000d5580000,0x00000000d6e00000,0x00000000d6e00000)
  from space 4096K, 99% used [0x00000000d6e80000,0x00000000d7278990,0x00000000d7280000)
  to   space 6144K, 0% used [0x00000000d7400000,0x00000000d7400000,0x00000000d7a00000)
 ParOldGen       total 68608K, used 7912K [0x0000000080000000, 0x0000000084300000, 0x00000000d5580000)
  object space 68608K, 11% used [0x0000000080000000,0x00000000807ba3f0,0x0000000084300000)
 Metaspace       used 18865K, committed 19712K, reserved 1114112K
  class space    used 1995K, committed 2304K, reserved 1048576K
}
Event: 4.546 GC heap after
{Heap after GC invocations=6 (full 0):
 PSYoungGen      total 29184K, used 4400K [0x00000000d5580000, 0x00000000d7880000, 0x0000000100000000)
  eden space 24576K, 0% used [0x00000000d5580000,0x00000000d5580000,0x00000000d6d80000)
  from space 4608K, 95% used [0x00000000d7400000,0x00000000d784c388,0x00000000d7880000)
  to   space 5120K, 0% used [0x00000000d6e80000,0x00000000d6e80000,0x00000000d7380000)
 ParOldGen       total 68608K, used 7920K [0x0000000080000000, 0x0000000084300000, 0x00000000d5580000)
  object space 68608K, 11% used [0x0000000080000000,0x00000000807bc3f0,0x0000000084300000)
 Metaspace       used 18865K, committed 19712K, reserved 1114112K
  class space    used 1995K, committed 2304K, reserved 1048576K
}
Event: 4.940 GC heap before
{Heap before GC invocations=7 (full 0):
 PSYoungGen      total 29184K, used 21638K [0x00000000d5580000, 0x00000000d7880000, 0x0000000100000000)
  eden space 24576K, 70% used [0x00000000d5580000,0x00000000d6655588,0x00000000d6d80000)
  from space 4608K, 95% used [0x00000000d7400000,0x00000000d784c388,0x00000000d7880000)
  to   space 5120K, 0% used [0x00000000d6e80000,0x00000000d6e80000,0x00000000d7380000)
 ParOldGen       total 68608K, used 7920K [0x0000000080000000, 0x0000000084300000, 0x00000000d5580000)
  object space 68608K, 11% used [0x0000000080000000,0x00000000807bc3f0,0x0000000084300000)
 Metaspace       used 20575K, committed 21504K, reserved 1114112K
  class space    used 2208K, committed 2624K, reserved 1048576K
}
Event: 4.947 GC heap after
{Heap after GC invocations=7 (full 0):
 PSYoungGen      total 29184K, used 4236K [0x00000000d5580000, 0x00000000d7680000, 0x0000000100000000)
  eden space 24576K, 0% used [0x00000000d5580000,0x00000000d5580000,0x00000000d6d80000)
  from space 4608K, 91% used [0x00000000d6e80000,0x00000000d72a3378,0x00000000d7300000)
  to   space 3584K, 0% used [0x00000000d7300000,0x00000000d7300000,0x00000000d7680000)
 ParOldGen       total 68608K, used 9318K [0x0000000080000000, 0x0000000084300000, 0x00000000d5580000)
  object space 68608K, 13% used [0x0000000080000000,0x0000000080919aa0,0x0000000084300000)
 Metaspace       used 20575K, committed 21504K, reserved 1114112K
  class space    used 2208K, committed 2624K, reserved 1048576K
}
Event: 4.947 GC heap before
{Heap before GC invocations=8 (full 1):
 PSYoungGen      total 29184K, used 4236K [0x00000000d5580000, 0x00000000d7680000, 0x0000000100000000)
  eden space 24576K, 0% used [0x00000000d5580000,0x00000000d5580000,0x00000000d6d80000)
  from space 4608K, 91% used [0x00000000d6e80000,0x00000000d72a3378,0x00000000d7300000)
  to   space 3584K, 0% used [0x00000000d7300000,0x00000000d7300000,0x00000000d7680000)
 ParOldGen       total 68608K, used 9318K [0x0000000080000000, 0x0000000084300000, 0x00000000d5580000)
  object space 68608K, 13% used [0x0000000080000000,0x0000000080919aa0,0x0000000084300000)
 Metaspace       used 20575K, committed 21504K, reserved 1114112K
  class space    used 2208K, committed 2624K, reserved 1048576K
}
Event: 4.991 GC heap after
{Heap after GC invocations=8 (full 1):
 PSYoungGen      total 29184K, used 0K [0x00000000d5580000, 0x00000000d7680000, 0x0000000100000000)
  eden space 24576K, 0% used [0x00000000d5580000,0x00000000d5580000,0x00000000d6d80000)
  from space 4608K, 0% used [0x00000000d6e80000,0x00000000d6e80000,0x00000000d7300000)
  to   space 3584K, 0% used [0x00000000d7300000,0x00000000d7300000,0x00000000d7680000)
 ParOldGen       total 68608K, used 12902K [0x0000000080000000, 0x0000000084300000, 0x00000000d5580000)
  object space 68608K, 18% used [0x0000000080000000,0x0000000080c99890,0x0000000084300000)
 Metaspace       used 20562K, committed 21504K, reserved 1114112K
  class space    used 2204K, committed 2624K, reserved 1048576K
}
Event: 5.361 GC heap before
{Heap before GC invocations=9 (full 1):
 PSYoungGen      total 29184K, used 24382K [0x00000000d5580000, 0x00000000d7680000, 0x0000000100000000)
  eden space 24576K, 99% used [0x00000000d5580000,0x00000000d6d4f808,0x00000000d6d80000)
  from space 4608K, 0% used [0x00000000d6e80000,0x00000000d6e80000,0x00000000d7300000)
  to   space 3584K, 0% used [0x00000000d7300000,0x00000000d7300000,0x00000000d7680000)
 ParOldGen       total 68608K, used 12902K [0x0000000080000000, 0x0000000084300000, 0x00000000d5580000)
  object space 68608K, 18% used [0x0000000080000000,0x0000000080c99890,0x0000000084300000)
 Metaspace       used 22684K, committed 23616K, reserved 1114112K
  class space    used 2384K, committed 2752K, reserved 1048576K
}
Event: 5.362 GC heap after
{Heap after GC invocations=9 (full 1):
 PSYoungGen      total 25600K, used 1074K [0x00000000d5580000, 0x00000000d7480000, 0x0000000100000000)
  eden space 24064K, 0% used [0x00000000d5580000,0x00000000d5580000,0x00000000d6d00000)
  from space 1536K, 69% used [0x00000000d7300000,0x00000000d740ca30,0x00000000d7480000)
  to   space 2560K, 0% used [0x00000000d6f80000,0x00000000d6f80000,0x00000000d7200000)
 ParOldGen       total 68608K, used 12910K [0x0000000080000000, 0x0000000084300000, 0x00000000d5580000)
  object space 68608K, 18% used [0x0000000080000000,0x0000000080c9b890,0x0000000084300000)
 Metaspace       used 22684K, committed 23616K, reserved 1114112K
  class space    used 2384K, committed 2752K, reserved 1048576K
}
Event: 5.769 GC heap before
{Heap before GC invocations=10 (full 1):
 PSYoungGen      total 25600K, used 25138K [0x00000000d5580000, 0x00000000d7480000, 0x0000000100000000)
  eden space 24064K, 100% used [0x00000000d5580000,0x00000000d6d00000,0x00000000d6d00000)
  from space 1536K, 69% used [0x00000000d7300000,0x00000000d740ca30,0x00000000d7480000)
  to   space 2560K, 0% used [0x00000000d6f80000,0x00000000d6f80000,0x00000000d7200000)
 ParOldGen       total 68608K, used 12910K [0x0000000080000000, 0x0000000084300000, 0x00000000d5580000)
  object space 68608K, 18% used [0x0000000080000000,0x0000000080c9b890,0x0000000084300000)
 Metaspace       used 26385K, committed 27328K, reserved 1114112K
  class space    used 2654K, committed 3072K, reserved 1048576K
}
Event: 5.771 GC heap after
{Heap after GC invocations=10 (full 1):
 PSYoungGen      total 26112K, used 1216K [0x00000000d5580000, 0x00000000d7380000, 0x0000000100000000)
  eden space 23552K, 0% used [0x00000000d5580000,0x00000000d5580000,0x00000000d6c80000)
  from space 2560K, 47% used [0x00000000d6f80000,0x00000000d70b0390,0x00000000d7200000)
  to   space 1536K, 0% used [0x00000000d7200000,0x00000000d7200000,0x00000000d7380000)
 ParOldGen       total 68608K, used 12918K [0x0000000080000000, 0x0000000084300000, 0x00000000d5580000)
  object space 68608K, 18% used [0x0000000080000000,0x0000000080c9d890,0x0000000084300000)
 Metaspace       used 26385K, committed 27328K, reserved 1114112K
  class space    used 2654K, committed 3072K, reserved 1048576K
}
Event: 6.170 GC heap before
{Heap before GC invocations=11 (full 1):
 PSYoungGen      total 26112K, used 24768K [0x00000000d5580000, 0x00000000d7380000, 0x0000000100000000)
  eden space 23552K, 100% used [0x00000000d5580000,0x00000000d6c80000,0x00000000d6c80000)
  from space 2560K, 47% used [0x00000000d6f80000,0x00000000d70b0390,0x00000000d7200000)
  to   space 1536K, 0% used [0x00000000d7200000,0x00000000d7200000,0x00000000d7380000)
 ParOldGen       total 68608K, used 12918K [0x0000000080000000, 0x0000000084300000, 0x00000000d5580000)
  object space 68608K, 18% used [0x0000000080000000,0x0000000080c9d890,0x0000000084300000)
 Metaspace       used 27946K, committed 28992K, reserved 1114112K
  class space    used 2777K, committed 3200K, reserved 1048576K
}
Event: 6.173 GC heap after
{Heap after GC invocations=11 (full 1):
 PSYoungGen      total 24576K, used 1531K [0x00000000d5580000, 0x00000000d7400000, 0x0000000100000000)
  eden space 23040K, 0% used [0x00000000d5580000,0x00000000d5580000,0x00000000d6c00000)
  from space 1536K, 99% used [0x00000000d7200000,0x00000000d737eda0,0x00000000d7380000)
  to   space 4096K, 0% used [0x00000000d6c00000,0x00000000d6c00000,0x00000000d7000000)
 ParOldGen       total 68608K, used 14775K [0x0000000080000000, 0x0000000084300000, 0x00000000d5580000)
  object space 68608K, 21% used [0x0000000080000000,0x0000000080e6dc78,0x0000000084300000)
 Metaspace       used 27946K, committed 28992K, reserved 1114112K
  class space    used 2777K, committed 3200K, reserved 1048576K
}

Dll operation events (10 events):
Event: 0.014 Loaded shared library c:\Users\LOQ\.vscode\extensions\redhat.java-1.47.0-win32-x64\jre\21.0.8-win32-x86_64\bin\java.dll
Event: 0.140 Loaded shared library c:\Users\LOQ\.vscode\extensions\redhat.java-1.47.0-win32-x64\jre\21.0.8-win32-x86_64\bin\zip.dll
Event: 0.186 Loaded shared library C:\Users\LOQ\.vscode\extensions\redhat.java-1.47.0-win32-x64\jre\21.0.8-win32-x86_64\bin\instrument.dll
Event: 0.197 Loaded shared library C:\Users\LOQ\.vscode\extensions\redhat.java-1.47.0-win32-x64\jre\21.0.8-win32-x86_64\bin\net.dll
Event: 0.201 Loaded shared library C:\Users\LOQ\.vscode\extensions\redhat.java-1.47.0-win32-x64\jre\21.0.8-win32-x86_64\bin\nio.dll
Event: 0.208 Loaded shared library C:\Users\LOQ\.vscode\extensions\redhat.java-1.47.0-win32-x64\jre\21.0.8-win32-x86_64\bin\zip.dll
Event: 0.250 Loaded shared library C:\Users\LOQ\.vscode\extensions\redhat.java-1.47.0-win32-x64\jre\21.0.8-win32-x86_64\bin\jimage.dll
Event: 0.393 Loaded shared library c:\Users\LOQ\.vscode\extensions\redhat.java-1.47.0-win32-x64\jre\21.0.8-win32-x86_64\bin\verify.dll
Event: 2.229 Loaded shared library C:\Users\LOQ\AppData\Roaming\Code\User\globalStorage\redhat.java\1.47.0\config_win\org.eclipse.equinox.launcher\org.eclipse.equinox.launcher.win32.win32.x86_64_1.2.1400.v20250801-0854\eclipse_11916.dll
Event: 4.100 Loaded shared library C:\Users\LOQ\AppData\Local\Temp\jna-75566\jna7390034410070211082.dll

Deoptimization events (20 events):
Event: 6.210 Thread 0x0000024ededd3fe0 Uncommon trap: trap_request=0xffffff45 fr.pc=0x0000024e8b6fc068 relative=0x0000000000000428
Event: 6.210 Thread 0x0000024ededd3fe0 Uncommon trap: reason=unstable_if action=reinterpret pc=0x0000024e8b6fc068 method=java.lang.AbstractStringBuilder.isLatin1()Z @ 10 c2
Event: 6.210 Thread 0x0000024ededd3fe0 DEOPT PACKING pc=0x0000024e8b6fc068 sp=0x000000fd150fe5a0
Event: 6.210 Thread 0x0000024ededd3fe0 DEOPT UNPACKING pc=0x0000024e8b0c3aa2 sp=0x000000fd150fe508 mode 2
Event: 6.410 Thread 0x0000024ededd3fe0 Uncommon trap: trap_request=0xffffffc6 fr.pc=0x0000024e8b704734 relative=0x0000000000000ab4
Event: 6.410 Thread 0x0000024ededd3fe0 Uncommon trap: reason=bimorphic_or_optimized_type_check action=maybe_recompile pc=0x0000024e8b704734 method=java.util.HashMap.putVal(ILjava/lang/Object;Ljava/lang/Object;ZZ)Ljava/lang/Object; @ 56 c2
Event: 6.410 Thread 0x0000024ededd3fe0 DEOPT PACKING pc=0x0000024e8b704734 sp=0x000000fd150fdcf0
Event: 6.410 Thread 0x0000024ededd3fe0 DEOPT UNPACKING pc=0x0000024e8b0c3aa2 sp=0x000000fd150fdbf0 mode 2
Event: 6.410 Thread 0x0000024ededd3fe0 Uncommon trap: trap_request=0xffffffc6 fr.pc=0x0000024e8b704734 relative=0x0000000000000ab4
Event: 6.410 Thread 0x0000024ededd3fe0 Uncommon trap: reason=bimorphic_or_optimized_type_check action=maybe_recompile pc=0x0000024e8b704734 method=java.util.HashMap.putVal(ILjava/lang/Object;Ljava/lang/Object;ZZ)Ljava/lang/Object; @ 56 c2
Event: 6.410 Thread 0x0000024ededd3fe0 DEOPT PACKING pc=0x0000024e8b704734 sp=0x000000fd150fdcf0
Event: 6.410 Thread 0x0000024ededd3fe0 DEOPT UNPACKING pc=0x0000024e8b0c3aa2 sp=0x000000fd150fdbf0 mode 2
Event: 6.410 Thread 0x0000024ededd3fe0 Uncommon trap: trap_request=0xffffffc6 fr.pc=0x0000024e8b7047a4 relative=0x0000000000000b24
Event: 6.410 Thread 0x0000024ededd3fe0 Uncommon trap: reason=bimorphic_or_optimized_type_check action=maybe_recompile pc=0x0000024e8b7047a4 method=java.util.HashMap.putVal(ILjava/lang/Object;Ljava/lang/Object;ZZ)Ljava/lang/Object; @ 152 c2
Event: 6.410 Thread 0x0000024ededd3fe0 DEOPT PACKING pc=0x0000024e8b7047a4 sp=0x000000fd150fdcf0
Event: 6.410 Thread 0x0000024ededd3fe0 DEOPT UNPACKING pc=0x0000024e8b0c3aa2 sp=0x000000fd150fdbf8 mode 2
Event: 6.410 Thread 0x0000024ededd3fe0 Uncommon trap: trap_request=0xffffffc6 fr.pc=0x0000024e8b704734 relative=0x0000000000000ab4
Event: 6.410 Thread 0x0000024ededd3fe0 Uncommon trap: reason=bimorphic_or_optimized_type_check action=maybe_recompile pc=0x0000024e8b704734 method=java.util.HashMap.putVal(ILjava/lang/Object;Ljava/lang/Object;ZZ)Ljava/lang/Object; @ 56 c2
Event: 6.410 Thread 0x0000024ededd3fe0 DEOPT PACKING pc=0x0000024e8b704734 sp=0x000000fd150fdcf0
Event: 6.410 Thread 0x0000024ededd3fe0 DEOPT UNPACKING pc=0x0000024e8b0c3aa2 sp=0x000000fd150fdbf0 mode 2

Classes loaded (20 events):
Event: 6.410 Loading class java/lang/ProcessEnvironment$EntryComparator
Event: 6.410 Loading class java/lang/ProcessEnvironment$EntryComparator done
Event: 6.410 Loading class java/lang/ProcessEnvironment$CheckedEntrySet
Event: 6.411 Loading class java/lang/ProcessEnvironment$CheckedEntrySet done
Event: 6.411 Loading class java/lang/ProcessEnvironment$CheckedEntrySet$1
Event: 6.411 Loading class java/lang/ProcessEnvironment$CheckedEntrySet$1 done
Event: 6.411 Loading class java/lang/ProcessEnvironment$CheckedEntry
Event: 6.411 Loading class java/lang/ProcessEnvironment$CheckedEntry done
Event: 6.427 Loading class java/util/UUID$Holder
Event: 6.427 Loading class java/util/UUID$Holder done
Event: 6.440 Loading class java/util/DualPivotQuicksort
Event: 6.441 Loading class java/util/DualPivotQuicksort done
Event: 6.446 Loading class java/lang/Character$UnicodeBlock
Event: 6.448 Loading class java/lang/Character$Subset
Event: 6.448 Loading class java/lang/Character$Subset done
Event: 6.450 Loading class java/lang/Character$UnicodeBlock done
Event: 6.470 Loading class java/lang/StringIndexOutOfBoundsException
Event: 6.470 Loading class java/lang/StringIndexOutOfBoundsException done
Event: 6.474 Loading class sun/nio/fs/WindowsPath$1
Event: 6.474 Loading class sun/nio/fs/WindowsPath$1 done

Classes unloaded (7 events):
Event: 4.953 Thread 0x0000024e97391520 Unloading class 0x0000024e991aac00 'java/lang/invoke/LambdaForm$MH+0x0000024e991aac00'
Event: 4.953 Thread 0x0000024e97391520 Unloading class 0x0000024e991aa800 'java/lang/invoke/LambdaForm$MH+0x0000024e991aa800'
Event: 4.953 Thread 0x0000024e97391520 Unloading class 0x0000024e991aa400 'java/lang/invoke/LambdaForm$MH+0x0000024e991aa400'
Event: 4.953 Thread 0x0000024e97391520 Unloading class 0x0000024e991aa000 'java/lang/invoke/LambdaForm$MH+0x0000024e991aa000'
Event: 4.953 Thread 0x0000024e97391520 Unloading class 0x0000024e991a9c00 'java/lang/invoke/LambdaForm$BMH+0x0000024e991a9c00'
Event: 4.953 Thread 0x0000024e97391520 Unloading class 0x0000024e991a9800 'java/lang/invoke/LambdaForm$DMH+0x0000024e991a9800'
Event: 4.953 Thread 0x0000024e97391520 Unloading class 0x0000024e991a8400 'java/lang/invoke/LambdaForm$DMH+0x0000024e991a8400'

Classes redefined (0 events):
No events

Internal exceptions (20 events):
Event: 4.851 Thread 0x0000024ededd3fe0 Exception <a 'java/lang/NoSuchMethodError'{0x00000000d63a7a68}: 'int java.lang.invoke.DirectMethodHandle$Holder.invokeStaticInit(java.lang.Object, long, long)'> (0x00000000d63a7a68) 
thrown [s\src\hotspot\share\interpreter\linkResolver.cpp, line 773]
Event: 4.852 Thread 0x0000024ededd3fe0 Exception <a 'java/lang/NoSuchMethodError'{0x00000000d63af420}: 'int java.lang.invoke.DirectMethodHandle$Holder.invokeStaticInit(java.lang.Object, float, float)'> (0x00000000d63af420) 
thrown [s\src\hotspot\share\interpreter\linkResolver.cpp, line 773]
Event: 4.853 Thread 0x0000024ededd3fe0 Exception <a 'java/lang/NoSuchMethodError'{0x00000000d63b6dd0}: 'int java.lang.invoke.DirectMethodHandle$Holder.invokeStaticInit(java.lang.Object, double, double)'> (0x00000000d63b6dd0) 
thrown [s\src\hotspot\share\interpreter\linkResolver.cpp, line 773]
Event: 4.853 Thread 0x0000024ededd3fe0 Exception <a 'java/lang/NoSuchMethodError'{0x00000000d63bc1e8}: 'int java.lang.invoke.DirectMethodHandle$Holder.invokeStatic(java.lang.Object, long)'> (0x00000000d63bc1e8) 
thrown [s\src\hotspot\share\interpreter\linkResolver.cpp, line 773]
Event: 4.856 Thread 0x0000024ededd3fe0 Exception <a 'java/lang/NoSuchMethodError'{0x00000000d63daf50}: 'int java.lang.invoke.Invokers$Holder.linkToTargetMethod(java.lang.Object, java.lang.Object)'> (0x00000000d63daf50) 
thrown [s\src\hotspot\share\interpreter\linkResolver.cpp, line 773]
Event: 4.894 Thread 0x0000024ededd3fe0 Exception <a 'java/lang/NoSuchMethodError'{0x00000000d64c9788}: 'java.lang.Object java.lang.invoke.Invokers$Holder.invoke_MT(java.lang.Object, java.lang.Object, java.lang.Object, java.lang.Object, java.lang.Object, java.lang.Object, java.lang.Object, java.lang.Object, java.lang.Object, java.lang.Object, java.lang.Object)'> (0x00000000d64c9788) 
thrown [s\src\hotspot\share\interpreter\linkResolver.cpp, line 773]
Event: 4.916 Thread 0x0000024ededd3fe0 Exception <a 'java/lang/NoSuchMethodError'{0x00000000d65567e0}: 'java.lang.Object java.lang.invoke.Invokers$Holder.invoke_MT(java.lang.Object, java.lang.Object, java.lang.Object, java.lang.Object, java.lang.Object, java.lang.Object, java.lang.Object, java.lang.Object, java.lang.Object, java.lang.Object)'> (0x00000000d65567e0) 
thrown [s\src\hotspot\share\interpreter\linkResolver.cpp, line 773]
Event: 4.937 Thread 0x0000024ededd3fe0 Exception <a 'java/lang/NoSuchMethodError'{0x00000000d65f7148}: 'java.lang.Object java.lang.invoke.DirectMethodHandle$Holder.newInvokeSpecial(java.lang.Object, java.lang.Object, java.lang.Object, java.lang.Object, java.lang.Object, java.lang.Object, java.lang.Object)'> (0x00000000d65f7148) 
thrown [s\src\hotspot\share\interpreter\linkResolver.cpp, line 773]
Event: 5.009 Thread 0x0000024ededd3fe0 Exception <a 'java/lang/NoSuchMethodError'{0x00000000d55cbda0}: 'java.lang.Object java.lang.invoke.Invokers$Holder.invoker(java.lang.Object, java.lang.Object, java.lang.Object, java.lang.Object, java.lang.Object, java.lang.Object, java.lang.Object, java.lang.Object, java.lang.Object, java.lang.Object, java.lang.Object, java.lang.Object, java.lang.Object)'> (0x00000000d55cbda0) 
thrown [s\src\hotspot\share\interpreter\linkResolver.cpp, line 773]
Event: 5.012 Thread 0x0000024ededd3fe0 Exception <a 'java/lang/NoSuchMethodError'{0x00000000d55d6238}: 'java.lang.Object java.lang.invoke.DelegatingMethodHandle$Holder.delegate(java.lang.Object, java.lang.Object, java.lang.Object, java.lang.Object, java.lang.Object, java.lang.Object, java.lang.Object, java.lang.Object, java.lang.Object, java.lang.Object, java.lang.Object, java.lang.Object, java.lang.Object)'> (0x00000000d55d6238) 
thrown [s\src\hotspot\share\interpreter\linkResolver.cpp, line 773]
Event: 5.023 Thread 0x0000024ededd3fe0 Exception <a 'java/lang/NoSuchMethodError'{0x00000000d5658fb0}: static Lorg/eclipse/m2e/core/internal/lifecyclemapping/model/PluginExecutionMetadata;.<clinit>()V> (0x00000000d5658fb0) 
thrown [s\src\hotspot\share\prims\jni.cpp, line 1111]
Event: 5.036 Thread 0x0000024ededd3fe0 Exception <a 'java/lang/NoSuchMethodError'{0x00000000d56bf468}: static Lorg/eclipse/m2e/core/internal/lifecyclemapping/model/PluginExecutionFilter;.<clinit>()V> (0x00000000d56bf468) 
thrown [s\src\hotspot\share\prims\jni.cpp, line 1111]
Event: 5.043 Thread 0x0000024ededd3fe0 Exception <a 'java/lang/NoSuchMethodError'{0x00000000d56ef228}: static Lorg/eclipse/m2e/core/internal/project/registry/MavenProjectFacade$MavenProjectConfiguration;.<clinit>()V> (0x00000000d56ef228) 
thrown [s\src\hotspot\share\prims\jni.cpp, line 1111]
Event: 5.202 Thread 0x0000024ededd3fe0 Exception <a 'java/lang/NoSuchMethodError'{0x00000000d5b6cd50}: 'double java.lang.invoke.DirectMethodHandle$Holder.invokeStatic(java.lang.Object, java.lang.Object)'> (0x00000000d5b6cd50) 
thrown [s\src\hotspot\share\interpreter\linkResolver.cpp, line 773]
Event: 5.202 Thread 0x0000024ededd3fe0 Exception <a 'java/lang/NoSuchMethodError'{0x00000000d5b70410}: 'double java.lang.invoke.DirectMethodHandle$Holder.invokeStaticInit(java.lang.Object, java.lang.Object)'> (0x00000000d5b70410) 
thrown [s\src\hotspot\share\interpreter\linkResolver.cpp, line 773]
Event: 5.656 Thread 0x0000024ededd3fe0 Implicit null exception at 0x0000024e8b7d4275 to 0x0000024e8b7d4350
Event: 5.836 Thread 0x0000024ededd3fe0 Exception <a 'java/lang/NoSuchMethodError'{0x00000000d615ca60}: 'java.lang.Object java.lang.invoke.DirectMethodHandle$Holder.newInvokeSpecial(java.lang.Object, int, java.lang.Object, java.lang.Object)'> (0x00000000d615ca60) 
thrown [s\src\hotspot\share\interpreter\linkResolver.cpp, line 773]
Event: 6.139 Thread 0x0000024ededd3fe0 Exception <a 'java/lang/ClassNotFoundException'{0x00000000d6a3c4a0}: com/sun/org/apache/xerces/internal/impl/msg/spi/DOMMessagesProvider> (0x00000000d6a3c4a0) 
thrown [s\src\hotspot\share\classfile\systemDictionary.cpp, line 312]
Event: 6.140 Thread 0x0000024ededd3fe0 Exception <a 'java/lang/ClassNotFoundException'{0x00000000d6a4dc08}: com/sun/org/apache/xerces/internal/impl/msg/spi/XMLSerializerMessagesProvider> (0x00000000d6a4dc08) 
thrown [s\src\hotspot\share\classfile\systemDictionary.cpp, line 312]
Event: 6.141 Thread 0x0000024ededd3fe0 Exception <a 'java/lang/ClassNotFoundException'{0x00000000d6a5af28}: com/sun/org/apache/xerces/internal/impl/msg/spi/XMLMessagesProvider> (0x00000000d6a5af28) 
thrown [s\src\hotspot\share\classfile\systemDictionary.cpp, line 312]

ZGC Phase Switch (0 events):
No events

VM Operations (20 events):
Event: 4.336 Executing VM operation: HandshakeAllThreads (Deoptimize)
Event: 4.336 Executing VM operation: HandshakeAllThreads (Deoptimize) done
Event: 4.442 Executing VM operation: ICBufferFull
Event: 4.442 Executing VM operation: ICBufferFull done
Event: 4.541 Executing VM operation: ParallelGCFailedAllocation (Allocation Failure)
Event: 4.546 Executing VM operation: ParallelGCFailedAllocation (Allocation Failure) done
Event: 4.819 Executing VM operation: HandshakeAllThreads (Deoptimize)
Event: 4.819 Executing VM operation: HandshakeAllThreads (Deoptimize) done
Event: 4.940 Executing VM operation: CollectForMetadataAllocation (Metadata GC Threshold)
Event: 4.991 Executing VM operation: CollectForMetadataAllocation (Metadata GC Threshold) done
Event: 5.361 Executing VM operation: ParallelGCFailedAllocation (Allocation Failure)
Event: 5.362 Executing VM operation: ParallelGCFailedAllocation (Allocation Failure) done
Event: 5.768 Executing VM operation: ParallelGCFailedAllocation (Allocation Failure)
Event: 5.771 Executing VM operation: ParallelGCFailedAllocation (Allocation Failure) done
Event: 6.161 Executing VM operation: HandshakeAllThreads (Deoptimize)
Event: 6.161 Executing VM operation: HandshakeAllThreads (Deoptimize) done
Event: 6.170 Executing VM operation: ParallelGCFailedAllocation (Allocation Failure)
Event: 6.173 Executing VM operation: ParallelGCFailedAllocation (Allocation Failure) done
Event: 6.214 Executing VM operation: HandshakeAllThreads (Deoptimize)
Event: 6.409 Executing VM operation: HandshakeAllThreads (Deoptimize) done

Memory protections (0 events):
No events

Nmethod flushes (0 events):
No events

Events (20 events):
Event: 1.918 Thread 0x0000024e8094c4c0 Thread added: 0x0000024ede6bd550
Event: 2.215 Thread 0x0000024e8094c4c0 Thread added: 0x0000024ede30f210
Event: 2.293 Thread 0x0000024ede30f210 Thread added: 0x0000024edeb0efd0
Event: 2.300 Thread 0x0000024e8094c4c0 Thread added: 0x0000024ededd3fe0
Event: 2.473 Thread 0x0000024edebfb2c0 Thread exited: 0x0000024edebfb2c0
Event: 2.495 Thread 0x0000024ede03c810 Thread added: 0x0000024edec97b70
Event: 2.724 Thread 0x0000024ededd3fe0 Thread added: 0x0000024edef5d3e0
Event: 3.084 Thread 0x0000024ededd3fe0 Thread added: 0x0000024edeed9d10
Event: 3.654 Thread 0x0000024ededd3fe0 Thread added: 0x0000024edf14a2b0
Event: 3.684 Thread 0x0000024edec97b70 Thread exited: 0x0000024edec97b70
Event: 4.135 Thread 0x0000024ededd3fe0 Thread added: 0x0000024edf58f400
Event: 4.172 Thread 0x0000024ededd3fe0 Thread added: 0x0000024edf4f8b10
Event: 4.199 Thread 0x0000024ededd3fe0 Thread added: 0x0000024edf4f7760
Event: 5.458 Thread 0x0000024ede28b8f0 Thread exited: 0x0000024ede28b8f0
Event: 5.863 Thread 0x0000024ede03c810 Thread added: 0x0000024ede3305c0
Event: 6.183 Thread 0x0000024ededd3fe0 Thread added: 0x0000024edf4fabe0
Event: 6.184 Thread 0x0000024edf4f8b10 Thread added: 0x0000024edf4f9830
Event: 6.184 Thread 0x0000024ede03c810 Thread added: 0x0000024ede881ed0
Event: 6.411 Thread 0x0000024ede881ed0 Thread exited: 0x0000024ede881ed0
Event: 6.411 Thread 0x0000024ede3305c0 Thread exited: 0x0000024ede3305c0


Dynamic libraries:
0x00007ff7e5570000 - 0x00007ff7e557e000 	c:\Users\LOQ\.vscode\extensions\redhat.java-1.47.0-win32-x64\jre\21.0.8-win32-x86_64\bin\java.exe
0x00007ff937560000 - 0x00007ff9377c8000 	C:\WINDOWS\SYSTEM32\ntdll.dll
0x00007ff936600000 - 0x00007ff9366c9000 	C:\WINDOWS\System32\KERNEL32.DLL
0x00007ff934e80000 - 0x00007ff935272000 	C:\WINDOWS\System32\KERNELBASE.dll
0x00007ff934ca0000 - 0x00007ff934deb000 	C:\WINDOWS\System32\ucrtbase.dll
0x00007ff927fb0000 - 0x00007ff927fc8000 	c:\Users\LOQ\.vscode\extensions\redhat.java-1.47.0-win32-x64\jre\21.0.8-win32-x86_64\bin\jli.dll
0x00007ff9354c0000 - 0x00007ff935685000 	C:\WINDOWS\System32\USER32.dll
0x00007ff9348c0000 - 0x00007ff9348e7000 	C:\WINDOWS\System32\win32u.dll
0x00007ff9353b0000 - 0x00007ff9353db000 	C:\WINDOWS\System32\GDI32.dll
0x00007ff9346f0000 - 0x00007ff93481d000 	C:\WINDOWS\System32\gdi32full.dll
0x00007ff935280000 - 0x00007ff935323000 	C:\WINDOWS\System32\msvcp_win.dll
0x00007ff918120000 - 0x00007ff9183b3000 	C:\WINDOWS\WinSxS\amd64_microsoft.windows.common-controls_6595b64144ccf1df_6.0.26100.6899_none_3e0efeeae32e88c1\COMCTL32.dll
0x00007ff936300000 - 0x00007ff9363a9000 	C:\WINDOWS\System32\msvcrt.dll
0x00007ff92eeb0000 - 0x00007ff92eece000 	c:\Users\LOQ\.vscode\extensions\redhat.java-1.47.0-win32-x64\jre\21.0.8-win32-x86_64\bin\VCRUNTIME140.dll
0x00007ff936fa0000 - 0x00007ff936fcf000 	C:\WINDOWS\System32\IMM32.DLL
0x00007ff927e10000 - 0x00007ff927e1c000 	c:\Users\LOQ\.vscode\extensions\redhat.java-1.47.0-win32-x64\jre\21.0.8-win32-x86_64\bin\vcruntime140_1.dll
0x00007ff8f3570000 - 0x00007ff8f35fd000 	c:\Users\LOQ\.vscode\extensions\redhat.java-1.47.0-win32-x64\jre\21.0.8-win32-x86_64\bin\msvcp140.dll
0x00007ff8aaac0000 - 0x00007ff8ab857000 	c:\Users\LOQ\.vscode\extensions\redhat.java-1.47.0-win32-x64\jre\21.0.8-win32-x86_64\bin\server\jvm.dll
0x00007ff936070000 - 0x00007ff936124000 	C:\WINDOWS\System32\ADVAPI32.dll
0x00007ff9363b0000 - 0x00007ff936456000 	C:\WINDOWS\System32\sechost.dll
0x00007ff936460000 - 0x00007ff936578000 	C:\WINDOWS\System32\RPCRT4.dll
0x00007ff936580000 - 0x00007ff9365f4000 	C:\WINDOWS\System32\WS2_32.dll
0x00007ff926f20000 - 0x00007ff926f55000 	C:\WINDOWS\SYSTEM32\WINMM.dll
0x00007ff9343b0000 - 0x00007ff93440e000 	C:\WINDOWS\SYSTEM32\POWRPROF.dll
0x00007ff92d4a0000 - 0x00007ff92d4ab000 	C:\WINDOWS\SYSTEM32\VERSION.dll
0x00007ff934390000 - 0x00007ff9343a4000 	C:\WINDOWS\SYSTEM32\UMPDC.dll
0x00007ff9334c0000 - 0x00007ff9334db000 	C:\WINDOWS\SYSTEM32\kernel.appcore.dll
0x00007ff927bf0000 - 0x00007ff927bfa000 	c:\Users\LOQ\.vscode\extensions\redhat.java-1.47.0-win32-x64\jre\21.0.8-win32-x86_64\bin\jimage.dll
0x00007ff931440000 - 0x00007ff931682000 	C:\WINDOWS\SYSTEM32\DBGHELP.DLL
0x00007ff9370f0000 - 0x00007ff93746b000 	C:\WINDOWS\System32\combase.dll
0x00007ff9353e0000 - 0x00007ff9354b7000 	C:\WINDOWS\System32\OLEAUT32.dll
0x00007ff914ac0000 - 0x00007ff914afc000 	C:\WINDOWS\SYSTEM32\dbgcore.DLL
0x00007ff934820000 - 0x00007ff9348b8000 	C:\WINDOWS\System32\bcryptPrimitives.dll
0x00007ff91c1f0000 - 0x00007ff91c1ff000 	c:\Users\LOQ\.vscode\extensions\redhat.java-1.47.0-win32-x64\jre\21.0.8-win32-x86_64\bin\instrument.dll
0x00007ff91b8f0000 - 0x00007ff91b90f000 	c:\Users\LOQ\.vscode\extensions\redhat.java-1.47.0-win32-x64\jre\21.0.8-win32-x86_64\bin\java.dll
0x00007ff9367f0000 - 0x00007ff936f3d000 	C:\WINDOWS\System32\SHELL32.dll
0x00007ff934b30000 - 0x00007ff934c9b000 	C:\WINDOWS\System32\wintypes.dll
0x00007ff932310000 - 0x00007ff932b6d000 	C:\WINDOWS\SYSTEM32\windows.storage.dll
0x00007ff935d80000 - 0x00007ff935e72000 	C:\WINDOWS\System32\SHCORE.dll
0x00007ff935e90000 - 0x00007ff935ef2000 	C:\WINDOWS\System32\shlwapi.dll
0x00007ff934610000 - 0x00007ff934639000 	C:\WINDOWS\SYSTEM32\profapi.dll
0x00007ff91b030000 - 0x00007ff91b048000 	c:\Users\LOQ\.vscode\extensions\redhat.java-1.47.0-win32-x64\jre\21.0.8-win32-x86_64\bin\zip.dll
0x00007ff91b720000 - 0x00007ff91b730000 	C:\Users\LOQ\.vscode\extensions\redhat.java-1.47.0-win32-x64\jre\21.0.8-win32-x86_64\bin\net.dll
0x00007ff92c1a0000 - 0x00007ff92c2bf000 	C:\WINDOWS\SYSTEM32\WINHTTP.dll
0x00007ff933a30000 - 0x00007ff933a9b000 	C:\WINDOWS\system32\mswsock.dll
0x00007ff91a540000 - 0x00007ff91a556000 	C:\Users\LOQ\.vscode\extensions\redhat.java-1.47.0-win32-x64\jre\21.0.8-win32-x86_64\bin\nio.dll
0x00007ff91b020000 - 0x00007ff91b030000 	c:\Users\LOQ\.vscode\extensions\redhat.java-1.47.0-win32-x64\jre\21.0.8-win32-x86_64\bin\verify.dll
0x00007ff8fbe40000 - 0x00007ff8fbe84000 	C:\Users\LOQ\AppData\Roaming\Code\User\globalStorage\redhat.java\1.47.0\config_win\org.eclipse.equinox.launcher\org.eclipse.equinox.launcher.win32.win32.x86_64_1.2.1400.v20250801-0854\eclipse_11916.dll
0x00007ff936130000 - 0x00007ff9362c8000 	C:\WINDOWS\System32\ole32.dll
0x00007ff933ce0000 - 0x00007ff933cfb000 	C:\WINDOWS\SYSTEM32\CRYPTSP.dll
0x00007ff933420000 - 0x00007ff93345b000 	C:\WINDOWS\system32\rsaenh.dll
0x00007ff933ad0000 - 0x00007ff933afb000 	C:\WINDOWS\SYSTEM32\USERENV.dll
0x00007ff9345e0000 - 0x00007ff934606000 	C:\WINDOWS\SYSTEM32\bcrypt.dll
0x00007ff933d00000 - 0x00007ff933d0c000 	C:\WINDOWS\SYSTEM32\CRYPTBASE.dll
0x00007ff932ff0000 - 0x00007ff933024000 	C:\WINDOWS\SYSTEM32\IPHLPAPI.DLL
0x00007ff9370e0000 - 0x00007ff9370ea000 	C:\WINDOWS\System32\NSI.dll
0x00007ff8f0f00000 - 0x00007ff8f0f49000 	C:\Users\LOQ\AppData\Local\Temp\jna-75566\jna7390034410070211082.dll
0x00007ff936f90000 - 0x00007ff936f98000 	C:\WINDOWS\System32\PSAPI.DLL

JVMTI agents:
c:\Users\LOQ\.vscode\extensions\redhat.java-1.47.0-win32-x64\lombok\lombok-1.18.39-4050.jar path:c:\Users\LOQ\.vscode\extensions\redhat.java-1.47.0-win32-x64\jre\21.0.8-win32-x86_64\bin\instrument.dll, loaded, initialized, instrumentlib options:none

dbghelp: loaded successfully - version: 4.0.5 - missing functions: none
symbol engine: initialized successfully - sym options: 0x614 - pdb path: .;c:\Users\LOQ\.vscode\extensions\redhat.java-1.47.0-win32-x64\jre\21.0.8-win32-x86_64\bin;C:\WINDOWS\SYSTEM32;C:\WINDOWS\WinSxS\amd64_microsoft.windows.common-controls_6595b64144ccf1df_6.0.26100.6899_none_3e0efeeae32e88c1;c:\Users\LOQ\.vscode\extensions\redhat.java-1.47.0-win32-x64\jre\21.0.8-win32-x86_64\bin\server;C:\Users\LOQ\AppData\Roaming\Code\User\globalStorage\redhat.java\1.47.0\config_win\org.eclipse.equinox.launcher\org.eclipse.equinox.launcher.win32.win32.x86_64_1.2.1400.v20250801-0854;C:\Users\LOQ\AppData\Local\Temp\jna-75566

VM Arguments:
jvm_args: --add-modules=ALL-SYSTEM --add-opens=java.base/java.util=ALL-UNNAMED --add-opens=java.base/java.lang=ALL-UNNAMED --add-opens=java.base/sun.nio.fs=ALL-UNNAMED -Declipse.application=org.eclipse.jdt.ls.core.id1 -Dosgi.bundles.defaultStartLevel=4 -Declipse.product=org.eclipse.jdt.ls.core.product -Djava.import.generatesMetadataFilesAtProjectRoot=false -DDetectVMInstallationsJob.disabled=true -Dfile.encoding=utf8 -XX:+UseParallelGC -XX:GCTimeRatio=4 -XX:AdaptiveSizePolicyWeight=90 -Dsun.zip.disableMemoryMapping=true -Xmx2G -Xms100m -Xlog:disable -javaagent:c:\Users\LOQ\.vscode\extensions\redhat.java-1.47.0-win32-x64\lombok\lombok-1.18.39-4050.jar -XX:+HeapDumpOnOutOfMemoryError -XX:HeapDumpPath=c:\Users\LOQ\AppData\Roaming\Code\User\workspaceStorage\a7a39547a06a3b6109950431f82cb49c\redhat.java -Daether.dependencyCollector.impl=bf 
java_command: c:\Users\LOQ\.vscode\extensions\redhat.java-1.47.0-win32-x64\server\plugins\org.eclipse.equinox.launcher_1.7.100.v20251014-1222.jar -configuration c:\Users\LOQ\AppData\Roaming\Code\User\globalStorage\redhat.java\1.47.0\config_win -data c:\Users\LOQ\AppData\Roaming\Code\User\workspaceStorage\a7a39547a06a3b6109950431f82cb49c\redhat.java\jdt_ws --pipe=\\.\pipe\lsp-616ba326ec7b92957971395e7e130ddc-sock
java_class_path (initial): c:\Users\LOQ\.vscode\extensions\redhat.java-1.47.0-win32-x64\server\plugins\org.eclipse.equinox.launcher_1.7.100.v20251014-1222.jar
Launcher Type: SUN_STANDARD

[Global flags]
    uintx AdaptiveSizePolicyWeight                 = 90                                        {product} {command line}
     intx CICompilerCount                          = 4                                         {product} {ergonomic}
    uintx GCTimeRatio                              = 4                                         {product} {command line}
     bool HeapDumpOnOutOfMemoryError               = true                                   {manageable} {command line}
    ccstr HeapDumpPath                             = c:\Users\LOQ\AppData\Roaming\Code\User\workspaceStorage\a7a39547a06a3b6109950431f82cb49c\redhat.java         {manageable} {command line}
   size_t InitialHeapSize                          = 104857600                                 {product} {command line}
   size_t MaxHeapSize                              = 2147483648                                {product} {command line}
   size_t MaxNewSize                               = 715653120                                 {product} {ergonomic}
   size_t MinHeapDeltaBytes                        = 524288                                    {product} {ergonomic}
   size_t MinHeapSize                              = 104857600                                 {product} {command line}
   size_t NewSize                                  = 34603008                                  {product} {ergonomic}
    uintx NonNMethodCodeHeapSize                   = 5839372                                {pd product} {ergonomic}
    uintx NonProfiledCodeHeapSize                  = 122909434                              {pd product} {ergonomic}
   size_t OldSize                                  = 70254592                                  {product} {ergonomic}
    uintx ProfiledCodeHeapSize                     = 122909434                              {pd product} {ergonomic}
    uintx ReservedCodeCacheSize                    = 251658240                              {pd product} {ergonomic}
     bool SegmentedCodeCache                       = true                                      {product} {ergonomic}
   size_t SoftMaxHeapSize                          = 2147483648                             {manageable} {ergonomic}
     bool UseCompressedOops                        = true                           {product lp64_product} {ergonomic}
     bool UseLargePagesIndividualAllocation        = false                                  {pd product} {ergonomic}
     bool UseParallelGC                            = true                                      {product} {command line}

Logging:
Log output configuration:
 #0: stdout all=off uptime,level,tags foldmultilines=false
 #1: stderr all=off uptime,level,tags foldmultilines=false

Environment Variables:
PATH=C:\Users\LOQ\AppData\Local\Programs\Python\Python313\Scripts\;C:\Users\LOQ\AppData\Local\Programs\Python\Python313\;C:\Program Files (x86)\Common Files\Intel\Shared Libraries\redist\intel64\compiler;C:\Program Files\Common Files\Oracle\Java\javapath;C:\WINDOWS\system32;C:\WINDOWS;C:\WINDOWS\System32\Wbem;C:\WINDOWS\System32\WindowsPowerShell\v1.0\;C:\WINDOWS\System32\OpenSSH\;C:\Program Files (x86)\NVIDIA Corporation\PhysX\Common;C:\Program Files\NVIDIA Corporation\NVIDIA NvDLISR;C:\Users\LOQ\Downloads\apache-maven-3.9.9-bin\apache-maven-3.9.9\bin;C:\Program Files\Git\cmd;C:\Program Files\nodejs\;C:\ProgramData\chocolatey\bin;C:\Program Files\Maven\apache-maven-3.9.11-bin\bin;C:\flutter\bin;C:\Program Files (x86)\Microsoft SQL Server\160\DTS\Binn\;C:\Program Files (x86)\Microsoft SQL Server\160\Tools\Binn\;C:\Program Files\Microsoft SQL Server\160\Tools\Binn\;C:\Program Files\Microsoft SQL Server\Client SDK\ODBC\170\Tools\Binn\;C:\Program Files\Microsoft SQL Server\160\DTS\Binn\;C:\Users\LOQ\AppData\Local\Microsoft\WindowsApps;C:\Users\LOQ\AppData\Local\Programs\Microsoft VS Code\bin;C:\Users\LOQ\AppData\Local\GitHubDesktop\bin;D:\src\flutter_windows_3.29.2-stable\flutter\bin;C:\Users\LOQ\AppData\Roaming\npm;C:\flutter\bin;
USERNAME=LOQ
OS=Windows_NT
PROCESSOR_IDENTIFIER=AMD64 Family 25 Model 68 Stepping 1, AuthenticAMD
TMP=C:\Users\LOQ\AppData\Local\Temp
TEMP=C:\Users\LOQ\AppData\Local\Temp




Periodic native trim disabled

---------------  S Y S T E M  ---------------

OS:
 Windows 11 , 64 bit Build 26100 (10.0.26100.6725)
OS uptime: 2 days 18:16 hours
Hyper-V role detected

CPU: total 8 (initial active 8) (8 cores per cpu, 2 threads per core) family 25 model 68 stepping 1 microcode 0xa404105, cx8, cmov, fxsr, ht, mmx, 3dnowpref, sse, sse2, sse3, ssse3, sse4a, sse4.1, sse4.2, popcnt, lzcnt, tsc, tscinvbit, avx, avx2, aes, erms, clmul, bmi1, bmi2, adx, sha, fma, vzeroupper, clflush, clflushopt, hv, rdtscp, rdpid, fsrm, f16c, cet_ss
Processor Information for the first 8 processors :
  Max Mhz: 3201, Current Mhz: 2560, Mhz Limit: 3201

Memory: 4k page, system-wide physical 11972M (1185M free)
TotalPageFile size 33212M (AvailPageFile size 3M)
current process WorkingSet (physical memory assigned to process): 177M, peak: 177M
current process commit charge ("private bytes"): 304M, peak: 305M

vm_info: OpenJDK 64-Bit Server VM (21.0.8+9-LTS) for windows-amd64 JRE (21.0.8+9-LTS), built on 2025-07-15T00:00:00Z by "admin" with MS VC++ 17.7 (VS2022)

END.
