#
# There is insufficient memory for the Java Runtime Environment to continue.
# Native memory allocation (malloc) failed to allocate 957296 bytes. Error detail: Chunk::new
# Possible reasons:
#   The system is out of physical RAM or swap space
#   This process is running with CompressedOops enabled, and the Java Heap may be blocking the growth of the native heap
# Possible solutions:
#   Reduce memory load on the system
#   Increase physical memory or swap space
#   Check if swap backing store is full
#   Decrease Java heap size (-Xmx/-Xms)
#   Decrease number of Java threads
#   Decrease Java thread stack sizes (-Xss)
#   Set larger code cache with -XX:ReservedCodeCacheSize=
#   JVM is running with Unscaled Compressed Oops mode in which the Java heap is
#     placed in the first 4GB address space. The Java Heap base address is the
#     maximum limit for the native heap growth. Please use -XX:HeapBaseMinAddress
#     to set the Java Heap base and to place the Java Heap above 4GB virtual address.
# This output file may be truncated or incomplete.
#
#  Out of Memory Error (arena.cpp:168), pid=31076, tid=34912
#
# JRE version: OpenJDK Runtime Environment Temurin-21.0.8+9 (21.0.8+9) (build 21.0.8+9-LTS)
# Java VM: OpenJDK 64-Bit Server VM Temurin-21.0.8+9 (21.0.8+9-LTS, mixed mode, sharing, tiered, compressed oops, compressed class ptrs, parallel gc, windows-amd64)
# No core dump will be written. Minidumps are not enabled by default on client versions of Windows
#

---------------  S U M M A R Y ------------

Command Line: --add-modules=ALL-SYSTEM --add-opens=java.base/java.util=ALL-UNNAMED --add-opens=java.base/java.lang=ALL-UNNAMED --add-opens=java.base/sun.nio.fs=ALL-UNNAMED -Declipse.application=org.eclipse.jdt.ls.core.id1 -Dosgi.bundles.defaultStartLevel=4 -Declipse.product=org.eclipse.jdt.ls.core.product -Djava.import.generatesMetadataFilesAtProjectRoot=false -DDetectVMInstallationsJob.disabled=true -Dfile.encoding=utf8 -XX:+UseParallelGC -XX:GCTimeRatio=4 -XX:AdaptiveSizePolicyWeight=90 -Dsun.zip.disableMemoryMapping=true -Xmx2G -Xms100m -Xlog:disable -javaagent:c:\Users\LOQ\.vscode\extensions\redhat.java-1.47.0-win32-x64\lombok\lombok-1.18.39-4050.jar c:\Users\LOQ\.vscode\extensions\redhat.java-1.47.0-win32-x64\server\plugins\org.eclipse.equinox.launcher_1.7.100.v20251014-1222.jar -configuration c:\Users\LOQ\AppData\Roaming\Code\User\globalStorage\redhat.java\1.47.0\config_ss_win -data c:\Users\LOQ\AppData\Roaming\Code\User\workspaceStorage\a7a39547a06a3b6109950431f82cb49c\redhat.java\ss_ws --pipe=\\.\pipe\lsp-78aaaaf563ebd83a95c4e9b0e11638fb-sock

Host: AMD Ryzen 5 7235HS                             , 8 cores, 11G,  Windows 11 , 64 bit Build 26100 (10.0.26100.6725)
Time: Tue Nov 11 11:20:18 2025 Sri Lanka Standard Time elapsed time: 27.506762 seconds (0d 0h 0m 27s)

---------------  T H R E A D  ---------------

Current thread (0x000001d8cc942360):  JavaThread "C2 CompilerThread0" daemon [_thread_in_native, id=34912, stack(0x000000d48cf00000,0x000000d48d000000) (1024K)]


Current CompileTask:
C2:27506 11020       4       org.eclipse.core.internal.resources.MarkerWriter::save (139 bytes)

Stack: [0x000000d48cf00000,0x000000d48d000000]
Native frames: (J=compiled Java code, j=interpreted, Vv=VM code, C=native code)
V  [jvm.dll+0x6d2449]
V  [jvm.dll+0x8ae341]
V  [jvm.dll+0x8b08be]
V  [jvm.dll+0x8b0fa3]
V  [jvm.dll+0x280c96]
V  [jvm.dll+0xc581d]
V  [jvm.dll+0xc5d53]
V  [jvm.dll+0x3b9162]
V  [jvm.dll+0x1e1409]
V  [jvm.dll+0x249022]
V  [jvm.dll+0x2484af]
V  [jvm.dll+0x1c89ee]
V  [jvm.dll+0x257d4d]
V  [jvm.dll+0x2562ea]
V  [jvm.dll+0x3f2d16]
V  [jvm.dll+0x857e6b]
V  [jvm.dll+0x6d0b0d]
C  [ucrtbase.dll+0x37b0]
C  [KERNEL32.DLL+0x2e8d7]
C  [ntdll.dll+0x8c53c]


---------------  P R O C E S S  ---------------

Threads class SMR info:
_java_thread_list=0x000001d914f01d50, length=49, elements={
0x000001d8b5eccb20, 0x000001d8b5f88a10, 0x000001d8b5f8cbd0, 0x000001d8cc934740,
0x000001d8cc937740, 0x000001d8cc93b660, 0x000001d8cc93c0b0, 0x000001d8cc942360,
0x000001d8cc963a80, 0x000001d8cc96e960, 0x000001d90f5a5f60, 0x000001d914121750,
0x000001d915820c70, 0x000001d915821300, 0x000001d915821990, 0x000001d915822020,
0x000001d91581f230, 0x000001d9158226b0, 0x000001d91581ff50, 0x000001d91581f8c0,
0x000001d9158205e0, 0x000001d916a6f950, 0x000001d916a71a20, 0x000001d916a6ffe0,
0x000001d9148b2e40, 0x000001d90fc1d510, 0x000001d916a6ec30, 0x000001d916a71390,
0x000001d916a720b0, 0x000001d916a72740, 0x000001d916a6f2c0, 0x000001d916a73460,
0x000001d916a73af0, 0x000001d9144789b0, 0x000001d91447aa80, 0x000001d91447b110,
0x000001d91447a3f0, 0x000001d91447b7a0, 0x000001d914478320, 0x000001d91447be30,
0x000001d914479d60, 0x000001d914479040, 0x000001d91447cb50, 0x000001d9144796d0,
0x000001d91447d1e0, 0x000001d91447d870, 0x000001d91447df00, 0x000001d91447e590,
0x000001d91447ec20
}

Java Threads: ( => current thread )
  0x000001d8b5eccb20 JavaThread "main"                              [_thread_blocked, id=10656, stack(0x000000d48c500000,0x000000d48c600000) (1024K)]
  0x000001d8b5f88a10 JavaThread "Reference Handler"          daemon [_thread_blocked, id=7764, stack(0x000000d48c900000,0x000000d48ca00000) (1024K)]
  0x000001d8b5f8cbd0 JavaThread "Finalizer"                  daemon [_thread_blocked, id=27572, stack(0x000000d48ca00000,0x000000d48cb00000) (1024K)]
  0x000001d8cc934740 JavaThread "Signal Dispatcher"          daemon [_thread_blocked, id=7348, stack(0x000000d48cb00000,0x000000d48cc00000) (1024K)]
  0x000001d8cc937740 JavaThread "Attach Listener"            daemon [_thread_blocked, id=10792, stack(0x000000d48cc00000,0x000000d48cd00000) (1024K)]
  0x000001d8cc93b660 JavaThread "Service Thread"             daemon [_thread_blocked, id=3016, stack(0x000000d48cd00000,0x000000d48ce00000) (1024K)]
  0x000001d8cc93c0b0 JavaThread "Monitor Deflation Thread"   daemon [_thread_blocked, id=14352, stack(0x000000d48ce00000,0x000000d48cf00000) (1024K)]
=>0x000001d8cc942360 JavaThread "C2 CompilerThread0"         daemon [_thread_in_native, id=34912, stack(0x000000d48cf00000,0x000000d48d000000) (1024K)]
  0x000001d8cc963a80 JavaThread "C1 CompilerThread0"         daemon [_thread_blocked, id=27080, stack(0x000000d48d000000,0x000000d48d100000) (1024K)]
  0x000001d8cc96e960 JavaThread "Common-Cleaner"             daemon [_thread_blocked, id=34560, stack(0x000000d48d100000,0x000000d48d200000) (1024K)]
  0x000001d90f5a5f60 JavaThread "Notification Thread"        daemon [_thread_blocked, id=27332, stack(0x000000d48d300000,0x000000d48d400000) (1024K)]
  0x000001d914121750 JavaThread "JNA Cleaner"                daemon [_thread_blocked, id=35140, stack(0x000000d48e100000,0x000000d48e200000) (1024K)]
  0x000001d915820c70 JavaThread "Thread-1"                   daemon [_thread_in_native, id=13084, stack(0x000000d48e600000,0x000000d48e700000) (1024K)]
  0x000001d915821300 JavaThread "Thread-2"                   daemon [_thread_in_native, id=21408, stack(0x000000d48e700000,0x000000d48e800000) (1024K)]
  0x000001d915821990 JavaThread "Thread-3"                   daemon [_thread_in_native, id=34312, stack(0x000000d48e800000,0x000000d48e900000) (1024K)]
  0x000001d915822020 JavaThread "Thread-4"                   daemon [_thread_in_native, id=36312, stack(0x000000d48e900000,0x000000d48ea00000) (1024K)]
  0x000001d91581f230 JavaThread "Thread-5"                   daemon [_thread_in_native, id=23848, stack(0x000000d48ea00000,0x000000d48eb00000) (1024K)]
  0x000001d9158226b0 JavaThread "Thread-6"                   daemon [_thread_in_native, id=23900, stack(0x000000d48eb00000,0x000000d48ec00000) (1024K)]
  0x000001d91581ff50 JavaThread "Thread-7"                   daemon [_thread_in_native, id=35084, stack(0x000000d48ec00000,0x000000d48ed00000) (1024K)]
  0x000001d91581f8c0 JavaThread "Thread-8"                   daemon [_thread_in_native, id=27212, stack(0x000000d48ed00000,0x000000d48ee00000) (1024K)]
  0x000001d9158205e0 JavaThread "Thread-9"                   daemon [_thread_in_native, id=7476, stack(0x000000d48ee00000,0x000000d48ef00000) (1024K)]
  0x000001d916a6f950 JavaThread "pool-2-thread-1"                   [_thread_blocked, id=1560, stack(0x000000d48ef00000,0x000000d48f000000) (1024K)]
  0x000001d916a71a20 JavaThread "WorkspaceEventsHandler"            [_thread_blocked, id=27432, stack(0x000000d48f000000,0x000000d48f100000) (1024K)]
  0x000001d916a6ffe0 JavaThread "pool-1-thread-1"                   [_thread_blocked, id=26252, stack(0x000000d48f100000,0x000000d48f200000) (1024K)]
  0x000001d9148b2e40 JavaThread "C2 CompilerThread1"         daemon [_thread_in_native, id=11912, stack(0x000000d48de00000,0x000000d48df00000) (1024K)]
  0x000001d90fc1d510 JavaThread "C2 CompilerThread2"         daemon [_thread_in_native, id=25560, stack(0x000000d48e400000,0x000000d48e500000) (1024K)]
  0x000001d916a6ec30 JavaThread "Compiler Source File Reader" daemon [_thread_blocked, id=33992, stack(0x000000d48f300000,0x000000d48f400000) (1024K)]
  0x000001d916a71390 JavaThread "Compiler Source File Reader" daemon [_thread_blocked, id=35768, stack(0x000000d48f400000,0x000000d48f500000) (1024K)]
  0x000001d916a720b0 JavaThread "Compiler Source File Reader" daemon [_thread_blocked, id=34600, stack(0x000000d48f500000,0x000000d48f600000) (1024K)]
  0x000001d916a72740 JavaThread "Compiler Source File Reader" daemon [_thread_blocked, id=36424, stack(0x000000d48f600000,0x000000d48f700000) (1024K)]
  0x000001d916a6f2c0 JavaThread "Compiler Source File Reader" daemon [_thread_blocked, id=13208, stack(0x000000d48f700000,0x000000d48f800000) (1024K)]
  0x000001d916a73460 JavaThread "Compiler Source File Reader" daemon [_thread_blocked, id=25036, stack(0x000000d48f800000,0x000000d48f900000) (1024K)]
  0x000001d916a73af0 JavaThread "Compiler Processing Task"   daemon [_thread_blocked, id=17096, stack(0x000000d48f900000,0x000000d48fa00000) (1024K)]
  0x000001d9144789b0 JavaThread "LocalFile Deleter"          daemon [_thread_blocked, id=26204, stack(0x000000d48fb00000,0x000000d48fc00000) (1024K)]
  0x000001d91447aa80 JavaThread "LocalFile Deleter"          daemon [_thread_blocked, id=6492, stack(0x000000d48fc00000,0x000000d48fd00000) (1024K)]
  0x000001d91447b110 JavaThread "LocalFile Deleter"          daemon [_thread_blocked, id=34220, stack(0x000000d48fd00000,0x000000d48fe00000) (1024K)]
  0x000001d91447a3f0 JavaThread "LocalFile Deleter"          daemon [_thread_blocked, id=36104, stack(0x000000d48fe00000,0x000000d48ff00000) (1024K)]
  0x000001d91447b7a0 JavaThread "LocalFile Deleter"          daemon [_thread_blocked, id=23412, stack(0x000000d48ff00000,0x000000d490000000) (1024K)]
  0x000001d914478320 JavaThread "LocalFile Deleter"          daemon [_thread_blocked, id=20368, stack(0x000000d490000000,0x000000d490100000) (1024K)]
  0x000001d91447be30 JavaThread "LocalFile Deleter"          daemon [_thread_blocked, id=36760, stack(0x000000d490100000,0x000000d490200000) (1024K)]
  0x000001d914479d60 JavaThread "LocalFile Deleter"          daemon [_thread_blocked, id=9464, stack(0x000000d490200000,0x000000d490300000) (1024K)]
  0x000001d914479040 JavaThread "Compiler Class File Writer" daemon [_thread_blocked, id=14428, stack(0x000000d490300000,0x000000d490400000) (1024K)]
  0x000001d91447cb50 JavaThread "Compiler Class File Writer" daemon [_thread_blocked, id=2960, stack(0x000000d490400000,0x000000d490500000) (1024K)]
  0x000001d9144796d0 JavaThread "Compiler Class File Writer" daemon [_thread_blocked, id=4176, stack(0x000000d490500000,0x000000d490600000) (1024K)]
  0x000001d91447d1e0 JavaThread "Compiler Class File Writer" daemon [_thread_blocked, id=34776, stack(0x000000d490600000,0x000000d490700000) (1024K)]
  0x000001d91447d870 JavaThread "Compiler Class File Writer" daemon [_thread_blocked, id=34344, stack(0x000000d490700000,0x000000d490800000) (1024K)]
  0x000001d91447df00 JavaThread "Compiler Class File Writer" daemon [_thread_blocked, id=18744, stack(0x000000d490800000,0x000000d490900000) (1024K)]
  0x000001d91447e590 JavaThread "ForkJoinPool.commonPool-worker-1" daemon [_thread_blocked, id=8788, stack(0x000000d490900000,0x000000d490a00000) (1024K)]
  0x000001d91447ec20 JavaThread "pool-3-thread-1"                   [_thread_blocked, id=24680, stack(0x000000d490a00000,0x000000d490b00000) (1024K)]
Total: 49

Other Threads:
  0x000001d8cc932510 VMThread "VM Thread"                           [id=26288, stack(0x000000d48c800000,0x000000d48c900000) (1024K)]
  0x000001d8cc84cb20 WatcherThread "VM Periodic Task Thread"        [id=3652, stack(0x000000d48c700000,0x000000d48c800000) (1024K)]
  0x000001d8b5eea0d0 WorkerThread "GC Thread#0"                     [id=29256, stack(0x000000d48c600000,0x000000d48c700000) (1024K)]
  0x000001d90f61e8f0 WorkerThread "GC Thread#1"                     [id=28888, stack(0x000000d48d400000,0x000000d48d500000) (1024K)]
  0x000001d90fbdd9f0 WorkerThread "GC Thread#2"                     [id=29392, stack(0x000000d48d500000,0x000000d48d600000) (1024K)]
  0x000001d90fbddd90 WorkerThread "GC Thread#3"                     [id=21920, stack(0x000000d48d600000,0x000000d48d700000) (1024K)]
  0x000001d90fbde130 WorkerThread "GC Thread#4"                     [id=18892, stack(0x000000d48d700000,0x000000d48d800000) (1024K)]
  0x000001d90fbde4d0 WorkerThread "GC Thread#5"                     [id=19048, stack(0x000000d48d800000,0x000000d48d900000) (1024K)]
  0x000001d90fe1cba0 WorkerThread "GC Thread#6"                     [id=5364, stack(0x000000d48d900000,0x000000d48da00000) (1024K)]
  0x000001d90fe1d2e0 WorkerThread "GC Thread#7"                     [id=17644, stack(0x000000d48da00000,0x000000d48db00000) (1024K)]
Total: 10

Threads with active compile tasks:
C2 CompilerThread0  28169 11020       4       org.eclipse.core.internal.resources.MarkerWriter::save (139 bytes)
C2 CompilerThread1  28169 11018       4       org.eclipse.core.internal.resources.SaveManager$$Lambda/0x000001d8ce49efb8::visitElement (43 bytes)
C2 CompilerThread2  28169 11161   !   4       org.eclipse.jdt.internal.core.SearchableEnvironment::getModulesDeclaringPackage (526 bytes)
Total: 3

VM state: not at safepoint (normal execution)

VM Mutex/Monitor currently owned by a thread: None

Heap address: 0x0000000080000000, size: 2048 MB, Compressed Oops mode: 32-bit

CDS archive(s) mapped at: [0x000001d8cd000000-0x000001d8cdba0000-0x000001d8cdba0000), size 12189696, SharedBaseAddress: 0x000001d8cd000000, ArchiveRelocationMode: 1.
Compressed class space mapped at: 0x000001d8ce000000-0x000001d90e000000, reserved size: 1073741824
Narrow klass base: 0x000001d8cd000000, Narrow klass shift: 0, Narrow klass range: 0x100000000

GC Precious Log:
 CardTable entry size: 512
 CPUs: 8 total, 8 available
 Memory: 11972M
 Large Page Support: Disabled
 NUMA Support: Disabled
 Compressed Oops: Enabled (32-bit)
 Alignments: Space 512K, Generation 512K, Heap 2M
 Heap Min Capacity: 100M
 Heap Initial Capacity: 100M
 Heap Max Capacity: 2G
 Pre-touch: Disabled
 Parallel Workers: 8

Heap:
 PSYoungGen      total 6144K, used 1425K [0x00000000d5580000, 0x00000000d5c80000, 0x0000000100000000)
  eden space 5120K, 10% used [0x00000000d5580000,0x00000000d56084b8,0x00000000d5a80000)
  from space 1024K, 85% used [0x00000000d5b80000,0x00000000d5c5c010,0x00000000d5c80000)
  to   space 1024K, 0% used [0x00000000d5a80000,0x00000000d5a80000,0x00000000d5b80000)
 ParOldGen       total 198144K, used 197660K [0x0000000080000000, 0x000000008c180000, 0x00000000d5580000)
  object space 198144K, 99% used [0x0000000080000000,0x000000008c1073d0,0x000000008c180000)
 Metaspace       used 47419K, committed 48512K, reserved 1114112K
  class space    used 4437K, committed 4928K, reserved 1048576K

Card table byte_map: [0x000001d8b5880000,0x000001d8b5c90000] _byte_map_base: 0x000001d8b5480000

Marking Bits: (ParMarkBitMap*) 0x00007ff8ab77a340
 Begin Bits: [0x000001d8c8370000, 0x000001d8ca370000)
 End Bits:   [0x000001d8ca370000, 0x000001d8cc370000)

Polling page: 0x000001d8b5550000

Metaspace:

Usage:
  Non-class:     41.97 MB used.
      Class:      4.33 MB used.
       Both:     46.31 MB used.

Virtual space:
  Non-class space:       64.00 MB reserved,      42.56 MB ( 67%) committed,  1 nodes.
      Class space:        1.00 GB reserved,       4.81 MB ( <1%) committed,  1 nodes.
             Both:        1.06 GB reserved,      47.38 MB (  4%) committed. 

Chunk freelists:
   Non-Class:  4.59 MB
       Class:  11.20 MB
        Both:  15.80 MB

MaxMetaspaceSize: unlimited
CompressedClassSpaceSize: 1.00 GB
Initial GC threshold: 21.00 MB
Current GC threshold: 58.38 MB
CDS: on
 - commit_granule_bytes: 65536.
 - commit_granule_words: 8192.
 - virtual_space_node_default_size: 8388608.
 - enlarge_chunks_in_place: 1.
 - use_allocation_guard: 0.


Internal statistics:

num_allocs_failed_limit: 6.
num_arena_births: 982.
num_arena_deaths: 14.
num_vsnodes_births: 2.
num_vsnodes_deaths: 0.
num_space_committed: 758.
num_space_uncommitted: 0.
num_chunks_returned_to_freelist: 20.
num_chunks_taken_from_freelist: 3115.
num_chunk_merges: 12.
num_chunk_splits: 1929.
num_chunks_enlarged: 1144.
num_inconsistent_stats: 0.

CodeHeap 'non-profiled nmethods': size=120000Kb used=11098Kb max_used=11098Kb free=108901Kb
 bounds [0x000001d8c0b90000, 0x000001d8c1670000, 0x000001d8c80c0000]
CodeHeap 'profiled nmethods': size=120000Kb used=28019Kb max_used=28019Kb free=91980Kb
 bounds [0x000001d8b90c0000, 0x000001d8bac20000, 0x000001d8c05f0000]
CodeHeap 'non-nmethods': size=5760Kb used=1413Kb max_used=1538Kb free=4346Kb
 bounds [0x000001d8c05f0000, 0x000001d8c0860000, 0x000001d8c0b90000]
CodeCache: size=245760Kb, used=40530Kb, max_used=40655Kb, free=205227Kb
 total_blobs=11498, nmethods=10782, adapters=621, full_count=0
Compilation: enabled, stopped_count=0, restarted_count=0

Compilation events (20 events):
Event: 27.195 Thread 0x000001d8cc963a80 11042       3       org.eclipse.jdt.internal.core.NameLookup::getMemberType (57 bytes)
Event: 27.195 Thread 0x000001d8cc963a80 nmethod 11042 0x000001d8babc4810 code [0x000001d8babc4a40, 0x000001d8babc51a8]
Event: 27.195 Thread 0x000001d8cc963a80 11043       3       org.eclipse.jdt.internal.core.NameLookup::getViolatedRestriction (47 bytes)
Event: 27.196 Thread 0x000001d8cc963a80 nmethod 11043 0x000001d8babc5510 code [0x000001d8babc5760, 0x000001d8babc5d38]
Event: 27.196 Thread 0x000001d8cc963a80 11044       3       org.eclipse.jdt.internal.core.SearchableEnvironment::getExternalAnnotationPath (34 bytes)
Event: 27.196 Thread 0x000001d8cc963a80 nmethod 11044 0x000001d8babc6010 code [0x000001d8babc6200, 0x000001d8babc6588]
Event: 27.202 Thread 0x000001d8cc963a80 11045       3       org.eclipse.jdt.internal.compiler.parser.Parser::consumeClassBodyDeclarationsopt (11 bytes)
Event: 27.202 Thread 0x000001d8cc963a80 nmethod 11045 0x000001d8babc6710 code [0x000001d8babc68a0, 0x000001d8babc69b8]
Event: 27.205 Thread 0x000001d8cc963a80 11048       3       org.eclipse.jdt.internal.compiler.parser.Parser::initializeScanner (57 bytes)
Event: 27.249 Thread 0x000001d8cc963a80 nmethod 11048 0x000001d8babc6a90 code [0x000001d8babc6c40, 0x000001d8babc6e88]
Event: 27.258 Thread 0x000001d8cc963a80 11050       1       org.eclipse.jdt.internal.compiler.lookup.Binding::getAnnotationTagBits (2 bytes)
Event: 27.258 Thread 0x000001d8cc963a80 nmethod 11050 0x000001d8c162a990 code [0x000001d8c162ab20, 0x000001d8c162abf0]
Event: 27.259 Thread 0x000001d8cc963a80 11051       3       org.eclipse.jdt.internal.compiler.ast.MessageSend::registerInferenceContext (31 bytes)
Event: 27.259 Thread 0x000001d8cc963a80 nmethod 11051 0x000001d8babc6f90 code [0x000001d8babc7160, 0x000001d8babc7510]
Event: 27.356 Thread 0x000001d90fc1d510 nmethod 11035 0x000001d8c162ac90 code [0x000001d8c162b200, 0x000001d8c162e298]
Event: 27.356 Thread 0x000001d90fc1d510 11041       4       org.eclipse.jdt.internal.compiler.lookup.ModuleBinding::getAllRequiredModules (122 bytes)
Event: 27.370 Thread 0x000001d90fc1d510 nmethod 11041 0x000001d8c1630f10 code [0x000001d8c1631120, 0x000001d8c1631a28]
Event: 27.370 Thread 0x000001d90fc1d510 11031       4       org.eclipse.jdt.internal.compiler.lookup.ModuleBinding::otherRelevantModules (73 bytes)
Event: 27.390 Thread 0x000001d90fc1d510 nmethod 11031 0x000001d8c1631f90 code [0x000001d8c1632260, 0x000001d8c16332f8]
Event: 27.390 Thread 0x000001d90fc1d510 11022       4       org.eclipse.core.internal.resources.MarkerManager::save (13 bytes)

GC Heap History (20 events):
Event: 26.789 GC heap before
{Heap before GC invocations=202 (full 2):
 PSYoungGen      total 5632K, used 5216K [0x00000000d5580000, 0x00000000d5c00000, 0x0000000100000000)
  eden space 4608K, 100% used [0x00000000d5580000,0x00000000d5a00000,0x00000000d5a00000)
  from space 1024K, 59% used [0x00000000d5a00000,0x00000000d5a98040,0x00000000d5b00000)
  to   space 1024K, 0% used [0x00000000d5b00000,0x00000000d5b00000,0x00000000d5c00000)
 ParOldGen       total 183808K, used 183479K [0x0000000080000000, 0x000000008b380000, 0x00000000d5580000)
  object space 183808K, 99% used [0x0000000080000000,0x000000008b32dcb8,0x000000008b380000)
 Metaspace       used 47050K, committed 48128K, reserved 1114112K
  class space    used 4399K, committed 4928K, reserved 1048576K
}
Event: 26.791 GC heap after
{Heap after GC invocations=202 (full 2):
 PSYoungGen      total 5632K, used 832K [0x00000000d5580000, 0x00000000d5c00000, 0x0000000100000000)
  eden space 4608K, 0% used [0x00000000d5580000,0x00000000d5580000,0x00000000d5a00000)
  from space 1024K, 81% used [0x00000000d5b00000,0x00000000d5bd0000,0x00000000d5c00000)
  to   space 1024K, 0% used [0x00000000d5a00000,0x00000000d5a00000,0x00000000d5b00000)
 ParOldGen       total 184320K, used 183983K [0x0000000080000000, 0x000000008b400000, 0x00000000d5580000)
  object space 184320K, 99% used [0x0000000080000000,0x000000008b3abcf8,0x000000008b400000)
 Metaspace       used 47050K, committed 48128K, reserved 1114112K
  class space    used 4399K, committed 4928K, reserved 1048576K
}
Event: 26.802 GC heap before
{Heap before GC invocations=203 (full 2):
 PSYoungGen      total 5632K, used 5440K [0x00000000d5580000, 0x00000000d5c00000, 0x0000000100000000)
  eden space 4608K, 100% used [0x00000000d5580000,0x00000000d5a00000,0x00000000d5a00000)
  from space 1024K, 81% used [0x00000000d5b00000,0x00000000d5bd0000,0x00000000d5c00000)
  to   space 1024K, 0% used [0x00000000d5a00000,0x00000000d5a00000,0x00000000d5b00000)
 ParOldGen       total 184320K, used 183983K [0x0000000080000000, 0x000000008b400000, 0x00000000d5580000)
  object space 184320K, 99% used [0x0000000080000000,0x000000008b3abcf8,0x000000008b400000)
 Metaspace       used 47050K, committed 48128K, reserved 1114112K
  class space    used 4399K, committed 4928K, reserved 1048576K
}
Event: 26.804 GC heap after
{Heap after GC invocations=203 (full 2):
 PSYoungGen      total 5632K, used 576K [0x00000000d5580000, 0x00000000d5c00000, 0x0000000100000000)
  eden space 4608K, 0% used [0x00000000d5580000,0x00000000d5580000,0x00000000d5a00000)
  from space 1024K, 56% used [0x00000000d5a00000,0x00000000d5a90020,0x00000000d5b00000)
  to   space 1024K, 0% used [0x00000000d5b00000,0x00000000d5b00000,0x00000000d5c00000)
 ParOldGen       total 184832K, used 184672K [0x0000000080000000, 0x000000008b480000, 0x00000000d5580000)
  object space 184832K, 99% used [0x0000000080000000,0x000000008b458398,0x000000008b480000)
 Metaspace       used 47050K, committed 48128K, reserved 1114112K
  class space    used 4399K, committed 4928K, reserved 1048576K
}
Event: 26.821 GC heap before
{Heap before GC invocations=204 (full 2):
 PSYoungGen      total 5632K, used 5184K [0x00000000d5580000, 0x00000000d5c00000, 0x0000000100000000)
  eden space 4608K, 100% used [0x00000000d5580000,0x00000000d5a00000,0x00000000d5a00000)
  from space 1024K, 56% used [0x00000000d5a00000,0x00000000d5a90020,0x00000000d5b00000)
  to   space 1024K, 0% used [0x00000000d5b00000,0x00000000d5b00000,0x00000000d5c00000)
 ParOldGen       total 184832K, used 184672K [0x0000000080000000, 0x000000008b480000, 0x00000000d5580000)
  object space 184832K, 99% used [0x0000000080000000,0x000000008b458398,0x000000008b480000)
 Metaspace       used 47050K, committed 48128K, reserved 1114112K
  class space    used 4399K, committed 4928K, reserved 1048576K
}
Event: 26.824 GC heap after
{Heap after GC invocations=204 (full 2):
 PSYoungGen      total 4608K, used 1008K [0x00000000d5580000, 0x00000000d5e00000, 0x0000000100000000)
  eden space 3584K, 0% used [0x00000000d5580000,0x00000000d5580000,0x00000000d5900000)
  from space 1024K, 98% used [0x00000000d5b00000,0x00000000d5bfc010,0x00000000d5c00000)
  to   space 2048K, 0% used [0x00000000d5900000,0x00000000d5900000,0x00000000d5b00000)
 ParOldGen       total 185344K, used 185072K [0x0000000080000000, 0x000000008b500000, 0x00000000d5580000)
  object space 185344K, 99% used [0x0000000080000000,0x000000008b4bc3c8,0x000000008b500000)
 Metaspace       used 47050K, committed 48128K, reserved 1114112K
  class space    used 4399K, committed 4928K, reserved 1048576K
}
Event: 26.844 GC heap before
{Heap before GC invocations=205 (full 2):
 PSYoungGen      total 4608K, used 4592K [0x00000000d5580000, 0x00000000d5e00000, 0x0000000100000000)
  eden space 3584K, 100% used [0x00000000d5580000,0x00000000d5900000,0x00000000d5900000)
  from space 1024K, 98% used [0x00000000d5b00000,0x00000000d5bfc010,0x00000000d5c00000)
  to   space 2048K, 0% used [0x00000000d5900000,0x00000000d5900000,0x00000000d5b00000)
 ParOldGen       total 185344K, used 185072K [0x0000000080000000, 0x000000008b500000, 0x00000000d5580000)
  object space 185344K, 99% used [0x0000000080000000,0x000000008b4bc3c8,0x000000008b500000)
 Metaspace       used 47074K, committed 48128K, reserved 1114112K
  class space    used 4401K, committed 4928K, reserved 1048576K
}
Event: 26.846 GC heap after
{Heap after GC invocations=205 (full 2):
 PSYoungGen      total 4608K, used 672K [0x00000000d5580000, 0x00000000d5b80000, 0x0000000100000000)
  eden space 3584K, 0% used [0x00000000d5580000,0x00000000d5580000,0x00000000d5900000)
  from space 1024K, 65% used [0x00000000d5900000,0x00000000d59a8000,0x00000000d5a00000)
  to   space 1024K, 0% used [0x00000000d5a80000,0x00000000d5a80000,0x00000000d5b80000)
 ParOldGen       total 186368K, used 185913K [0x0000000080000000, 0x000000008b600000, 0x00000000d5580000)
  object space 186368K, 99% used [0x0000000080000000,0x000000008b58e408,0x000000008b600000)
 Metaspace       used 47074K, committed 48128K, reserved 1114112K
  class space    used 4401K, committed 4928K, reserved 1048576K
}
Event: 26.851 GC heap before
{Heap before GC invocations=206 (full 2):
 PSYoungGen      total 4608K, used 4256K [0x00000000d5580000, 0x00000000d5b80000, 0x0000000100000000)
  eden space 3584K, 100% used [0x00000000d5580000,0x00000000d5900000,0x00000000d5900000)
  from space 1024K, 65% used [0x00000000d5900000,0x00000000d59a8000,0x00000000d5a00000)
  to   space 1024K, 0% used [0x00000000d5a80000,0x00000000d5a80000,0x00000000d5b80000)
 ParOldGen       total 186368K, used 185913K [0x0000000080000000, 0x000000008b600000, 0x00000000d5580000)
  object space 186368K, 99% used [0x0000000080000000,0x000000008b58e408,0x000000008b600000)
 Metaspace       used 47084K, committed 48128K, reserved 1114112K
  class space    used 4405K, committed 4928K, reserved 1048576K
}
Event: 26.853 GC heap after
{Heap after GC invocations=206 (full 2):
 PSYoungGen      total 4096K, used 352K [0x00000000d5580000, 0x00000000d5b00000, 0x0000000100000000)
  eden space 3584K, 0% used [0x00000000d5580000,0x00000000d5580000,0x00000000d5900000)
  from space 512K, 68% used [0x00000000d5a80000,0x00000000d5ad8020,0x00000000d5b00000)
  to   space 1024K, 0% used [0x00000000d5900000,0x00000000d5900000,0x00000000d5a00000)
 ParOldGen       total 186880K, used 186502K [0x0000000080000000, 0x000000008b680000, 0x00000000d5580000)
  object space 186880K, 99% used [0x0000000080000000,0x000000008b6218e8,0x000000008b680000)
 Metaspace       used 47084K, committed 48128K, reserved 1114112K
  class space    used 4405K, committed 4928K, reserved 1048576K
}
Event: 26.889 GC heap before
{Heap before GC invocations=207 (full 2):
 PSYoungGen      total 4096K, used 3936K [0x00000000d5580000, 0x00000000d5b00000, 0x0000000100000000)
  eden space 3584K, 100% used [0x00000000d5580000,0x00000000d5900000,0x00000000d5900000)
  from space 512K, 68% used [0x00000000d5a80000,0x00000000d5ad8020,0x00000000d5b00000)
  to   space 1024K, 0% used [0x00000000d5900000,0x00000000d5900000,0x00000000d5a00000)
 ParOldGen       total 186880K, used 186502K [0x0000000080000000, 0x000000008b680000, 0x00000000d5580000)
  object space 186880K, 99% used [0x0000000080000000,0x000000008b6218e8,0x000000008b680000)
 Metaspace       used 47099K, committed 48128K, reserved 1114112K
  class space    used 4405K, committed 4928K, reserved 1048576K
}
Event: 26.891 GC heap after
{Heap after GC invocations=207 (full 2):
 PSYoungGen      total 4608K, used 992K [0x00000000d5580000, 0x00000000d5c00000, 0x0000000100000000)
  eden space 3584K, 0% used [0x00000000d5580000,0x00000000d5580000,0x00000000d5900000)
  from space 1024K, 96% used [0x00000000d5900000,0x00000000d59f8000,0x00000000d5a00000)
  to   space 1536K, 0% used [0x00000000d5a80000,0x00000000d5a80000,0x00000000d5c00000)
 ParOldGen       total 186880K, used 186782K [0x0000000080000000, 0x000000008b680000, 0x00000000d5580000)
  object space 186880K, 99% used [0x0000000080000000,0x000000008b667908,0x000000008b680000)
 Metaspace       used 47099K, committed 48128K, reserved 1114112K
  class space    used 4405K, committed 4928K, reserved 1048576K
}
Event: 26.910 GC heap before
{Heap before GC invocations=208 (full 2):
 PSYoungGen      total 4608K, used 4576K [0x00000000d5580000, 0x00000000d5c00000, 0x0000000100000000)
  eden space 3584K, 100% used [0x00000000d5580000,0x00000000d5900000,0x00000000d5900000)
  from space 1024K, 96% used [0x00000000d5900000,0x00000000d59f8000,0x00000000d5a00000)
  to   space 1536K, 0% used [0x00000000d5a80000,0x00000000d5a80000,0x00000000d5c00000)
 ParOldGen       total 186880K, used 186782K [0x0000000080000000, 0x000000008b680000, 0x00000000d5580000)
  object space 186880K, 99% used [0x0000000080000000,0x000000008b667908,0x000000008b680000)
 Metaspace       used 47099K, committed 48128K, reserved 1114112K
  class space    used 4405K, committed 4928K, reserved 1048576K
}
Event: 26.932 GC heap after
{Heap after GC invocations=208 (full 2):
 PSYoungGen      total 5632K, used 624K [0x00000000d5580000, 0x00000000d5c00000, 0x0000000100000000)
  eden space 4096K, 0% used [0x00000000d5580000,0x00000000d5580000,0x00000000d5980000)
  from space 1536K, 40% used [0x00000000d5a80000,0x00000000d5b1c010,0x00000000d5c00000)
  to   space 1024K, 0% used [0x00000000d5980000,0x00000000d5980000,0x00000000d5a80000)
 ParOldGen       total 187904K, used 187622K [0x0000000080000000, 0x000000008b780000, 0x00000000d5580000)
  object space 187904K, 99% used [0x0000000080000000,0x000000008b739948,0x000000008b780000)
 Metaspace       used 47099K, committed 48128K, reserved 1114112K
  class space    used 4405K, committed 4928K, reserved 1048576K
}
Event: 27.128 GC heap before
{Heap before GC invocations=209 (full 2):
 PSYoungGen      total 5632K, used 4720K [0x00000000d5580000, 0x00000000d5c00000, 0x0000000100000000)
  eden space 4096K, 100% used [0x00000000d5580000,0x00000000d5980000,0x00000000d5980000)
  from space 1536K, 40% used [0x00000000d5a80000,0x00000000d5b1c010,0x00000000d5c00000)
  to   space 1024K, 0% used [0x00000000d5980000,0x00000000d5980000,0x00000000d5a80000)
 ParOldGen       total 187904K, used 187622K [0x0000000080000000, 0x000000008b780000, 0x00000000d5580000)
  object space 187904K, 99% used [0x0000000080000000,0x000000008b739948,0x000000008b780000)
 Metaspace       used 47105K, committed 48128K, reserved 1114112K
  class space    used 4405K, committed 4928K, reserved 1048576K
}
Event: 27.137 GC heap after
{Heap after GC invocations=209 (full 2):
 PSYoungGen      total 5120K, used 832K [0x00000000d5580000, 0x00000000d5b80000, 0x0000000100000000)
  eden space 4096K, 0% used [0x00000000d5580000,0x00000000d5580000,0x00000000d5980000)
  from space 1024K, 81% used [0x00000000d5980000,0x00000000d5a50000,0x00000000d5a80000)
  to   space 1024K, 0% used [0x00000000d5a80000,0x00000000d5a80000,0x00000000d5b80000)
 ParOldGen       total 188416K, used 188189K [0x0000000080000000, 0x000000008b800000, 0x00000000d5580000)
  object space 188416K, 99% used [0x0000000080000000,0x000000008b7c7590,0x000000008b800000)
 Metaspace       used 47105K, committed 48128K, reserved 1114112K
  class space    used 4405K, committed 4928K, reserved 1048576K
}
Event: 27.152 GC heap before
{Heap before GC invocations=210 (full 2):
 PSYoungGen      total 5120K, used 4928K [0x00000000d5580000, 0x00000000d5b80000, 0x0000000100000000)
  eden space 4096K, 100% used [0x00000000d5580000,0x00000000d5980000,0x00000000d5980000)
  from space 1024K, 81% used [0x00000000d5980000,0x00000000d5a50000,0x00000000d5a80000)
  to   space 1024K, 0% used [0x00000000d5a80000,0x00000000d5a80000,0x00000000d5b80000)
 ParOldGen       total 188416K, used 188189K [0x0000000080000000, 0x000000008b800000, 0x00000000d5580000)
  object space 188416K, 99% used [0x0000000080000000,0x000000008b7c7590,0x000000008b800000)
 Metaspace       used 47107K, committed 48128K, reserved 1114112K
  class space    used 4405K, committed 4928K, reserved 1048576K
}
Event: 27.181 GC heap after
{Heap after GC invocations=210 (full 2):
 PSYoungGen      total 5120K, used 864K [0x00000000d5580000, 0x00000000d5c80000, 0x0000000100000000)
  eden space 4096K, 0% used [0x00000000d5580000,0x00000000d5580000,0x00000000d5980000)
  from space 1024K, 84% used [0x00000000d5a80000,0x00000000d5b58000,0x00000000d5b80000)
  to   space 1024K, 0% used [0x00000000d5980000,0x00000000d5980000,0x00000000d5a80000)
 ParOldGen       total 188928K, used 188866K [0x0000000080000000, 0x000000008b880000, 0x00000000d5580000)
  object space 188928K, 99% used [0x0000000080000000,0x000000008b870a60,0x000000008b880000)
 Metaspace       used 47107K, committed 48128K, reserved 1114112K
  class space    used 4405K, committed 4928K, reserved 1048576K
}
Event: 27.205 GC heap before
{Heap before GC invocations=211 (full 2):
 PSYoungGen      total 5120K, used 4960K [0x00000000d5580000, 0x00000000d5c80000, 0x0000000100000000)
  eden space 4096K, 100% used [0x00000000d5580000,0x00000000d5980000,0x00000000d5980000)
  from space 1024K, 84% used [0x00000000d5a80000,0x00000000d5b58000,0x00000000d5b80000)
  to   space 1024K, 0% used [0x00000000d5980000,0x00000000d5980000,0x00000000d5a80000)
 ParOldGen       total 188928K, used 188866K [0x0000000080000000, 0x000000008b880000, 0x00000000d5580000)
  object space 188928K, 99% used [0x0000000080000000,0x000000008b870a60,0x000000008b880000)
 Metaspace       used 47108K, committed 48128K, reserved 1114112K
  class space    used 4405K, committed 4928K, reserved 1048576K
}
Event: 27.249 GC heap after
{Heap after GC invocations=211 (full 2):
 PSYoungGen      total 5120K, used 544K [0x00000000d5580000, 0x00000000d5c80000, 0x0000000100000000)
  eden space 4096K, 0% used [0x00000000d5580000,0x00000000d5580000,0x00000000d5980000)
  from space 1024K, 53% used [0x00000000d5980000,0x00000000d5a08000,0x00000000d5a80000)
  to   space 1024K, 0% used [0x00000000d5b80000,0x00000000d5b80000,0x00000000d5c80000)
 ParOldGen       total 189952K, used 189537K [0x0000000080000000, 0x000000008b980000, 0x00000000d5580000)
  object space 189952K, 99% used [0x0000000080000000,0x000000008b9184f0,0x000000008b980000)
 Metaspace       used 47108K, committed 48128K, reserved 1114112K
  class space    used 4405K, committed 4928K, reserved 1048576K
}

Dll operation events (10 events):
Event: 0.020 Loaded shared library c:\Users\LOQ\.vscode\extensions\redhat.java-1.47.0-win32-x64\jre\21.0.8-win32-x86_64\bin\java.dll
Event: 0.104 Loaded shared library c:\Users\LOQ\.vscode\extensions\redhat.java-1.47.0-win32-x64\jre\21.0.8-win32-x86_64\bin\zip.dll
Event: 0.127 Loaded shared library C:\Users\LOQ\.vscode\extensions\redhat.java-1.47.0-win32-x64\jre\21.0.8-win32-x86_64\bin\instrument.dll
Event: 0.133 Loaded shared library C:\Users\LOQ\.vscode\extensions\redhat.java-1.47.0-win32-x64\jre\21.0.8-win32-x86_64\bin\net.dll
Event: 0.136 Loaded shared library C:\Users\LOQ\.vscode\extensions\redhat.java-1.47.0-win32-x64\jre\21.0.8-win32-x86_64\bin\nio.dll
Event: 0.141 Loaded shared library C:\Users\LOQ\.vscode\extensions\redhat.java-1.47.0-win32-x64\jre\21.0.8-win32-x86_64\bin\zip.dll
Event: 0.199 Loaded shared library C:\Users\LOQ\.vscode\extensions\redhat.java-1.47.0-win32-x64\jre\21.0.8-win32-x86_64\bin\jimage.dll
Event: 0.346 Loaded shared library c:\Users\LOQ\.vscode\extensions\redhat.java-1.47.0-win32-x64\jre\21.0.8-win32-x86_64\bin\verify.dll
Event: 2.145 Loaded shared library C:\Users\LOQ\AppData\Roaming\Code\User\globalStorage\redhat.java\1.47.0\config_ss_win\org.eclipse.equinox.launcher\org.eclipse.equinox.launcher.win32.win32.x86_64_1.2.1400.v20250801-0854\eclipse_11916.dll
Event: 3.523 Loaded shared library C:\Users\LOQ\AppData\Local\Temp\jna-75566\jna1070100413881005389.dll

Deoptimization events (20 events):
Event: 27.116 Thread 0x000001d914cde5e0 Uncommon trap: trap_request=0xffffffd6 fr.pc=0x000001d8c161bfbc relative=0x00000000000019bc
Event: 27.116 Thread 0x000001d914cde5e0 Uncommon trap: reason=array_check action=maybe_recompile pc=0x000001d8c161bfbc method=java.util.HashMap.keysToArray([Ljava/lang/Object;)[Ljava/lang/Object; @ 62 c2
Event: 27.116 Thread 0x000001d914cde5e0 DEOPT PACKING pc=0x000001d8c161bfbc sp=0x000000d48e3fe560
Event: 27.116 Thread 0x000001d914cde5e0 DEOPT UNPACKING pc=0x000001d8c0643aa2 sp=0x000000d48e3fe348 mode 2
Event: 27.116 Thread 0x000001d914cde5e0 Uncommon trap: trap_request=0xffffffd6 fr.pc=0x000001d8c161bfbc relative=0x00000000000019bc
Event: 27.116 Thread 0x000001d914cde5e0 Uncommon trap: reason=array_check action=maybe_recompile pc=0x000001d8c161bfbc method=java.util.HashMap.keysToArray([Ljava/lang/Object;)[Ljava/lang/Object; @ 62 c2
Event: 27.116 Thread 0x000001d914cde5e0 DEOPT PACKING pc=0x000001d8c161bfbc sp=0x000000d48e3fe560
Event: 27.116 Thread 0x000001d914cde5e0 DEOPT UNPACKING pc=0x000001d8c0643aa2 sp=0x000000d48e3fe348 mode 2
Event: 27.116 Thread 0x000001d914cde5e0 Uncommon trap: trap_request=0xffffffd6 fr.pc=0x000001d8c161bfbc relative=0x00000000000019bc
Event: 27.116 Thread 0x000001d914cde5e0 Uncommon trap: reason=array_check action=maybe_recompile pc=0x000001d8c161bfbc method=java.util.HashMap.keysToArray([Ljava/lang/Object;)[Ljava/lang/Object; @ 62 c2
Event: 27.116 Thread 0x000001d914cde5e0 DEOPT PACKING pc=0x000001d8c161bfbc sp=0x000000d48e3fe560
Event: 27.116 Thread 0x000001d914cde5e0 DEOPT UNPACKING pc=0x000001d8c0643aa2 sp=0x000000d48e3fe348 mode 2
Event: 27.116 Thread 0x000001d914cde5e0 Uncommon trap: trap_request=0xffffffd6 fr.pc=0x000001d8c16184e8 relative=0x0000000000000e88
Event: 27.116 Thread 0x000001d914cde5e0 Uncommon trap: reason=array_check action=maybe_recompile pc=0x000001d8c16184e8 method=java.util.HashMap.keysToArray([Ljava/lang/Object;)[Ljava/lang/Object; @ 62 c2
Event: 27.116 Thread 0x000001d914cde5e0 DEOPT PACKING pc=0x000001d8c16184e8 sp=0x000000d48e3fe510
Event: 27.116 Thread 0x000001d914cde5e0 DEOPT UNPACKING pc=0x000001d8c0643aa2 sp=0x000000d48e3fe340 mode 2
Event: 27.116 Thread 0x000001d914cde5e0 Uncommon trap: trap_request=0xffffffd6 fr.pc=0x000001d8c160a6a4 relative=0x0000000000000584
Event: 27.116 Thread 0x000001d914cde5e0 Uncommon trap: reason=array_check action=maybe_recompile pc=0x000001d8c160a6a4 method=java.util.HashMap.keysToArray([Ljava/lang/Object;)[Ljava/lang/Object; @ 62 c2
Event: 27.116 Thread 0x000001d914cde5e0 DEOPT PACKING pc=0x000001d8c160a6a4 sp=0x000000d48e3fe4b0
Event: 27.116 Thread 0x000001d914cde5e0 DEOPT UNPACKING pc=0x000001d8c0643aa2 sp=0x000000d48e3fe340 mode 2

Classes loaded (20 events):
Event: 25.951 Loading class java/util/concurrent/Executors$DelegatedScheduledExecutorService
Event: 25.951 Loading class java/util/concurrent/Executors$DelegatedExecutorService
Event: 25.952 Loading class java/util/concurrent/Executors$DelegatedExecutorService done
Event: 25.952 Loading class java/util/concurrent/Executors$DelegatedScheduledExecutorService done
Event: 26.118 Loading class java/util/concurrent/ConcurrentHashMap$EntrySpliterator
Event: 26.119 Loading class java/util/concurrent/ConcurrentHashMap$EntrySpliterator done
Event: 26.289 Loading class java/util/stream/Nodes$CollectorTask$OfRef
Event: 26.289 Loading class java/util/stream/Nodes$CollectorTask
Event: 26.289 Loading class java/util/stream/Nodes$CollectorTask done
Event: 26.289 Loading class java/util/stream/Nodes$CollectorTask$OfRef done
Event: 26.289 Loading class java/util/function/LongFunction
Event: 26.289 Loading class java/util/function/LongFunction done
Event: 26.290 Loading class java/util/stream/Nodes$ConcNode
Event: 26.290 Loading class java/util/stream/Nodes$AbstractConcNode
Event: 26.290 Loading class java/util/stream/Nodes$AbstractConcNode done
Event: 26.290 Loading class java/util/stream/Nodes$ConcNode done
Event: 26.295 Loading class java/util/zip/Deflater
Event: 26.295 Loading class java/util/zip/Deflater done
Event: 26.296 Loading class java/util/zip/Deflater$DeflaterZStreamRef
Event: 26.297 Loading class java/util/zip/Deflater$DeflaterZStreamRef done

Classes unloaded (7 events):
Event: 4.263 Thread 0x000001d8cc932510 Unloading class 0x000001d8ce191400 'java/lang/invoke/LambdaForm$MH+0x000001d8ce191400'
Event: 4.263 Thread 0x000001d8cc932510 Unloading class 0x000001d8ce191000 'java/lang/invoke/LambdaForm$MH+0x000001d8ce191000'
Event: 4.263 Thread 0x000001d8cc932510 Unloading class 0x000001d8ce190c00 'java/lang/invoke/LambdaForm$MH+0x000001d8ce190c00'
Event: 4.263 Thread 0x000001d8cc932510 Unloading class 0x000001d8ce190800 'java/lang/invoke/LambdaForm$MH+0x000001d8ce190800'
Event: 4.263 Thread 0x000001d8cc932510 Unloading class 0x000001d8ce190400 'java/lang/invoke/LambdaForm$BMH+0x000001d8ce190400'
Event: 4.263 Thread 0x000001d8cc932510 Unloading class 0x000001d8ce190000 'java/lang/invoke/LambdaForm$DMH+0x000001d8ce190000'
Event: 4.263 Thread 0x000001d8cc932510 Unloading class 0x000001d8ce18ec00 'java/lang/invoke/LambdaForm$DMH+0x000001d8ce18ec00'

Classes redefined (0 events):
No events

Internal exceptions (20 events):
Event: 20.715 Thread 0x000001d91447be30 Exception <a 'sun/nio/fs/WindowsException'{0x00000000d57b36c0}> (0x00000000d57b36c0) 
thrown [s\src\hotspot\share\prims\jni.cpp, line 520]
Event: 20.732 Thread 0x000001d91447be30 Exception <a 'sun/nio/fs/WindowsException'{0x00000000d57b5d10}> (0x00000000d57b5d10) 
thrown [s\src\hotspot\share\prims\jni.cpp, line 520]
Event: 20.794 Thread 0x000001d91447be30 Exception <a 'sun/nio/fs/WindowsException'{0x00000000d5730808}> (0x00000000d5730808) 
thrown [s\src\hotspot\share\prims\jni.cpp, line 520]
Event: 21.103 Thread 0x000001d916a70670 Implicit null exception at 0x000001d8c0dab3da to 0x000001d8c0dab3f1
Event: 21.655 Thread 0x000001d916a70670 Exception <a 'java/lang/NoSuchMethodError'{0x00000000d60962c8}: 'java.lang.Object java.lang.invoke.DirectMethodHandle$Holder.newInvokeSpecial(java.lang.Object, java.lang.Object, int, int, java.lang.Object)'> (0x00000000d60962c8) 
thrown [s\src\hotspot\share\interpreter\linkResolver.cpp, line 773]
Event: 21.961 Thread 0x000001d914cde5e0 Exception <a 'java/lang/NoSuchMethodError'{0x00000000d5c15880}: 'void java.lang.invoke.DirectMethodHandle$Holder.invokeVirtual(java.lang.Object, java.lang.Object, java.lang.Object, java.lang.Object, java.lang.Object)'> (0x00000000d5c15880) 
thrown [s\src\hotspot\share\interpreter\linkResolver.cpp, line 773]
Event: 23.540 Thread 0x000001d916a70670 Exception <a 'sun/nio/fs/WindowsException'{0x00000000d57fff68}> (0x00000000d57fff68) 
thrown [s\src\hotspot\share\prims\jni.cpp, line 520]
Event: 23.540 Thread 0x000001d916a70670 Exception <a 'sun/nio/fs/WindowsException'{0x00000000d581e068}> (0x00000000d581e068) 
thrown [s\src\hotspot\share\prims\jni.cpp, line 520]
Event: 25.875 Thread 0x000001d916a6ffe0 Exception <a 'java/lang/NoSuchMethodError'{0x00000000d567cfb8}: 'void java.lang.invoke.DirectMethodHandle$Holder.invokeInterface(java.lang.Object, java.lang.Object)'> (0x00000000d567cfb8) 
thrown [s\src\hotspot\share\interpreter\linkResolver.cpp, line 773]
Event: 25.903 Thread 0x000001d914cde5e0 Exception <a 'java/io/IOException'{0x00000000d564bf90}> (0x00000000d564bf90) 
thrown [s\src\hotspot\share\prims\jni.cpp, line 520]
Event: 25.913 Thread 0x000001d914cde5e0 Exception <a 'java/lang/ClassNotFoundException'{0x00000000d572be88}: sun/util/logging/resources/spi/loggingProvider> (0x00000000d572be88) 
thrown [s\src\hotspot\share\classfile\systemDictionary.cpp, line 312]
Event: 26.001 Thread 0x000001d914ad3fd0 Implicit null exception at 0x000001d8c117c606 to 0x000001d8c117c7bc
Event: 26.023 Thread 0x000001d914cde5e0 Exception <a 'java/io/IOException'{0x00000000d56a3210}> (0x00000000d56a3210) 
thrown [s\src\hotspot\share\prims\jni.cpp, line 520]
Event: 26.098 Thread 0x000001d914cde5e0 Exception <a 'java/io/IOException'{0x00000000d5822078}> (0x00000000d5822078) 
thrown [s\src\hotspot\share\prims\jni.cpp, line 520]
Event: 26.151 Thread 0x000001d914cde5e0 Exception <a 'java/io/IOException'{0x00000000d57f60c8}> (0x00000000d57f60c8) 
thrown [s\src\hotspot\share\prims\jni.cpp, line 520]
Event: 26.213 Thread 0x000001d914ad3fd0 Implicit null exception at 0x000001d8c12a99cb to 0x000001d8c12aa80c
Event: 26.784 Thread 0x000001d914cde5e0 Exception <a 'java/io/IOException'{0x00000000d587d6d0}> (0x00000000d587d6d0) 
thrown [s\src\hotspot\share\prims\jni.cpp, line 520]
Event: 26.842 Thread 0x000001d914ad3fd0 Exception <a 'java/lang/NoSuchMethodError'{0x00000000d580f460}: 'java.lang.Object java.lang.invoke.DirectMethodHandle$Holder.newInvokeSpecial(java.lang.Object, java.lang.Object, java.lang.Object, java.lang.Object, java.lang.Object, java.lang.Object, java.lang.Object, java.lang.Object, java.lang.Object, java.lang.Object)'> (0x00000000d580f460) 
thrown [s\src\hotspot\share\interpreter\linkResolver.cpp, line 773]
Event: 26.855 Thread 0x000001d91447f2b0 Implicit null exception at 0x000001d8c15d50f5 to 0x000001d8c15d6284
Event: 27.108 Thread 0x000001d914cde5e0 Exception <a 'java/io/IOException'{0x00000000d558ec70}> (0x00000000d558ec70) 
thrown [s\src\hotspot\share\prims\jni.cpp, line 520]

ZGC Phase Switch (0 events):
No events

VM Operations (20 events):
Event: 26.789 Executing VM operation: ParallelGCFailedAllocation (Allocation Failure)
Event: 26.791 Executing VM operation: ParallelGCFailedAllocation (Allocation Failure) done
Event: 26.802 Executing VM operation: ParallelGCFailedAllocation (Allocation Failure)
Event: 26.804 Executing VM operation: ParallelGCFailedAllocation (Allocation Failure) done
Event: 26.821 Executing VM operation: ParallelGCFailedAllocation (Allocation Failure)
Event: 26.824 Executing VM operation: ParallelGCFailedAllocation (Allocation Failure) done
Event: 26.844 Executing VM operation: ParallelGCFailedAllocation (Allocation Failure)
Event: 26.846 Executing VM operation: ParallelGCFailedAllocation (Allocation Failure) done
Event: 26.851 Executing VM operation: ParallelGCFailedAllocation (Allocation Failure)
Event: 26.853 Executing VM operation: ParallelGCFailedAllocation (Allocation Failure) done
Event: 26.889 Executing VM operation: ParallelGCFailedAllocation (Allocation Failure)
Event: 26.891 Executing VM operation: ParallelGCFailedAllocation (Allocation Failure) done
Event: 26.910 Executing VM operation: ParallelGCFailedAllocation (Allocation Failure)
Event: 26.932 Executing VM operation: ParallelGCFailedAllocation (Allocation Failure) done
Event: 27.128 Executing VM operation: ParallelGCFailedAllocation (Allocation Failure)
Event: 27.137 Executing VM operation: ParallelGCFailedAllocation (Allocation Failure) done
Event: 27.152 Executing VM operation: ParallelGCFailedAllocation (Allocation Failure)
Event: 27.181 Executing VM operation: ParallelGCFailedAllocation (Allocation Failure) done
Event: 27.205 Executing VM operation: ParallelGCFailedAllocation (Allocation Failure)
Event: 27.249 Executing VM operation: ParallelGCFailedAllocation (Allocation Failure) done

Memory protections (0 events):
No events

Nmethod flushes (20 events):
Event: 8.597 Thread 0x000001d8cc932510 flushing  nmethod 0x000001d8b9546310
Event: 8.597 Thread 0x000001d8cc932510 flushing  nmethod 0x000001d8b9547d10
Event: 8.597 Thread 0x000001d8cc932510 flushing  nmethod 0x000001d8b9549010
Event: 8.597 Thread 0x000001d8cc932510 flushing  nmethod 0x000001d8b9549c10
Event: 8.597 Thread 0x000001d8cc932510 flushing  nmethod 0x000001d8b954a410
Event: 8.597 Thread 0x000001d8cc932510 flushing  nmethod 0x000001d8b954a790
Event: 8.597 Thread 0x000001d8cc932510 flushing  nmethod 0x000001d8b954c510
Event: 8.597 Thread 0x000001d8cc932510 flushing  nmethod 0x000001d8b954ee10
Event: 8.597 Thread 0x000001d8cc932510 flushing  nmethod 0x000001d8b9562f10
Event: 8.597 Thread 0x000001d8cc932510 flushing  nmethod 0x000001d8b9578f10
Event: 8.597 Thread 0x000001d8cc932510 flushing  nmethod 0x000001d8b957cb10
Event: 8.597 Thread 0x000001d8cc932510 flushing  nmethod 0x000001d8b957ce90
Event: 8.597 Thread 0x000001d8cc932510 flushing  nmethod 0x000001d8b95b0690
Event: 8.597 Thread 0x000001d8cc932510 flushing  nmethod 0x000001d8b95b0a90
Event: 8.597 Thread 0x000001d8cc932510 flushing  nmethod 0x000001d8b95b8f90
Event: 8.597 Thread 0x000001d8cc932510 flushing  nmethod 0x000001d8b95b9d90
Event: 8.597 Thread 0x000001d8cc932510 flushing  nmethod 0x000001d8b95bf290
Event: 8.597 Thread 0x000001d8cc932510 flushing  nmethod 0x000001d8b95bf790
Event: 8.597 Thread 0x000001d8cc932510 flushing  nmethod 0x000001d8b95c4110
Event: 8.597 Thread 0x000001d8cc932510 flushing  nmethod 0x000001d8b95caa10

Events (20 events):
Event: 19.658 Thread 0x000001d916a70670 Thread added: 0x000001d914477c90
Event: 20.502 Thread 0x000001d916a70670 Thread added: 0x000001d9144789b0
Event: 20.509 Thread 0x000001d9144789b0 Thread added: 0x000001d91447aa80
Event: 20.536 Thread 0x000001d9144789b0 Thread added: 0x000001d91447b110
Event: 20.536 Thread 0x000001d91447aa80 Thread added: 0x000001d91447a3f0
Event: 20.539 Thread 0x000001d9144789b0 Thread added: 0x000001d91447b7a0
Event: 20.553 Thread 0x000001d91447a3f0 Thread added: 0x000001d914478320
Event: 20.553 Thread 0x000001d91447a3f0 Thread added: 0x000001d91447be30
Event: 20.556 Thread 0x000001d9144789b0 Thread added: 0x000001d914479d60
Event: 21.656 Thread 0x000001d916a70670 Thread added: 0x000001d914479040
Event: 21.656 Thread 0x000001d916a70670 Thread added: 0x000001d91447cb50
Event: 21.656 Thread 0x000001d916a70670 Thread added: 0x000001d9144796d0
Event: 21.656 Thread 0x000001d916a70670 Thread added: 0x000001d91447d1e0
Event: 21.731 Thread 0x000001d916a70670 Thread added: 0x000001d91447d870
Event: 21.732 Thread 0x000001d916a70670 Thread added: 0x000001d91447df00
Event: 25.872 Thread 0x000001d916a6ffe0 Thread added: 0x000001d91447e590
Event: 25.957 Thread 0x000001d916a6ffe0 Thread added: 0x000001d91447ec20
Event: 26.287 Thread 0x000001d914ad3fd0 Thread added: 0x000001d91447f2b0
Event: 26.320 Thread 0x000001d91447f2b0 Thread exited: 0x000001d91447f2b0
Event: 26.848 Thread 0x000001d914ad3fd0 Thread added: 0x000001d91447f2b0


Dynamic libraries:
0x00007ff7e5570000 - 0x00007ff7e557e000 	c:\Users\LOQ\.vscode\extensions\redhat.java-1.47.0-win32-x64\jre\21.0.8-win32-x86_64\bin\java.exe
0x00007ff937560000 - 0x00007ff9377c8000 	C:\WINDOWS\SYSTEM32\ntdll.dll
0x00007ff936600000 - 0x00007ff9366c9000 	C:\WINDOWS\System32\KERNEL32.DLL
0x00007ff934e80000 - 0x00007ff935272000 	C:\WINDOWS\System32\KERNELBASE.dll
0x00007ff934ca0000 - 0x00007ff934deb000 	C:\WINDOWS\System32\ucrtbase.dll
0x00007ff92eeb0000 - 0x00007ff92eec8000 	c:\Users\LOQ\.vscode\extensions\redhat.java-1.47.0-win32-x64\jre\21.0.8-win32-x86_64\bin\jli.dll
0x00007ff92c790000 - 0x00007ff92c7ae000 	c:\Users\LOQ\.vscode\extensions\redhat.java-1.47.0-win32-x64\jre\21.0.8-win32-x86_64\bin\VCRUNTIME140.dll
0x00007ff9354c0000 - 0x00007ff935685000 	C:\WINDOWS\System32\USER32.dll
0x00007ff9348c0000 - 0x00007ff9348e7000 	C:\WINDOWS\System32\win32u.dll
0x00007ff9353b0000 - 0x00007ff9353db000 	C:\WINDOWS\System32\GDI32.dll
0x00007ff918120000 - 0x00007ff9183b3000 	C:\WINDOWS\WinSxS\amd64_microsoft.windows.common-controls_6595b64144ccf1df_6.0.26100.6899_none_3e0efeeae32e88c1\COMCTL32.dll
0x00007ff936300000 - 0x00007ff9363a9000 	C:\WINDOWS\System32\msvcrt.dll
0x00007ff9346f0000 - 0x00007ff93481d000 	C:\WINDOWS\System32\gdi32full.dll
0x00007ff935280000 - 0x00007ff935323000 	C:\WINDOWS\System32\msvcp_win.dll
0x00007ff936fa0000 - 0x00007ff936fcf000 	C:\WINDOWS\System32\IMM32.DLL
0x00007ff92c780000 - 0x00007ff92c78c000 	c:\Users\LOQ\.vscode\extensions\redhat.java-1.47.0-win32-x64\jre\21.0.8-win32-x86_64\bin\vcruntime140_1.dll
0x00007ff8ea940000 - 0x00007ff8ea9cd000 	c:\Users\LOQ\.vscode\extensions\redhat.java-1.47.0-win32-x64\jre\21.0.8-win32-x86_64\bin\msvcp140.dll
0x00007ff8aaac0000 - 0x00007ff8ab857000 	c:\Users\LOQ\.vscode\extensions\redhat.java-1.47.0-win32-x64\jre\21.0.8-win32-x86_64\bin\server\jvm.dll
0x00007ff936070000 - 0x00007ff936124000 	C:\WINDOWS\System32\ADVAPI32.dll
0x00007ff9363b0000 - 0x00007ff936456000 	C:\WINDOWS\System32\sechost.dll
0x00007ff936460000 - 0x00007ff936578000 	C:\WINDOWS\System32\RPCRT4.dll
0x00007ff936580000 - 0x00007ff9365f4000 	C:\WINDOWS\System32\WS2_32.dll
0x00007ff9343b0000 - 0x00007ff93440e000 	C:\WINDOWS\SYSTEM32\POWRPROF.dll
0x00007ff926f20000 - 0x00007ff926f55000 	C:\WINDOWS\SYSTEM32\WINMM.dll
0x00007ff92d4a0000 - 0x00007ff92d4ab000 	C:\WINDOWS\SYSTEM32\VERSION.dll
0x00007ff934390000 - 0x00007ff9343a4000 	C:\WINDOWS\SYSTEM32\UMPDC.dll
0x00007ff9334c0000 - 0x00007ff9334db000 	C:\WINDOWS\SYSTEM32\kernel.appcore.dll
0x00007ff927fc0000 - 0x00007ff927fca000 	c:\Users\LOQ\.vscode\extensions\redhat.java-1.47.0-win32-x64\jre\21.0.8-win32-x86_64\bin\jimage.dll
0x00007ff931440000 - 0x00007ff931682000 	C:\WINDOWS\SYSTEM32\DBGHELP.DLL
0x00007ff9370f0000 - 0x00007ff93746b000 	C:\WINDOWS\System32\combase.dll
0x00007ff9353e0000 - 0x00007ff9354b7000 	C:\WINDOWS\System32\OLEAUT32.dll
0x00007ff914ac0000 - 0x00007ff914afc000 	C:\WINDOWS\SYSTEM32\dbgcore.DLL
0x00007ff934820000 - 0x00007ff9348b8000 	C:\WINDOWS\System32\bcryptPrimitives.dll
0x00007ff927fb0000 - 0x00007ff927fbf000 	c:\Users\LOQ\.vscode\extensions\redhat.java-1.47.0-win32-x64\jre\21.0.8-win32-x86_64\bin\instrument.dll
0x00007ff91b8f0000 - 0x00007ff91b90f000 	c:\Users\LOQ\.vscode\extensions\redhat.java-1.47.0-win32-x64\jre\21.0.8-win32-x86_64\bin\java.dll
0x00007ff9367f0000 - 0x00007ff936f3d000 	C:\WINDOWS\System32\SHELL32.dll
0x00007ff934b30000 - 0x00007ff934c9b000 	C:\WINDOWS\System32\wintypes.dll
0x00007ff932310000 - 0x00007ff932b6d000 	C:\WINDOWS\SYSTEM32\windows.storage.dll
0x00007ff935d80000 - 0x00007ff935e72000 	C:\WINDOWS\System32\SHCORE.dll
0x00007ff935e90000 - 0x00007ff935ef2000 	C:\WINDOWS\System32\shlwapi.dll
0x00007ff934610000 - 0x00007ff934639000 	C:\WINDOWS\SYSTEM32\profapi.dll
0x00007ff91b030000 - 0x00007ff91b048000 	c:\Users\LOQ\.vscode\extensions\redhat.java-1.47.0-win32-x64\jre\21.0.8-win32-x86_64\bin\zip.dll
0x00007ff927e10000 - 0x00007ff927e20000 	C:\Users\LOQ\.vscode\extensions\redhat.java-1.47.0-win32-x64\jre\21.0.8-win32-x86_64\bin\net.dll
0x00007ff92c1a0000 - 0x00007ff92c2bf000 	C:\WINDOWS\SYSTEM32\WINHTTP.dll
0x00007ff933a30000 - 0x00007ff933a9b000 	C:\WINDOWS\system32\mswsock.dll
0x00007ff91a540000 - 0x00007ff91a556000 	C:\Users\LOQ\.vscode\extensions\redhat.java-1.47.0-win32-x64\jre\21.0.8-win32-x86_64\bin\nio.dll
0x00007ff927bf0000 - 0x00007ff927c00000 	c:\Users\LOQ\.vscode\extensions\redhat.java-1.47.0-win32-x64\jre\21.0.8-win32-x86_64\bin\verify.dll
0x00007ff90ae40000 - 0x00007ff90ae84000 	C:\Users\LOQ\AppData\Roaming\Code\User\globalStorage\redhat.java\1.47.0\config_ss_win\org.eclipse.equinox.launcher\org.eclipse.equinox.launcher.win32.win32.x86_64_1.2.1400.v20250801-0854\eclipse_11916.dll
0x00007ff936130000 - 0x00007ff9362c8000 	C:\WINDOWS\System32\ole32.dll
0x00007ff933ce0000 - 0x00007ff933cfb000 	C:\WINDOWS\SYSTEM32\CRYPTSP.dll
0x00007ff933420000 - 0x00007ff93345b000 	C:\WINDOWS\system32\rsaenh.dll
0x00007ff933ad0000 - 0x00007ff933afb000 	C:\WINDOWS\SYSTEM32\USERENV.dll
0x00007ff9345e0000 - 0x00007ff934606000 	C:\WINDOWS\SYSTEM32\bcrypt.dll
0x00007ff933d00000 - 0x00007ff933d0c000 	C:\WINDOWS\SYSTEM32\CRYPTBASE.dll
0x00007ff932ff0000 - 0x00007ff933024000 	C:\WINDOWS\SYSTEM32\IPHLPAPI.DLL
0x00007ff9370e0000 - 0x00007ff9370ea000 	C:\WINDOWS\System32\NSI.dll
0x00007ff8f4830000 - 0x00007ff8f4879000 	C:\Users\LOQ\AppData\Local\Temp\jna-75566\jna1070100413881005389.dll
0x00007ff936f90000 - 0x00007ff936f98000 	C:\WINDOWS\System32\PSAPI.DLL
0x00007ff92dfa0000 - 0x00007ff92dfbe000 	C:\WINDOWS\SYSTEM32\dhcpcsvc6.DLL
0x00007ff92df70000 - 0x00007ff92df93000 	C:\WINDOWS\SYSTEM32\dhcpcsvc.DLL
0x00007ff9335e0000 - 0x00007ff933616000 	C:\WINDOWS\SYSTEM32\ntmarta.dll

JVMTI agents:
c:\Users\LOQ\.vscode\extensions\redhat.java-1.47.0-win32-x64\lombok\lombok-1.18.39-4050.jar path:c:\Users\LOQ\.vscode\extensions\redhat.java-1.47.0-win32-x64\jre\21.0.8-win32-x86_64\bin\instrument.dll, loaded, initialized, instrumentlib options:none

dbghelp: loaded successfully - version: 4.0.5 - missing functions: none
symbol engine: initialized successfully - sym options: 0x614 - pdb path: .;c:\Users\LOQ\.vscode\extensions\redhat.java-1.47.0-win32-x64\jre\21.0.8-win32-x86_64\bin;C:\WINDOWS\SYSTEM32;C:\WINDOWS\WinSxS\amd64_microsoft.windows.common-controls_6595b64144ccf1df_6.0.26100.6899_none_3e0efeeae32e88c1;c:\Users\LOQ\.vscode\extensions\redhat.java-1.47.0-win32-x64\jre\21.0.8-win32-x86_64\bin\server;C:\Users\LOQ\AppData\Roaming\Code\User\globalStorage\redhat.java\1.47.0\config_ss_win\org.eclipse.equinox.launcher\org.eclipse.equinox.launcher.win32.win32.x86_64_1.2.1400.v20250801-0854;C:\Users\LOQ\AppData\Local\Temp\jna-75566

VM Arguments:
jvm_args: --add-modules=ALL-SYSTEM --add-opens=java.base/java.util=ALL-UNNAMED --add-opens=java.base/java.lang=ALL-UNNAMED --add-opens=java.base/sun.nio.fs=ALL-UNNAMED -Declipse.application=org.eclipse.jdt.ls.core.id1 -Dosgi.bundles.defaultStartLevel=4 -Declipse.product=org.eclipse.jdt.ls.core.product -Djava.import.generatesMetadataFilesAtProjectRoot=false -DDetectVMInstallationsJob.disabled=true -Dfile.encoding=utf8 -XX:+UseParallelGC -XX:GCTimeRatio=4 -XX:AdaptiveSizePolicyWeight=90 -Dsun.zip.disableMemoryMapping=true -Xmx2G -Xms100m -Xlog:disable -javaagent:c:\Users\LOQ\.vscode\extensions\redhat.java-1.47.0-win32-x64\lombok\lombok-1.18.39-4050.jar 
java_command: c:\Users\LOQ\.vscode\extensions\redhat.java-1.47.0-win32-x64\server\plugins\org.eclipse.equinox.launcher_1.7.100.v20251014-1222.jar -configuration c:\Users\LOQ\AppData\Roaming\Code\User\globalStorage\redhat.java\1.47.0\config_ss_win -data c:\Users\LOQ\AppData\Roaming\Code\User\workspaceStorage\a7a39547a06a3b6109950431f82cb49c\redhat.java\ss_ws --pipe=\\.\pipe\lsp-78aaaaf563ebd83a95c4e9b0e11638fb-sock
java_class_path (initial): c:\Users\LOQ\.vscode\extensions\redhat.java-1.47.0-win32-x64\server\plugins\org.eclipse.equinox.launcher_1.7.100.v20251014-1222.jar
Launcher Type: SUN_STANDARD

[Global flags]
    uintx AdaptiveSizePolicyWeight                 = 90                                        {product} {command line}
     intx CICompilerCount                          = 4                                         {product} {ergonomic}
    uintx GCTimeRatio                              = 4                                         {product} {command line}
   size_t InitialHeapSize                          = 104857600                                 {product} {command line}
   size_t MaxHeapSize                              = 2147483648                                {product} {command line}
   size_t MaxNewSize                               = 715653120                                 {product} {ergonomic}
   size_t MinHeapDeltaBytes                        = 524288                                    {product} {ergonomic}
   size_t MinHeapSize                              = 104857600                                 {product} {command line}
   size_t NewSize                                  = 34603008                                  {product} {ergonomic}
    uintx NonNMethodCodeHeapSize                   = 5839372                                {pd product} {ergonomic}
    uintx NonProfiledCodeHeapSize                  = 122909434                              {pd product} {ergonomic}
   size_t OldSize                                  = 70254592                                  {product} {ergonomic}
    uintx ProfiledCodeHeapSize                     = 122909434                              {pd product} {ergonomic}
    uintx ReservedCodeCacheSize                    = 251658240                              {pd product} {ergonomic}
     bool SegmentedCodeCache                       = true                                      {product} {ergonomic}
   size_t SoftMaxHeapSize                          = 2147483648                             {manageable} {ergonomic}
     bool UseCompressedOops                        = true                           {product lp64_product} {ergonomic}
     bool UseLargePagesIndividualAllocation        = false                                  {pd product} {ergonomic}
     bool UseParallelGC                            = true                                      {product} {command line}

Logging:
Log output configuration:
 #0: stdout all=off uptime,level,tags foldmultilines=false
 #1: stderr all=off uptime,level,tags foldmultilines=false

Environment Variables:
PATH=C:\Users\LOQ\AppData\Local\Programs\Python\Python313\Scripts\;C:\Users\LOQ\AppData\Local\Programs\Python\Python313\;C:\Program Files (x86)\Common Files\Intel\Shared Libraries\redist\intel64\compiler;C:\Program Files\Common Files\Oracle\Java\javapath;C:\WINDOWS\system32;C:\WINDOWS;C:\WINDOWS\System32\Wbem;C:\WINDOWS\System32\WindowsPowerShell\v1.0\;C:\WINDOWS\System32\OpenSSH\;C:\Program Files (x86)\NVIDIA Corporation\PhysX\Common;C:\Program Files\NVIDIA Corporation\NVIDIA NvDLISR;C:\Users\LOQ\Downloads\apache-maven-3.9.9-bin\apache-maven-3.9.9\bin;C:\Program Files\Git\cmd;C:\Program Files\nodejs\;C:\ProgramData\chocolatey\bin;C:\Program Files\Maven\apache-maven-3.9.11-bin\bin;C:\flutter\bin;C:\Program Files (x86)\Microsoft SQL Server\160\DTS\Binn\;C:\Program Files (x86)\Microsoft SQL Server\160\Tools\Binn\;C:\Program Files\Microsoft SQL Server\160\Tools\Binn\;C:\Program Files\Microsoft SQL Server\Client SDK\ODBC\170\Tools\Binn\;C:\Program Files\Microsoft SQL Server\160\DTS\Binn\;C:\Users\LOQ\AppData\Local\Microsoft\WindowsApps;C:\Users\LOQ\AppData\Local\Programs\Microsoft VS Code\bin;C:\Users\LOQ\AppData\Local\GitHubDesktop\bin;D:\src\flutter_windows_3.29.2-stable\flutter\bin;C:\Users\LOQ\AppData\Roaming\npm;C:\flutter\bin;
USERNAME=LOQ
OS=Windows_NT
PROCESSOR_IDENTIFIER=AMD64 Family 25 Model 68 Stepping 1, AuthenticAMD
TMP=C:\Users\LOQ\AppData\Local\Temp
TEMP=C:\Users\LOQ\AppData\Local\Temp




Periodic native trim disabled

---------------  S Y S T E M  ---------------

OS:
 Windows 11 , 64 bit Build 26100 (10.0.26100.6725)
OS uptime: 2 days 18:12 hours
Hyper-V role detected

CPU: total 8 (initial active 8) (8 cores per cpu, 2 threads per core) family 25 model 68 stepping 1 microcode 0xa404105, cx8, cmov, fxsr, ht, mmx, 3dnowpref, sse, sse2, sse3, ssse3, sse4a, sse4.1, sse4.2, popcnt, lzcnt, tsc, tscinvbit, avx, avx2, aes, erms, clmul, bmi1, bmi2, adx, sha, fma, vzeroupper, clflush, clflushopt, hv, rdtscp, rdpid, fsrm, f16c, cet_ss
Processor Information for the first 8 processors :
  Max Mhz: 3201, Current Mhz: 3201, Mhz Limit: 3201

Memory: 4k page, system-wide physical 11972M (4143M free)
TotalPageFile size 33212M (AvailPageFile size 3120M)
current process WorkingSet (physical memory assigned to process): 426M, peak: 426M
current process commit charge ("private bytes"): 496M, peak: 496M

vm_info: OpenJDK 64-Bit Server VM (21.0.8+9-LTS) for windows-amd64 JRE (21.0.8+9-LTS), built on 2025-07-15T00:00:00Z by "admin" with MS VC++ 17.7 (VS2022)

END.
