#
# There is insufficient memory for the Java Runtime Environment to continue.
# Native memory allocation (malloc) failed to allocate 32744 bytes. Error detail: Chunk::new
# Possible reasons:
#   The system is out of physical RAM or swap space
#   This process is running with CompressedOops enabled, and the Java Heap may be blocking the growth of the native heap
# Possible solutions:
#   Reduce memory load on the system
#   Increase physical memory or swap space
#   Check if swap backing store is full
#   Decrease Java heap size (-Xmx/-Xms)
#   Decrease number of Java threads
#   Decrease Java thread stack sizes (-Xss)
#   Set larger code cache with -XX:ReservedCodeCacheSize=
#   JVM is running with Unscaled Compressed Oops mode in which the Java heap is
#     placed in the first 4GB address space. The Java Heap base address is the
#     maximum limit for the native heap growth. Please use -XX:HeapBaseMinAddress
#     to set the Java Heap base and to place the Java Heap above 4GB virtual address.
# This output file may be truncated or incomplete.
#
#  Out of Memory Error (arena.cpp:168), pid=28164, tid=24648
#
# JRE version: OpenJDK Runtime Environment Temurin-21.0.8+9 (21.0.8+9) (build 21.0.8+9-LTS)
# Java VM: OpenJDK 64-Bit Server VM Temurin-21.0.8+9 (21.0.8+9-LTS, mixed mode, sharing, tiered, compressed oops, compressed class ptrs, parallel gc, windows-amd64)
# No core dump will be written. Minidumps are not enabled by default on client versions of Windows
#

---------------  S U M M A R Y ------------

Command Line: --add-modules=ALL-SYSTEM --add-opens=java.base/java.util=ALL-UNNAMED --add-opens=java.base/java.lang=ALL-UNNAMED --add-opens=java.base/sun.nio.fs=ALL-UNNAMED -Declipse.application=org.eclipse.jdt.ls.core.id1 -Dosgi.bundles.defaultStartLevel=4 -Declipse.product=org.eclipse.jdt.ls.core.product -Djava.import.generatesMetadataFilesAtProjectRoot=false -DDetectVMInstallationsJob.disabled=true -Dfile.encoding=utf8 -XX:+UseParallelGC -XX:GCTimeRatio=4 -XX:AdaptiveSizePolicyWeight=90 -Dsun.zip.disableMemoryMapping=true -Xmx2G -Xms100m -Xlog:disable -javaagent:c:\Users\LOQ\.vscode\extensions\redhat.java-1.47.0-win32-x64\lombok\lombok-1.18.39-4050.jar c:\Users\LOQ\.vscode\extensions\redhat.java-1.47.0-win32-x64\server\plugins\org.eclipse.equinox.launcher_1.7.100.v20251014-1222.jar -configuration c:\Users\LOQ\AppData\Roaming\Code\User\globalStorage\redhat.java\1.47.0\config_ss_win -data c:\Users\LOQ\AppData\Roaming\Code\User\workspaceStorage\a7a39547a06a3b6109950431f82cb49c\redhat.java\ss_ws --pipe=\\.\pipe\lsp-339e5bfe9db773f2d72c33285f424da8-sock

Host: AMD Ryzen 5 7235HS                             , 8 cores, 11G,  Windows 11 , 64 bit Build 26100 (10.0.26100.6725)
Time: Sat Nov  8 21:22:53 2025 Sri Lanka Standard Time elapsed time: 4.489516 seconds (0d 0h 0m 4s)

---------------  T H R E A D  ---------------

Current thread (0x00000188211c0990):  JavaThread "C2 CompilerThread0" daemon [_thread_in_native, id=24648, stack(0x0000004d9e200000,0x0000004d9e300000) (1024K)]


Current CompileTask:
C2:4489 3306       4       org.eclipse.core.internal.watson.ElementTreeIterator::doIteration (114 bytes)

Stack: [0x0000004d9e200000,0x0000004d9e300000]
Native frames: (J=compiled Java code, j=interpreted, Vv=VM code, C=native code)
V  [jvm.dll+0x6d2449]
V  [jvm.dll+0x8ae341]
V  [jvm.dll+0x8b08be]
V  [jvm.dll+0x8b0fa3]
V  [jvm.dll+0x280c96]
V  [jvm.dll+0xc581d]
V  [jvm.dll+0xc5d53]
V  [jvm.dll+0xc5945]
V  [jvm.dll+0x89713c]
V  [jvm.dll+0xd2818]
V  [jvm.dll+0x39afad]
V  [jvm.dll+0x6e2519]
V  [jvm.dll+0x6ec7a8]
V  [jvm.dll+0x6e4833]
V  [jvm.dll+0x6e3f4e]
V  [jvm.dll+0x6e203c]
V  [jvm.dll+0x1cba2c]
V  [jvm.dll+0x1cc5ac]
V  [jvm.dll+0x1cc5ac]
V  [jvm.dll+0x2f45ac]
V  [jvm.dll+0x6ec842]
V  [jvm.dll+0x6e4833]
V  [jvm.dll+0x6e3f4e]
V  [jvm.dll+0x6e203c]
V  [jvm.dll+0x1cba2c]
V  [jvm.dll+0x1cc5ac]
V  [jvm.dll+0x2f45ac]
V  [jvm.dll+0x6ec842]
V  [jvm.dll+0x6e4833]
V  [jvm.dll+0x6e3f4e]
V  [jvm.dll+0x6e203c]
V  [jvm.dll+0x1cba2c]
V  [jvm.dll+0x1cc5ac]
V  [jvm.dll+0x1cc5ac]
V  [jvm.dll+0x2f45ac]
V  [jvm.dll+0x6ec842]
V  [jvm.dll+0x6e4833]
V  [jvm.dll+0x6e3f4e]
V  [jvm.dll+0x6e203c]
V  [jvm.dll+0x1cba2c]
V  [jvm.dll+0x1cc5ac]
V  [jvm.dll+0x2f45ac]
V  [jvm.dll+0x6ec842]
V  [jvm.dll+0x6e4833]
V  [jvm.dll+0x6e3f4e]
V  [jvm.dll+0x6e203c]
V  [jvm.dll+0x1cba2c]
V  [jvm.dll+0x1cc5ac]
V  [jvm.dll+0x2f45ac]
V  [jvm.dll+0x6ec842]
V  [jvm.dll+0x6e4833]
V  [jvm.dll+0x6e3f4e]
V  [jvm.dll+0x6e203c]
V  [jvm.dll+0x1cba2c]
V  [jvm.dll+0x1cc5ac]
V  [jvm.dll+0x2f45ac]
V  [jvm.dll+0x6ec842]
V  [jvm.dll+0x6e4833]
V  [jvm.dll+0x6e3f4e]
V  [jvm.dll+0x6e203c]
V  [jvm.dll+0x1cba2c]
V  [jvm.dll+0x24801e]
V  [jvm.dll+0x1c89ee]
V  [jvm.dll+0x257d4d]
V  [jvm.dll+0x2562ea]
V  [jvm.dll+0x3f2d16]
V  [jvm.dll+0x857e6b]
V  [jvm.dll+0x6d0b0d]
C  [ucrtbase.dll+0x37b0]
C  [KERNEL32.DLL+0x2e8d7]
C  [ntdll.dll+0x8c53c]


---------------  P R O C E S S  ---------------

Threads class SMR info:
_java_thread_list=0x0000018800db8650, length=32, elements={
0x0000018821231b20, 0x00000188212eaae0, 0x00000188211a4ac0, 0x00000188211ad0c0,
0x00000188211af6e0, 0x00000188211b2140, 0x00000188211bc080, 0x00000188211c0990,
0x00000188211c1f90, 0x000001887a612550, 0x000001887a8415f0, 0x000001887a75cef0,
0x000001887f6415b0, 0x00000188002cb230, 0x0000018800022c70, 0x00000188002663a0,
0x0000018800438c70, 0x00000188008ad220, 0x000001880094f100, 0x0000018800575660,
0x0000018801042c90, 0x000001880121d400, 0x000001880121c6e0, 0x000001880121cd70,
0x000001880121b9c0, 0x0000018801219f80, 0x000001880121a610, 0x000001880121aca0,
0x000001880121b330, 0x000001880121c050, 0x0000018801a90420, 0x0000018801a8dcc0
}

Java Threads: ( => current thread )
  0x0000018821231b20 JavaThread "main"                              [_thread_in_vm, id=25820, stack(0x0000004d9d800000,0x0000004d9d900000) (1024K)]
  0x00000188212eaae0 JavaThread "Reference Handler"          daemon [_thread_blocked, id=25384, stack(0x0000004d9dc00000,0x0000004d9dd00000) (1024K)]
  0x00000188211a4ac0 JavaThread "Finalizer"                  daemon [_thread_blocked, id=11704, stack(0x0000004d9dd00000,0x0000004d9de00000) (1024K)]
  0x00000188211ad0c0 JavaThread "Signal Dispatcher"          daemon [_thread_blocked, id=28820, stack(0x0000004d9de00000,0x0000004d9df00000) (1024K)]
  0x00000188211af6e0 JavaThread "Attach Listener"            daemon [_thread_blocked, id=10700, stack(0x0000004d9df00000,0x0000004d9e000000) (1024K)]
  0x00000188211b2140 JavaThread "Service Thread"             daemon [_thread_blocked, id=23700, stack(0x0000004d9e000000,0x0000004d9e100000) (1024K)]
  0x00000188211bc080 JavaThread "Monitor Deflation Thread"   daemon [_thread_blocked, id=27240, stack(0x0000004d9e100000,0x0000004d9e200000) (1024K)]
=>0x00000188211c0990 JavaThread "C2 CompilerThread0"         daemon [_thread_in_native, id=24648, stack(0x0000004d9e200000,0x0000004d9e300000) (1024K)]
  0x00000188211c1f90 JavaThread "C1 CompilerThread0"         daemon [_thread_blocked, id=15412, stack(0x0000004d9e300000,0x0000004d9e400000) (1024K)]
  0x000001887a612550 JavaThread "Common-Cleaner"             daemon [_thread_blocked, id=3312, stack(0x0000004d9e400000,0x0000004d9e500000) (1024K)]
  0x000001887a8415f0 JavaThread "Notification Thread"        daemon [_thread_blocked, id=28184, stack(0x0000004d9e500000,0x0000004d9e600000) (1024K)]
  0x000001887a75cef0 JavaThread "C2 CompilerThread1"         daemon [_thread_in_native, id=22700, stack(0x0000004d9e600000,0x0000004d9e700000) (1024K)]
  0x000001887f6415b0 JavaThread "Active Thread: Equinox Container: e17f66eb-180c-4249-ab7b-b375d101e882"        [_thread_blocked, id=25108, stack(0x0000004d9e700000,0x0000004d9e800000) (1024K)]
  0x00000188002cb230 JavaThread "Framework Event Dispatcher: Equinox Container: e17f66eb-180c-4249-ab7b-b375d101e882" daemon [_thread_blocked, id=27912, stack(0x0000004d9ee00000,0x0000004d9ef00000) (1024K)]
  0x0000018800022c70 JavaThread "Start Level: Equinox Container: e17f66eb-180c-4249-ab7b-b375d101e882" daemon [_thread_blocked, id=24072, stack(0x0000004d9ef00000,0x0000004d9f000000) (1024K)]
  0x00000188002663a0 JavaThread "SCR Component Actor"        daemon [_thread_blocked, id=24564, stack(0x0000004d9f100000,0x0000004d9f200000) (1024K)]
  0x0000018800438c70 JavaThread "Worker-JM"                         [_thread_blocked, id=25500, stack(0x0000004d9f200000,0x0000004d9f300000) (1024K)]
  0x00000188008ad220 JavaThread "JNA Cleaner"                daemon [_thread_blocked, id=22972, stack(0x0000004d9f400000,0x0000004d9f500000) (1024K)]
  0x000001880094f100 JavaThread "Worker-0: Initialize After Load"        [_thread_in_vm, id=8, stack(0x0000004d9f500000,0x0000004d9f600000) (1024K)]
  0x0000018800575660 JavaThread "Worker-1"                          [_thread_blocked, id=4944, stack(0x0000004d9f600000,0x0000004d9f700000) (1024K)]
  0x0000018801042c90 JavaThread "C2 CompilerThread2"         daemon [_thread_in_native, id=26540, stack(0x0000004d9f700000,0x0000004d9f800000) (1024K)]
  0x000001880121d400 JavaThread "Worker-2"                          [_thread_blocked, id=27308, stack(0x0000004d9f900000,0x0000004d9fa00000) (1024K)]
  0x000001880121c6e0 JavaThread "Thread-1"                   daemon [_thread_in_native, id=28028, stack(0x0000004d9fa00000,0x0000004d9fb00000) (1024K)]
  0x000001880121cd70 JavaThread "Thread-2"                   daemon [_thread_in_native, id=26656, stack(0x0000004d9fb00000,0x0000004d9fc00000) (1024K)]
  0x000001880121b9c0 JavaThread "Thread-3"                   daemon [_thread_in_native, id=11456, stack(0x0000004d9fc00000,0x0000004d9fd00000) (1024K)]
  0x0000018801219f80 JavaThread "Thread-4"                   daemon [_thread_in_native, id=29552, stack(0x0000004d9fd00000,0x0000004d9fe00000) (1024K)]
  0x000001880121a610 JavaThread "Thread-5"                   daemon [_thread_in_native, id=27696, stack(0x0000004d9fe00000,0x0000004d9ff00000) (1024K)]
  0x000001880121aca0 JavaThread "Thread-6"                   daemon [_thread_in_native, id=22644, stack(0x0000004d9ff00000,0x0000004da0000000) (1024K)]
  0x000001880121b330 JavaThread "Thread-7"                   daemon [_thread_in_native, id=23312, stack(0x0000004da0000000,0x0000004da0100000) (1024K)]
  0x000001880121c050 JavaThread "Thread-8"                   daemon [_thread_in_native, id=20740, stack(0x0000004da0100000,0x0000004da0200000) (1024K)]
  0x0000018801a90420 JavaThread "Thread-9"                   daemon [_thread_in_native, id=6876, stack(0x0000004da0200000,0x0000004da0300000) (1024K)]
  0x0000018801a8dcc0 JavaThread "pool-2-thread-1"                   [_thread_blocked, id=12792, stack(0x0000004da0300000,0x0000004da0400000) (1024K)]
Total: 32

Other Threads:
  0x00000188211a3610 VMThread "VM Thread"                           [id=6664, stack(0x0000004d9db00000,0x0000004d9dc00000) (1024K)]
  0x00000188210bca00 WatcherThread "VM Periodic Task Thread"        [id=19156, stack(0x0000004d9da00000,0x0000004d9db00000) (1024K)]
  0x00000188212501b0 WorkerThread "GC Thread#0"                     [id=29332, stack(0x0000004d9d900000,0x0000004d9da00000) (1024K)]
  0x000001887f2ae4f0 WorkerThread "GC Thread#1"                     [id=25348, stack(0x0000004d9e800000,0x0000004d9e900000) (1024K)]
  0x000001887f2ae890 WorkerThread "GC Thread#2"                     [id=8564, stack(0x0000004d9e900000,0x0000004d9ea00000) (1024K)]
  0x000001887f2aec30 WorkerThread "GC Thread#3"                     [id=28132, stack(0x0000004d9ea00000,0x0000004d9eb00000) (1024K)]
  0x000001887f2aefd0 WorkerThread "GC Thread#4"                     [id=23316, stack(0x0000004d9eb00000,0x0000004d9ec00000) (1024K)]
  0x000001887f064b00 WorkerThread "GC Thread#5"                     [id=26424, stack(0x0000004d9ec00000,0x0000004d9ed00000) (1024K)]
  0x000001887f064ea0 WorkerThread "GC Thread#6"                     [id=11520, stack(0x0000004d9ed00000,0x0000004d9ee00000) (1024K)]
  0x0000018800047010 WorkerThread "GC Thread#7"                     [id=16452, stack(0x0000004d9f000000,0x0000004d9f100000) (1024K)]
Total: 10

Threads with active compile tasks:
C2 CompilerThread0  4549 3306       4       org.eclipse.core.internal.watson.ElementTreeIterator::doIteration (114 bytes)
C2 CompilerThread1  4549 2795       4       org.lombokweb.asm.ClassReader::readMethod (1070 bytes)
C2 CompilerThread2  4549 3278       4       org.eclipse.core.internal.watson.ElementTreeIterator::requestPath (100 bytes)
Total: 3

VM state: not at safepoint (normal execution)

VM Mutex/Monitor currently owned by a thread:  ([mutex/lock_event])
[0x00007ff888e93458] Metaspace_lock - owner thread: 0x000001880094f100

Heap address: 0x0000000080000000, size: 2048 MB, Compressed Oops mode: 32-bit

CDS archive(s) mapped at: [0x0000018838000000-0x0000018838ba0000-0x0000018838ba0000), size 12189696, SharedBaseAddress: 0x0000018838000000, ArchiveRelocationMode: 1.
Compressed class space mapped at: 0x0000018839000000-0x0000018879000000, reserved size: 1073741824
Narrow klass base: 0x0000018838000000, Narrow klass shift: 0, Narrow klass range: 0x100000000

GC Precious Log:
 CardTable entry size: 512
 CPUs: 8 total, 8 available
 Memory: 11972M
 Large Page Support: Disabled
 NUMA Support: Disabled
 Compressed Oops: Enabled (32-bit)
 Alignments: Space 512K, Generation 512K, Heap 2M
 Heap Min Capacity: 100M
 Heap Initial Capacity: 100M
 Heap Max Capacity: 2G
 Pre-touch: Disabled
 Parallel Workers: 8

Heap:
 PSYoungGen      total 27136K, used 14523K [0x00000000d5580000, 0x00000000d7600000, 0x0000000100000000)
  eden space 24064K, 47% used [0x00000000d5580000,0x00000000d60b18d0,0x00000000d6d00000)
  from space 3072K, 99% used [0x00000000d7200000,0x00000000d74fd4b0,0x00000000d7500000)
  to   space 4608K, 0% used [0x00000000d6d00000,0x00000000d6d00000,0x00000000d7180000)
 ParOldGen       total 68608K, used 14071K [0x0000000080000000, 0x0000000084300000, 0x00000000d5580000)
  object space 68608K, 20% used [0x0000000080000000,0x0000000080dbdca0,0x0000000084300000)
 Metaspace       used 26967K, committed 27776K, reserved 1114112K
  class space    used 2676K, committed 3008K, reserved 1048576K

Card table byte_map: [0x0000018820bd0000,0x0000018820fe0000] _byte_map_base: 0x00000188207d0000

Marking Bits: (ParMarkBitMap*) 0x00007ff888e9a340
 Begin Bits: [0x00000188336d0000, 0x00000188356d0000)
 End Bits:   [0x00000188356d0000, 0x00000188376d0000)

Polling page: 0x0000018820800000

Metaspace:

Usage:
  Non-class:     23.72 MB used.
      Class:      2.61 MB used.
       Both:     26.34 MB used.

Virtual space:
  Non-class space:       64.00 MB reserved,      24.19 MB ( 38%) committed,  1 nodes.
      Class space:        1.00 GB reserved,       2.94 MB ( <1%) committed,  1 nodes.
             Both:        1.06 GB reserved,      27.12 MB (  2%) committed. 

Chunk freelists:
   Non-Class:  7.48 MB
       Class:  12.94 MB
        Both:  20.43 MB

MaxMetaspaceSize: unlimited
CompressedClassSpaceSize: 1.00 GB
Initial GC threshold: 21.00 MB
Current GC threshold: 35.00 MB
CDS: on
 - commit_granule_bytes: 65536.
 - commit_granule_words: 8192.
 - virtual_space_node_default_size: 8388608.
 - enlarge_chunks_in_place: 1.
 - use_allocation_guard: 0.


Internal statistics:

num_allocs_failed_limit: 3.
num_arena_births: 550.
num_arena_deaths: 14.
num_vsnodes_births: 2.
num_vsnodes_deaths: 0.
num_space_committed: 434.
num_space_uncommitted: 0.
num_chunks_returned_to_freelist: 17.
num_chunks_taken_from_freelist: 1585.
num_chunk_merges: 9.
num_chunk_splits: 1028.
num_chunks_enlarged: 667.
num_inconsistent_stats: 0.

CodeHeap 'non-profiled nmethods': size=120000Kb used=1612Kb max_used=1612Kb free=118387Kb
 bounds [0x000001882bef0000, 0x000001882c160000, 0x0000018833420000]
CodeHeap 'profiled nmethods': size=120000Kb used=6545Kb max_used=6545Kb free=113454Kb
 bounds [0x0000018824420000, 0x0000018824a90000, 0x000001882b950000]
CodeHeap 'non-nmethods': size=5760Kb used=1338Kb max_used=1363Kb free=4421Kb
 bounds [0x000001882b950000, 0x000001882bbc0000, 0x000001882bef0000]
CodeCache: size=245760Kb, used=9495Kb, max_used=9520Kb, free=236262Kb
 total_blobs=3965, nmethods=3338, adapters=533, full_count=0
Compilation: enabled, stopped_count=0, restarted_count=0

Compilation events (20 events):
Event: 4.470 Thread 0x00000188211c1f90 3333       3       java.util.LinkedHashMap::<init> (15 bytes)
Event: 4.471 Thread 0x00000188211c1f90 nmethod 3333 0x0000018824a76d90 code [0x0000018824a76f40, 0x0000018824a77178]
Event: 4.472 Thread 0x00000188211c1f90 3334       3       sun.reflect.generics.parser.SignatureParser::mark (9 bytes)
Event: 4.472 Thread 0x00000188211c1f90 nmethod 3334 0x0000018824a77290 code [0x0000018824a77420, 0x0000018824a77530]
Event: 4.472 Thread 0x00000188211c1f90 3335       3       sun.reflect.generics.parser.SignatureParser::markToCurrent (16 bytes)
Event: 4.472 Thread 0x00000188211c1f90 nmethod 3335 0x0000018824a77590 code [0x0000018824a77740, 0x0000018824a77890]
Event: 4.473 Thread 0x00000188211c1f90 3337       3       sun.reflect.generics.parser.SignatureParser::parsePackageNameAndSimpleClassTypeSignature (119 bytes)
Event: 4.474 Thread 0x00000188211c1f90 nmethod 3337 0x0000018824a77990 code [0x0000018824a77c80, 0x0000018824a786c0]
Event: 4.474 Thread 0x00000188211c1f90 3336       3       sun.reflect.generics.parser.SignatureParser::parseClassTypeSignature (118 bytes)
Event: 4.475 Thread 0x00000188211c1f90 nmethod 3336 0x0000018824a78b10 code [0x0000018824a78ea0, 0x0000018824a7a128]
Event: 4.475 Thread 0x00000188211c1f90 3338       3       sun.reflect.generics.tree.SimpleClassTypeSignature::make (11 bytes)
Event: 4.475 Thread 0x00000188211c1f90 nmethod 3338 0x0000018824a7a910 code [0x0000018824a7aac0, 0x0000018824a7ad00]
Event: 4.475 Thread 0x00000188211c1f90 3339       3       java.util.stream.AbstractPipeline::<init> (55 bytes)
Event: 4.476 Thread 0x00000188211c1f90 nmethod 3339 0x0000018824a7ae10 code [0x0000018824a7afc0, 0x0000018824a7b1f0]
Event: 4.476 Thread 0x00000188211c1f90 3340       3       jdk.internal.reflect.ConstantPool::getUTF8At (10 bytes)
Event: 4.476 Thread 0x00000188211c1f90 nmethod 3340 0x0000018824a7b310 code [0x0000018824a7b4c0, 0x0000018824a7b608]
Event: 4.482 Thread 0x00000188211c1f90 3342   !   3       java.lang.reflect.Executable::declaredAnnotations (85 bytes)
Event: 4.482 Thread 0x00000188211c1f90 nmethod 3342 0x0000018824a7b690 code [0x0000018824a7b8e0, 0x0000018824a7c1a0]
Event: 4.484 Thread 0x00000188211c1f90 3343       3       sun.reflect.annotation.AnnotationInvocationHandler::invoke (182 bytes)
Event: 4.485 Thread 0x00000188211c1f90 nmethod 3343 0x0000018824a7c510 code [0x0000018824a7c860, 0x0000018824a7d960]

GC Heap History (18 events):
Event: 1.060 GC heap before
{Heap before GC invocations=1 (full 0):
 PSYoungGen      total 29696K, used 25600K [0x00000000d5580000, 0x00000000d7680000, 0x0000000100000000)
  eden space 25600K, 100% used [0x00000000d5580000,0x00000000d6e80000,0x00000000d6e80000)
  from space 4096K, 0% used [0x00000000d7280000,0x00000000d7280000,0x00000000d7680000)
  to   space 4096K, 0% used [0x00000000d6e80000,0x00000000d6e80000,0x00000000d7280000)
 ParOldGen       total 68608K, used 0K [0x0000000080000000, 0x0000000084300000, 0x00000000d5580000)
  object space 68608K, 0% used [0x0000000080000000,0x0000000080000000,0x0000000084300000)
 Metaspace       used 4349K, committed 4608K, reserved 1114112K
  class space    used 473K, committed 576K, reserved 1048576K
}
Event: 1.067 GC heap after
{Heap after GC invocations=1 (full 0):
 PSYoungGen      total 29696K, used 3303K [0x00000000d5580000, 0x00000000d7680000, 0x0000000100000000)
  eden space 25600K, 0% used [0x00000000d5580000,0x00000000d5580000,0x00000000d6e80000)
  from space 4096K, 80% used [0x00000000d6e80000,0x00000000d71b9e98,0x00000000d7280000)
  to   space 4096K, 0% used [0x00000000d7280000,0x00000000d7280000,0x00000000d7680000)
 ParOldGen       total 68608K, used 8K [0x0000000080000000, 0x0000000084300000, 0x00000000d5580000)
  object space 68608K, 0% used [0x0000000080000000,0x0000000080002000,0x0000000084300000)
 Metaspace       used 4349K, committed 4608K, reserved 1114112K
  class space    used 473K, committed 576K, reserved 1048576K
}
Event: 1.950 GC heap before
{Heap before GC invocations=2 (full 0):
 PSYoungGen      total 29696K, used 28903K [0x00000000d5580000, 0x00000000d7680000, 0x0000000100000000)
  eden space 25600K, 100% used [0x00000000d5580000,0x00000000d6e80000,0x00000000d6e80000)
  from space 4096K, 80% used [0x00000000d6e80000,0x00000000d71b9e98,0x00000000d7280000)
  to   space 4096K, 0% used [0x00000000d7280000,0x00000000d7280000,0x00000000d7680000)
 ParOldGen       total 68608K, used 8K [0x0000000080000000, 0x0000000084300000, 0x00000000d5580000)
  object space 68608K, 0% used [0x0000000080000000,0x0000000080002000,0x0000000084300000)
 Metaspace       used 8154K, committed 8448K, reserved 1114112K
  class space    used 871K, committed 1024K, reserved 1048576K
}
Event: 1.955 GC heap after
{Heap after GC invocations=2 (full 0):
 PSYoungGen      total 29696K, used 4075K [0x00000000d5580000, 0x00000000d7680000, 0x0000000100000000)
  eden space 25600K, 0% used [0x00000000d5580000,0x00000000d5580000,0x00000000d6e80000)
  from space 4096K, 99% used [0x00000000d7280000,0x00000000d767aff8,0x00000000d7680000)
  to   space 4096K, 0% used [0x00000000d6e80000,0x00000000d6e80000,0x00000000d7280000)
 ParOldGen       total 68608K, used 891K [0x0000000080000000, 0x0000000084300000, 0x00000000d5580000)
  object space 68608K, 1% used [0x0000000080000000,0x00000000800deec8,0x0000000084300000)
 Metaspace       used 8154K, committed 8448K, reserved 1114112K
  class space    used 871K, committed 1024K, reserved 1048576K
}
Event: 2.505 GC heap before
{Heap before GC invocations=3 (full 0):
 PSYoungGen      total 29696K, used 29675K [0x00000000d5580000, 0x00000000d7680000, 0x0000000100000000)
  eden space 25600K, 100% used [0x00000000d5580000,0x00000000d6e80000,0x00000000d6e80000)
  from space 4096K, 99% used [0x00000000d7280000,0x00000000d767aff8,0x00000000d7680000)
  to   space 4096K, 0% used [0x00000000d6e80000,0x00000000d6e80000,0x00000000d7280000)
 ParOldGen       total 68608K, used 891K [0x0000000080000000, 0x0000000084300000, 0x00000000d5580000)
  object space 68608K, 1% used [0x0000000080000000,0x00000000800deec8,0x0000000084300000)
 Metaspace       used 12908K, committed 13440K, reserved 1114112K
  class space    used 1370K, committed 1600K, reserved 1048576K
}
Event: 2.509 GC heap after
{Heap after GC invocations=3 (full 0):
 PSYoungGen      total 29696K, used 4089K [0x00000000d5580000, 0x00000000d7680000, 0x0000000100000000)
  eden space 25600K, 0% used [0x00000000d5580000,0x00000000d5580000,0x00000000d6e80000)
  from space 4096K, 99% used [0x00000000d6e80000,0x00000000d727e498,0x00000000d7280000)
  to   space 4096K, 0% used [0x00000000d7280000,0x00000000d7280000,0x00000000d7680000)
 ParOldGen       total 68608K, used 3006K [0x0000000080000000, 0x0000000084300000, 0x00000000d5580000)
  object space 68608K, 4% used [0x0000000080000000,0x00000000802ef900,0x0000000084300000)
 Metaspace       used 12908K, committed 13440K, reserved 1114112K
  class space    used 1370K, committed 1600K, reserved 1048576K
}
Event: 3.023 GC heap before
{Heap before GC invocations=4 (full 0):
 PSYoungGen      total 29696K, used 29689K [0x00000000d5580000, 0x00000000d7680000, 0x0000000100000000)
  eden space 25600K, 100% used [0x00000000d5580000,0x00000000d6e80000,0x00000000d6e80000)
  from space 4096K, 99% used [0x00000000d6e80000,0x00000000d727e498,0x00000000d7280000)
  to   space 4096K, 0% used [0x00000000d7280000,0x00000000d7280000,0x00000000d7680000)
 ParOldGen       total 68608K, used 3006K [0x0000000080000000, 0x0000000084300000, 0x00000000d5580000)
  object space 68608K, 4% used [0x0000000080000000,0x00000000802ef900,0x0000000084300000)
 Metaspace       used 15591K, committed 16256K, reserved 1114112K
  class space    used 1651K, committed 1984K, reserved 1048576K
}
Event: 3.029 GC heap after
{Heap after GC invocations=4 (full 0):
 PSYoungGen      total 29696K, used 4065K [0x00000000d5580000, 0x00000000d7680000, 0x0000000100000000)
  eden space 25600K, 0% used [0x00000000d5580000,0x00000000d5580000,0x00000000d6e80000)
  from space 4096K, 99% used [0x00000000d7280000,0x00000000d76785f0,0x00000000d7680000)
  to   space 4096K, 0% used [0x00000000d6e80000,0x00000000d6e80000,0x00000000d7280000)
 ParOldGen       total 68608K, used 8526K [0x0000000080000000, 0x0000000084300000, 0x00000000d5580000)
  object space 68608K, 12% used [0x0000000080000000,0x0000000080853bf8,0x0000000084300000)
 Metaspace       used 15591K, committed 16256K, reserved 1114112K
  class space    used 1651K, committed 1984K, reserved 1048576K
}
Event: 3.338 GC heap before
{Heap before GC invocations=5 (full 0):
 PSYoungGen      total 29696K, used 29665K [0x00000000d5580000, 0x00000000d7680000, 0x0000000100000000)
  eden space 25600K, 100% used [0x00000000d5580000,0x00000000d6e80000,0x00000000d6e80000)
  from space 4096K, 99% used [0x00000000d7280000,0x00000000d76785f0,0x00000000d7680000)
  to   space 4096K, 0% used [0x00000000d6e80000,0x00000000d6e80000,0x00000000d7280000)
 ParOldGen       total 68608K, used 8526K [0x0000000080000000, 0x0000000084300000, 0x00000000d5580000)
  object space 68608K, 12% used [0x0000000080000000,0x0000000080853bf8,0x0000000084300000)
 Metaspace       used 18763K, committed 19456K, reserved 1114112K
  class space    used 1884K, committed 2176K, reserved 1048576K
}
Event: 3.341 GC heap after
{Heap after GC invocations=5 (full 0):
 PSYoungGen      total 29184K, used 4087K [0x00000000d5580000, 0x00000000d7b00000, 0x0000000100000000)
  eden space 25088K, 0% used [0x00000000d5580000,0x00000000d5580000,0x00000000d6e00000)
  from space 4096K, 99% used [0x00000000d6e80000,0x00000000d727ddd8,0x00000000d7280000)
  to   space 6656K, 0% used [0x00000000d7480000,0x00000000d7480000,0x00000000d7b00000)
 ParOldGen       total 68608K, used 8758K [0x0000000080000000, 0x0000000084300000, 0x00000000d5580000)
  object space 68608K, 12% used [0x0000000080000000,0x000000008088dbf8,0x0000000084300000)
 Metaspace       used 18763K, committed 19456K, reserved 1114112K
  class space    used 1884K, committed 2176K, reserved 1048576K
}
Event: 3.523 GC heap before
{Heap before GC invocations=6 (full 0):
 PSYoungGen      total 29184K, used 18332K [0x00000000d5580000, 0x00000000d7b00000, 0x0000000100000000)
  eden space 25088K, 56% used [0x00000000d5580000,0x00000000d6369490,0x00000000d6e00000)
  from space 4096K, 99% used [0x00000000d6e80000,0x00000000d727ddd8,0x00000000d7280000)
  to   space 6656K, 0% used [0x00000000d7480000,0x00000000d7480000,0x00000000d7b00000)
 ParOldGen       total 68608K, used 8758K [0x0000000080000000, 0x0000000084300000, 0x00000000d5580000)
  object space 68608K, 12% used [0x0000000080000000,0x000000008088dbf8,0x0000000084300000)
 Metaspace       used 20839K, committed 21504K, reserved 1114112K
  class space    used 2064K, committed 2368K, reserved 1048576K
}
Event: 3.528 GC heap after
{Heap after GC invocations=6 (full 0):
 PSYoungGen      total 30208K, used 4741K [0x00000000d5580000, 0x00000000d7980000, 0x0000000100000000)
  eden space 25088K, 0% used [0x00000000d5580000,0x00000000d5580000,0x00000000d6e00000)
  from space 5120K, 92% used [0x00000000d7480000,0x00000000d7921598,0x00000000d7980000)
  to   space 5120K, 0% used [0x00000000d6f80000,0x00000000d6f80000,0x00000000d7480000)
 ParOldGen       total 68608K, used 8766K [0x0000000080000000, 0x0000000084300000, 0x00000000d5580000)
  object space 68608K, 12% used [0x0000000080000000,0x000000008088fbf8,0x0000000084300000)
 Metaspace       used 20839K, committed 21504K, reserved 1114112K
  class space    used 2064K, committed 2368K, reserved 1048576K
}
Event: 3.528 GC heap before
{Heap before GC invocations=7 (full 1):
 PSYoungGen      total 30208K, used 4741K [0x00000000d5580000, 0x00000000d7980000, 0x0000000100000000)
  eden space 25088K, 0% used [0x00000000d5580000,0x00000000d5580000,0x00000000d6e00000)
  from space 5120K, 92% used [0x00000000d7480000,0x00000000d7921598,0x00000000d7980000)
  to   space 5120K, 0% used [0x00000000d6f80000,0x00000000d6f80000,0x00000000d7480000)
 ParOldGen       total 68608K, used 8766K [0x0000000080000000, 0x0000000084300000, 0x00000000d5580000)
  object space 68608K, 12% used [0x0000000080000000,0x000000008088fbf8,0x0000000084300000)
 Metaspace       used 20839K, committed 21504K, reserved 1114112K
  class space    used 2064K, committed 2368K, reserved 1048576K
}
Event: 3.553 GC heap after
{Heap after GC invocations=7 (full 1):
 PSYoungGen      total 30208K, used 0K [0x00000000d5580000, 0x00000000d7980000, 0x0000000100000000)
  eden space 25088K, 0% used [0x00000000d5580000,0x00000000d5580000,0x00000000d6e00000)
  from space 5120K, 0% used [0x00000000d7480000,0x00000000d7480000,0x00000000d7980000)
  to   space 5120K, 0% used [0x00000000d6f80000,0x00000000d6f80000,0x00000000d7480000)
 ParOldGen       total 68608K, used 12889K [0x0000000080000000, 0x0000000084300000, 0x00000000d5580000)
  object space 68608K, 18% used [0x0000000080000000,0x0000000080c96780,0x0000000084300000)
 Metaspace       used 20827K, committed 21504K, reserved 1114112K
  class space    used 2060K, committed 2368K, reserved 1048576K
}
Event: 3.879 GC heap before
{Heap before GC invocations=8 (full 1):
 PSYoungGen      total 30208K, used 25088K [0x00000000d5580000, 0x00000000d7980000, 0x0000000100000000)
  eden space 25088K, 100% used [0x00000000d5580000,0x00000000d6e00000,0x00000000d6e00000)
  from space 5120K, 0% used [0x00000000d7480000,0x00000000d7480000,0x00000000d7980000)
  to   space 5120K, 0% used [0x00000000d6f80000,0x00000000d6f80000,0x00000000d7480000)
 ParOldGen       total 68608K, used 12889K [0x0000000080000000, 0x0000000084300000, 0x00000000d5580000)
  object space 68608K, 18% used [0x0000000080000000,0x0000000080c96780,0x0000000084300000)
 Metaspace       used 23047K, committed 23744K, reserved 1114112K
  class space    used 2233K, committed 2560K, reserved 1048576K
}
Event: 3.881 GC heap after
{Heap after GC invocations=8 (full 1):
 PSYoungGen      total 27136K, used 2557K [0x00000000d5580000, 0x00000000d7500000, 0x0000000100000000)
  eden space 24576K, 0% used [0x00000000d5580000,0x00000000d5580000,0x00000000d6d80000)
  from space 2560K, 99% used [0x00000000d6f80000,0x00000000d71ff660,0x00000000d7200000)
  to   space 3072K, 0% used [0x00000000d7200000,0x00000000d7200000,0x00000000d7500000)
 ParOldGen       total 68608K, used 12897K [0x0000000080000000, 0x0000000084300000, 0x00000000d5580000)
  object space 68608K, 18% used [0x0000000080000000,0x0000000080c98780,0x0000000084300000)
 Metaspace       used 23047K, committed 23744K, reserved 1114112K
  class space    used 2233K, committed 2560K, reserved 1048576K
}
Event: 4.416 GC heap before
{Heap before GC invocations=9 (full 1):
 PSYoungGen      total 27136K, used 27133K [0x00000000d5580000, 0x00000000d7500000, 0x0000000100000000)
  eden space 24576K, 100% used [0x00000000d5580000,0x00000000d6d80000,0x00000000d6d80000)
  from space 2560K, 99% used [0x00000000d6f80000,0x00000000d71ff660,0x00000000d7200000)
  to   space 3072K, 0% used [0x00000000d7200000,0x00000000d7200000,0x00000000d7500000)
 ParOldGen       total 68608K, used 12897K [0x0000000080000000, 0x0000000084300000, 0x00000000d5580000)
  object space 68608K, 18% used [0x0000000080000000,0x0000000080c98780,0x0000000084300000)
 Metaspace       used 26423K, committed 27264K, reserved 1114112K
  class space    used 2605K, committed 2944K, reserved 1048576K
}
Event: 4.418 GC heap after
{Heap after GC invocations=9 (full 1):
 PSYoungGen      total 27136K, used 3061K [0x00000000d5580000, 0x00000000d7600000, 0x0000000100000000)
  eden space 24064K, 0% used [0x00000000d5580000,0x00000000d5580000,0x00000000d6d00000)
  from space 3072K, 99% used [0x00000000d7200000,0x00000000d74fd4b0,0x00000000d7500000)
  to   space 4608K, 0% used [0x00000000d6d00000,0x00000000d6d00000,0x00000000d7180000)
 ParOldGen       total 68608K, used 14071K [0x0000000080000000, 0x0000000084300000, 0x00000000d5580000)
  object space 68608K, 20% used [0x0000000080000000,0x0000000080dbdca0,0x0000000084300000)
 Metaspace       used 26423K, committed 27264K, reserved 1114112K
  class space    used 2605K, committed 2944K, reserved 1048576K
}

Dll operation events (10 events):
Event: 0.014 Loaded shared library c:\Users\LOQ\.vscode\extensions\redhat.java-1.47.0-win32-x64\jre\21.0.8-win32-x86_64\bin\java.dll
Event: 0.107 Loaded shared library c:\Users\LOQ\.vscode\extensions\redhat.java-1.47.0-win32-x64\jre\21.0.8-win32-x86_64\bin\zip.dll
Event: 0.136 Loaded shared library C:\Users\LOQ\.vscode\extensions\redhat.java-1.47.0-win32-x64\jre\21.0.8-win32-x86_64\bin\instrument.dll
Event: 0.142 Loaded shared library C:\Users\LOQ\.vscode\extensions\redhat.java-1.47.0-win32-x64\jre\21.0.8-win32-x86_64\bin\net.dll
Event: 0.145 Loaded shared library C:\Users\LOQ\.vscode\extensions\redhat.java-1.47.0-win32-x64\jre\21.0.8-win32-x86_64\bin\nio.dll
Event: 0.150 Loaded shared library C:\Users\LOQ\.vscode\extensions\redhat.java-1.47.0-win32-x64\jre\21.0.8-win32-x86_64\bin\zip.dll
Event: 0.176 Loaded shared library C:\Users\LOQ\.vscode\extensions\redhat.java-1.47.0-win32-x64\jre\21.0.8-win32-x86_64\bin\jimage.dll
Event: 0.322 Loaded shared library c:\Users\LOQ\.vscode\extensions\redhat.java-1.47.0-win32-x64\jre\21.0.8-win32-x86_64\bin\verify.dll
Event: 1.939 Loaded shared library C:\Users\LOQ\AppData\Roaming\Code\User\globalStorage\redhat.java\1.47.0\config_ss_win\org.eclipse.equinox.launcher\org.eclipse.equinox.launcher.win32.win32.x86_64_1.2.1400.v20250801-0854\eclipse_11916.dll
Event: 2.972 Loaded shared library C:\Users\LOQ\AppData\Local\Temp\jna-75566\jna6526286829349508133.dll

Deoptimization events (20 events):
Event: 4.225 Thread 0x0000018800022c70 Uncommon trap: trap_request=0xffffff45 fr.pc=0x000001882bf938c4 relative=0x0000000000000124
Event: 4.225 Thread 0x0000018800022c70 Uncommon trap: reason=unstable_if action=reinterpret pc=0x000001882bf938c4 method=jdk.internal.org.objectweb.asm.SymbolTable.put(Ljdk/internal/org/objectweb/asm/SymbolTable$Entry;)Ljdk/internal/org/objectweb/asm/SymbolTable$Entry; @ 13 c2
Event: 4.225 Thread 0x0000018800022c70 DEOPT PACKING pc=0x000001882bf938c4 sp=0x0000004d9effbd70
Event: 4.225 Thread 0x0000018800022c70 DEOPT UNPACKING pc=0x000001882b9a3aa2 sp=0x0000004d9effbcd0 mode 2
Event: 4.235 Thread 0x0000018800022c70 Uncommon trap: trap_request=0xffffff45 fr.pc=0x000001882c0673e8 relative=0x0000000000000388
Event: 4.235 Thread 0x0000018800022c70 Uncommon trap: reason=unstable_if action=reinterpret pc=0x000001882c0673e8 method=java.lang.Integer.parseInt(Ljava/lang/String;I)I @ 119 c2
Event: 4.235 Thread 0x0000018800022c70 DEOPT PACKING pc=0x000001882c0673e8 sp=0x0000004d9effcc20
Event: 4.235 Thread 0x0000018800022c70 DEOPT UNPACKING pc=0x000001882b9a3aa2 sp=0x0000004d9effcb88 mode 2
Event: 4.280 Thread 0x0000018821231b20 Uncommon trap: trap_request=0xffffff45 fr.pc=0x000001882c05d8c4 relative=0x00000000000011e4
Event: 4.280 Thread 0x0000018821231b20 Uncommon trap: reason=unstable_if action=reinterpret pc=0x000001882c05d8c4 method=java.util.zip.ZipCoder$UTF8ZipCoder.hasTrailingSlash([BI)Z @ 11 c2
Event: 4.280 Thread 0x0000018821231b20 DEOPT PACKING pc=0x000001882c05d8c4 sp=0x0000004d9d8f9d30
Event: 4.280 Thread 0x0000018821231b20 DEOPT UNPACKING pc=0x000001882b9a3aa2 sp=0x0000004d9d8f9c98 mode 2
Event: 4.376 Thread 0x000001880094f100 Uncommon trap: trap_request=0xffffff45 fr.pc=0x000001882c05036c relative=0x00000000000010cc
Event: 4.376 Thread 0x000001880094f100 Uncommon trap: reason=unstable_if action=reinterpret pc=0x000001882c05036c method=java.util.Properties.loadConvert([CIILjava/lang/StringBuilder;)Ljava/lang/String; @ 477 c2
Event: 4.376 Thread 0x000001880094f100 DEOPT PACKING pc=0x000001882c05036c sp=0x0000004d9f5fd4f0
Event: 4.376 Thread 0x000001880094f100 DEOPT UNPACKING pc=0x000001882b9a3aa2 sp=0x0000004d9f5fd4e0 mode 2
Event: 4.443 Thread 0x000001880094f100 Uncommon trap: trap_request=0xffffff45 fr.pc=0x000001882bf83400 relative=0x0000000000000fa0
Event: 4.443 Thread 0x000001880094f100 Uncommon trap: reason=unstable_if action=reinterpret pc=0x000001882bf83400 method=jdk.internal.jimage.ImageStringsReader.stringFromByteBufferMatches(Ljava/nio/ByteBuffer;ILjava/lang/String;I)I @ 48 c2
Event: 4.443 Thread 0x000001880094f100 DEOPT PACKING pc=0x000001882bf83400 sp=0x0000004d9f5fc640
Event: 4.443 Thread 0x000001880094f100 DEOPT UNPACKING pc=0x000001882b9a3aa2 sp=0x0000004d9f5fc378 mode 2

Classes loaded (20 events):
Event: 4.394 Loading class sun/reflect/generics/tree/ClassSignature
Event: 4.394 Loading class sun/reflect/generics/tree/ClassSignature done
Event: 4.394 Loading class sun/reflect/generics/tree/TypeVariableSignature
Event: 4.394 Loading class sun/reflect/generics/tree/TypeVariableSignature done
Event: 4.394 Loading class sun/reflect/generics/reflectiveObjects/TypeVariableImpl
Event: 4.394 Loading class sun/reflect/generics/reflectiveObjects/LazyReflectiveObjectGenerator
Event: 4.394 Loading class sun/reflect/generics/reflectiveObjects/LazyReflectiveObjectGenerator done
Event: 4.394 Loading class sun/reflect/generics/reflectiveObjects/TypeVariableImpl done
Event: 4.408 Loading class java/lang/Deprecated
Event: 4.408 Loading class java/lang/Deprecated done
Event: 4.410 Loading class jdk/internal/vm/annotation/IntrinsicCandidate
Event: 4.410 Loading class jdk/internal/vm/annotation/IntrinsicCandidate done
Event: 4.449 Loading class sun/reflect/generics/tree/BottomSignature
Event: 4.449 Loading class sun/reflect/generics/tree/BottomSignature done
Event: 4.449 Loading class sun/reflect/generics/tree/Wildcard
Event: 4.449 Loading class sun/reflect/generics/tree/Wildcard done
Event: 4.449 Loading class sun/reflect/generics/reflectiveObjects/WildcardTypeImpl
Event: 4.449 Loading class java/lang/reflect/WildcardType
Event: 4.449 Loading class java/lang/reflect/WildcardType done
Event: 4.449 Loading class sun/reflect/generics/reflectiveObjects/WildcardTypeImpl done

Classes unloaded (7 events):
Event: 3.532 Thread 0x00000188211a3610 Unloading class 0x0000018839191400 'java/lang/invoke/LambdaForm$MH+0x0000018839191400'
Event: 3.532 Thread 0x00000188211a3610 Unloading class 0x0000018839191000 'java/lang/invoke/LambdaForm$MH+0x0000018839191000'
Event: 3.532 Thread 0x00000188211a3610 Unloading class 0x0000018839190c00 'java/lang/invoke/LambdaForm$MH+0x0000018839190c00'
Event: 3.532 Thread 0x00000188211a3610 Unloading class 0x0000018839190800 'java/lang/invoke/LambdaForm$MH+0x0000018839190800'
Event: 3.532 Thread 0x00000188211a3610 Unloading class 0x0000018839190400 'java/lang/invoke/LambdaForm$BMH+0x0000018839190400'
Event: 3.532 Thread 0x00000188211a3610 Unloading class 0x0000018839190000 'java/lang/invoke/LambdaForm$DMH+0x0000018839190000'
Event: 3.532 Thread 0x00000188211a3610 Unloading class 0x000001883918ec00 'java/lang/invoke/LambdaForm$DMH+0x000001883918ec00'

Classes redefined (0 events):
No events

Internal exceptions (20 events):
Event: 3.078 Thread 0x000001880094f100 Exception <a 'java/lang/NoSuchMethodError'{0x00000000d56e6160}: 'java.lang.Object java.lang.invoke.DirectMethodHandle$Holder.invokeSpecial(java.lang.Object, java.lang.Object, int, java.lang.Object, java.lang.Object)'> (0x00000000d56e6160) 
thrown [s\src\hotspot\share\interpreter\linkResolver.cpp, line 773]
Event: 3.078 Thread 0x000001880094f100 Exception <a 'java/lang/NoSuchMethodError'{0x00000000d56ece98}: 'java.lang.Object java.lang.invoke.DirectMethodHandle$Holder.newInvokeSpecial(java.lang.Object, java.lang.Object, int, java.lang.Object)'> (0x00000000d56ece98) 
thrown [s\src\hotspot\share\interpreter\linkResolver.cpp, line 773]
Event: 3.079 Thread 0x000001880094f100 Exception <a 'java/lang/NoSuchMethodError'{0x00000000d56f07b8}: 'java.lang.Object java.lang.invoke.DirectMethodHandle$Holder.invokeSpecial(java.lang.Object, java.lang.Object, java.lang.Object, int, java.lang.Object)'> (0x00000000d56f07b8) 
thrown [s\src\hotspot\share\interpreter\linkResolver.cpp, line 773]
Event: 3.097 Thread 0x0000018800022c70 Exception <a 'java/lang/NoSuchMethodError'{0x00000000d58f23f8}: 'void java.lang.invoke.DirectMethodHandle$Holder.invokeSpecial(java.lang.Object, java.lang.Object, java.lang.Object, java.lang.Object, java.lang.Object)'> (0x00000000d58f23f8) 
thrown [s\src\hotspot\share\interpreter\linkResolver.cpp, line 773]
Event: 3.120 Thread 0x0000018800022c70 Exception <a 'java/lang/NoSuchMethodError'{0x00000000d59cde58}: 'double java.lang.invoke.DirectMethodHandle$Holder.invokeStatic(java.lang.Object, java.lang.Object)'> (0x00000000d59cde58) 
thrown [s\src\hotspot\share\interpreter\linkResolver.cpp, line 773]
Event: 3.120 Thread 0x0000018800022c70 Exception <a 'java/lang/NoSuchMethodError'{0x00000000d59d1518}: 'double java.lang.invoke.DirectMethodHandle$Holder.invokeStaticInit(java.lang.Object, java.lang.Object)'> (0x00000000d59d1518) 
thrown [s\src\hotspot\share\interpreter\linkResolver.cpp, line 773]
Event: 3.826 Thread 0x0000018800022c70 Exception <a 'java/lang/ClassNotFoundException'{0x00000000d6bb5948}: com/sun/org/apache/xerces/internal/impl/msg/spi/DOMMessagesProvider> (0x00000000d6bb5948) 
thrown [s\src\hotspot\share\classfile\systemDictionary.cpp, line 312]
Event: 3.828 Thread 0x0000018800022c70 Exception <a 'java/lang/ClassNotFoundException'{0x00000000d6bd09d0}: com/sun/org/apache/xerces/internal/impl/msg/spi/XMLSerializerMessagesProvider> (0x00000000d6bd09d0) 
thrown [s\src\hotspot\share\classfile\systemDictionary.cpp, line 312]
Event: 3.829 Thread 0x0000018800022c70 Exception <a 'java/lang/ClassNotFoundException'{0x00000000d6bddcf0}: com/sun/org/apache/xerces/internal/impl/msg/spi/XMLMessagesProvider> (0x00000000d6bddcf0) 
thrown [s\src\hotspot\share\classfile\systemDictionary.cpp, line 312]
Event: 3.876 Thread 0x0000018800022c70 Exception <a 'java/lang/NoSuchMethodError'{0x00000000d6dc3978}: 'java.lang.Object java.lang.invoke.DirectMethodHandle$Holder.newInvokeSpecial(java.lang.Object, int, java.lang.Object, java.lang.Object)'> (0x00000000d6dc3978) 
thrown [s\src\hotspot\share\interpreter\linkResolver.cpp, line 773]
Event: 3.953 Thread 0x0000018800022c70 Exception <a 'sun/nio/fs/WindowsException'{0x00000000d5757620}> (0x00000000d5757620) 
thrown [s\src\hotspot\share\prims\jni.cpp, line 520]
Event: 4.108 Thread 0x0000018800022c70 Exception <a 'java/lang/ClassNotFoundException'{0x00000000d5d3f9f0}: com/sun/org/apache/xml/internal/serializer/spi/XMLEntitiesProvider> (0x00000000d5d3f9f0) 
thrown [s\src\hotspot\share\classfile\systemDictionary.cpp, line 312]
Event: 4.201 Thread 0x0000018800022c70 Exception <a 'java/io/FileNotFoundException'{0x00000000d60b7f40}> (0x00000000d60b7f40) 
thrown [s\src\hotspot\share\prims\jni.cpp, line 520]
Event: 4.229 Thread 0x0000018800022c70 Exception <a 'java/lang/UnsatisfiedLinkError'{0x00000000d61b6c58}: The specified procedure could not be found.
> (0x00000000d61b6c58) 
thrown [s\src\hotspot\share\prims\jni.cpp, line 539]
Event: 4.234 Thread 0x0000018800022c70 Exception <a 'java/io/FileNotFoundException'{0x00000000d61cd680}> (0x00000000d61cd680) 
thrown [s\src\hotspot\share\prims\jni.cpp, line 520]
Event: 4.243 Thread 0x0000018800022c70 Exception <a 'java/io/FileNotFoundException'{0x00000000d6247380}> (0x00000000d6247380) 
thrown [s\src\hotspot\share\prims\jni.cpp, line 520]
Event: 4.250 Thread 0x0000018800022c70 Exception <a 'java/lang/UnsatisfiedLinkError'{0x00000000d6275918}: The specified procedure could not be found.
> (0x00000000d6275918) 
thrown [s\src\hotspot\share\prims\jni.cpp, line 539]
Event: 4.303 Thread 0x0000018821231b20 Exception <a 'java/lang/NoSuchMethodError'{0x00000000d64daf88}: 'java.lang.Object java.lang.invoke.DirectMethodHandle$Holder.invokeStatic(java.lang.Object, long, java.lang.Object)'> (0x00000000d64daf88) 
thrown [s\src\hotspot\share\interpreter\linkResolver.cpp, line 773]
Event: 4.304 Thread 0x0000018821231b20 Exception <a 'java/lang/NoSuchMethodError'{0x00000000d64de5f0}: 'java.lang.Object java.lang.invoke.DirectMethodHandle$Holder.invokeStaticInit(java.lang.Object, long, java.lang.Object)'> (0x00000000d64de5f0) 
thrown [s\src\hotspot\share\interpreter\linkResolver.cpp, line 773]
Event: 4.306 Thread 0x0000018821231b20 Exception <a 'java/lang/NoSuchMethodError'{0x00000000d64f9570}: 'java.lang.Object java.lang.invoke.DirectMethodHandle$Holder.newInvokeSpecial(java.lang.Object, long)'> (0x00000000d64f9570) 
thrown [s\src\hotspot\share\interpreter\linkResolver.cpp, line 773]

ZGC Phase Switch (0 events):
No events

VM Operations (20 events):
Event: 2.923 Executing VM operation: HandshakeAllThreads (Deoptimize)
Event: 2.923 Executing VM operation: HandshakeAllThreads (Deoptimize) done
Event: 2.980 Executing VM operation: HandshakeAllThreads (Deoptimize)
Event: 2.980 Executing VM operation: HandshakeAllThreads (Deoptimize) done
Event: 3.023 Executing VM operation: ParallelGCFailedAllocation (Allocation Failure)
Event: 3.029 Executing VM operation: ParallelGCFailedAllocation (Allocation Failure) done
Event: 3.338 Executing VM operation: ParallelGCFailedAllocation (Allocation Failure)
Event: 3.341 Executing VM operation: ParallelGCFailedAllocation (Allocation Failure) done
Event: 3.523 Executing VM operation: CollectForMetadataAllocation (Metadata GC Threshold)
Event: 3.553 Executing VM operation: CollectForMetadataAllocation (Metadata GC Threshold) done
Event: 3.879 Executing VM operation: ParallelGCFailedAllocation (Allocation Failure)
Event: 3.881 Executing VM operation: ParallelGCFailedAllocation (Allocation Failure) done
Event: 3.915 Executing VM operation: HandshakeAllThreads (Deoptimize)
Event: 3.915 Executing VM operation: HandshakeAllThreads (Deoptimize) done
Event: 4.003 Executing VM operation: HandshakeAllThreads (Deoptimize)
Event: 4.003 Executing VM operation: HandshakeAllThreads (Deoptimize) done
Event: 4.145 Executing VM operation: HandshakeAllThreads (Deoptimize)
Event: 4.145 Executing VM operation: HandshakeAllThreads (Deoptimize) done
Event: 4.415 Executing VM operation: ParallelGCFailedAllocation (Allocation Failure)
Event: 4.419 Executing VM operation: ParallelGCFailedAllocation (Allocation Failure) done

Memory protections (0 events):
No events

Nmethod flushes (0 events):
No events

Events (20 events):
Event: 2.435 Thread 0x0000018800022c70 Thread added: 0x0000018800438c70
Event: 2.722 Thread 0x00000188211c1f90 Thread added: 0x00000188006856d0
Event: 3.003 Thread 0x0000018800022c70 Thread added: 0x00000188008ad220
Event: 3.051 Thread 0x0000018800022c70 Thread added: 0x000001880094f100
Event: 3.078 Thread 0x0000018800022c70 Thread added: 0x0000018800575660
Event: 3.373 Thread 0x00000188006856d0 Thread exited: 0x00000188006856d0
Event: 3.857 Thread 0x0000018800022c70 Thread added: 0x000001880121d400
Event: 3.888 Thread 0x00000188211c1f90 Thread added: 0x0000018801042c90
Event: 3.977 Thread 0x000001880121d400 Thread exited: 0x000001880121d400
Event: 4.294 Thread 0x0000018800575660 Thread added: 0x000001880121d400
Event: 4.320 Thread 0x0000018821231b20 Thread added: 0x000001880121c6e0
Event: 4.320 Thread 0x0000018821231b20 Thread added: 0x000001880121cd70
Event: 4.320 Thread 0x0000018821231b20 Thread added: 0x000001880121b9c0
Event: 4.320 Thread 0x0000018821231b20 Thread added: 0x0000018801219f80
Event: 4.321 Thread 0x0000018821231b20 Thread added: 0x000001880121a610
Event: 4.321 Thread 0x0000018821231b20 Thread added: 0x000001880121aca0
Event: 4.321 Thread 0x0000018821231b20 Thread added: 0x000001880121b330
Event: 4.321 Thread 0x0000018821231b20 Thread added: 0x000001880121c050
Event: 4.322 Thread 0x0000018821231b20 Thread added: 0x0000018801a90420
Event: 4.377 Thread 0x0000018821231b20 Thread added: 0x0000018801a8dcc0


Dynamic libraries:
0x00007ff6cd240000 - 0x00007ff6cd24e000 	c:\Users\LOQ\.vscode\extensions\redhat.java-1.47.0-win32-x64\jre\21.0.8-win32-x86_64\bin\java.exe
0x00007ff937560000 - 0x00007ff9377c8000 	C:\WINDOWS\SYSTEM32\ntdll.dll
0x00007ff936600000 - 0x00007ff9366c9000 	C:\WINDOWS\System32\KERNEL32.DLL
0x00007ff934e80000 - 0x00007ff935272000 	C:\WINDOWS\System32\KERNELBASE.dll
0x00007ff934ca0000 - 0x00007ff934deb000 	C:\WINDOWS\System32\ucrtbase.dll
0x00007ff926610000 - 0x00007ff926628000 	c:\Users\LOQ\.vscode\extensions\redhat.java-1.47.0-win32-x64\jre\21.0.8-win32-x86_64\bin\jli.dll
0x00007ff90ecd0000 - 0x00007ff90ecee000 	c:\Users\LOQ\.vscode\extensions\redhat.java-1.47.0-win32-x64\jre\21.0.8-win32-x86_64\bin\VCRUNTIME140.dll
0x00007ff9354c0000 - 0x00007ff935685000 	C:\WINDOWS\System32\USER32.dll
0x00007ff9348c0000 - 0x00007ff9348e7000 	C:\WINDOWS\System32\win32u.dll
0x00007ff918120000 - 0x00007ff9183b3000 	C:\WINDOWS\WinSxS\amd64_microsoft.windows.common-controls_6595b64144ccf1df_6.0.26100.6899_none_3e0efeeae32e88c1\COMCTL32.dll
0x00007ff9353b0000 - 0x00007ff9353db000 	C:\WINDOWS\System32\GDI32.dll
0x00007ff936300000 - 0x00007ff9363a9000 	C:\WINDOWS\System32\msvcrt.dll
0x00007ff9346f0000 - 0x00007ff93481d000 	C:\WINDOWS\System32\gdi32full.dll
0x00007ff935280000 - 0x00007ff935323000 	C:\WINDOWS\System32\msvcp_win.dll
0x00007ff936fa0000 - 0x00007ff936fcf000 	C:\WINDOWS\System32\IMM32.DLL
0x00007ff92cc60000 - 0x00007ff92cc6c000 	c:\Users\LOQ\.vscode\extensions\redhat.java-1.47.0-win32-x64\jre\21.0.8-win32-x86_64\bin\vcruntime140_1.dll
0x00007ff8f5200000 - 0x00007ff8f528d000 	c:\Users\LOQ\.vscode\extensions\redhat.java-1.47.0-win32-x64\jre\21.0.8-win32-x86_64\bin\msvcp140.dll
0x00007ff8881e0000 - 0x00007ff888f77000 	c:\Users\LOQ\.vscode\extensions\redhat.java-1.47.0-win32-x64\jre\21.0.8-win32-x86_64\bin\server\jvm.dll
0x00007ff936070000 - 0x00007ff936124000 	C:\WINDOWS\System32\ADVAPI32.dll
0x00007ff9363b0000 - 0x00007ff936456000 	C:\WINDOWS\System32\sechost.dll
0x00007ff936460000 - 0x00007ff936578000 	C:\WINDOWS\System32\RPCRT4.dll
0x00007ff936580000 - 0x00007ff9365f4000 	C:\WINDOWS\System32\WS2_32.dll
0x00007ff926f20000 - 0x00007ff926f55000 	C:\WINDOWS\SYSTEM32\WINMM.dll
0x00007ff92d4a0000 - 0x00007ff92d4ab000 	C:\WINDOWS\SYSTEM32\VERSION.dll
0x00007ff9343b0000 - 0x00007ff93440e000 	C:\WINDOWS\SYSTEM32\POWRPROF.dll
0x00007ff934390000 - 0x00007ff9343a4000 	C:\WINDOWS\SYSTEM32\UMPDC.dll
0x00007ff9334c0000 - 0x00007ff9334db000 	C:\WINDOWS\SYSTEM32\kernel.appcore.dll
0x00007ff92c5d0000 - 0x00007ff92c5da000 	c:\Users\LOQ\.vscode\extensions\redhat.java-1.47.0-win32-x64\jre\21.0.8-win32-x86_64\bin\jimage.dll
0x00007ff931440000 - 0x00007ff931682000 	C:\WINDOWS\SYSTEM32\DBGHELP.DLL
0x00007ff9370f0000 - 0x00007ff93746b000 	C:\WINDOWS\System32\combase.dll
0x00007ff9353e0000 - 0x00007ff9354b7000 	C:\WINDOWS\System32\OLEAUT32.dll
0x00007ff914ac0000 - 0x00007ff914afc000 	C:\WINDOWS\SYSTEM32\dbgcore.DLL
0x00007ff934820000 - 0x00007ff9348b8000 	C:\WINDOWS\System32\bcryptPrimitives.dll
0x00007ff914290000 - 0x00007ff91429f000 	c:\Users\LOQ\.vscode\extensions\redhat.java-1.47.0-win32-x64\jre\21.0.8-win32-x86_64\bin\instrument.dll
0x00007ff90ecb0000 - 0x00007ff90eccf000 	c:\Users\LOQ\.vscode\extensions\redhat.java-1.47.0-win32-x64\jre\21.0.8-win32-x86_64\bin\java.dll
0x00007ff9367f0000 - 0x00007ff936f3d000 	C:\WINDOWS\System32\SHELL32.dll
0x00007ff934b30000 - 0x00007ff934c9b000 	C:\WINDOWS\System32\wintypes.dll
0x00007ff932310000 - 0x00007ff932b6d000 	C:\WINDOWS\SYSTEM32\windows.storage.dll
0x00007ff935d80000 - 0x00007ff935e72000 	C:\WINDOWS\System32\SHCORE.dll
0x00007ff935e90000 - 0x00007ff935ef2000 	C:\WINDOWS\System32\shlwapi.dll
0x00007ff934610000 - 0x00007ff934639000 	C:\WINDOWS\SYSTEM32\profapi.dll
0x00007ff90eac0000 - 0x00007ff90ead8000 	c:\Users\LOQ\.vscode\extensions\redhat.java-1.47.0-win32-x64\jre\21.0.8-win32-x86_64\bin\zip.dll
0x00007ff9141d0000 - 0x00007ff9141e0000 	C:\Users\LOQ\.vscode\extensions\redhat.java-1.47.0-win32-x64\jre\21.0.8-win32-x86_64\bin\net.dll
0x00007ff92c1a0000 - 0x00007ff92c2bf000 	C:\WINDOWS\SYSTEM32\WINHTTP.dll
0x00007ff933a30000 - 0x00007ff933a9b000 	C:\WINDOWS\system32\mswsock.dll
0x00007ff90eaa0000 - 0x00007ff90eab6000 	C:\Users\LOQ\.vscode\extensions\redhat.java-1.47.0-win32-x64\jre\21.0.8-win32-x86_64\bin\nio.dll
0x00007ff90f5c0000 - 0x00007ff90f5d0000 	c:\Users\LOQ\.vscode\extensions\redhat.java-1.47.0-win32-x64\jre\21.0.8-win32-x86_64\bin\verify.dll
0x00007ff90b3e0000 - 0x00007ff90b424000 	C:\Users\LOQ\AppData\Roaming\Code\User\globalStorage\redhat.java\1.47.0\config_ss_win\org.eclipse.equinox.launcher\org.eclipse.equinox.launcher.win32.win32.x86_64_1.2.1400.v20250801-0854\eclipse_11916.dll
0x00007ff936130000 - 0x00007ff9362c8000 	C:\WINDOWS\System32\ole32.dll
0x00007ff933ce0000 - 0x00007ff933cfb000 	C:\WINDOWS\SYSTEM32\CRYPTSP.dll
0x00007ff933420000 - 0x00007ff93345b000 	C:\WINDOWS\system32\rsaenh.dll
0x00007ff933ad0000 - 0x00007ff933afb000 	C:\WINDOWS\SYSTEM32\USERENV.dll
0x00007ff9345e0000 - 0x00007ff934606000 	C:\WINDOWS\SYSTEM32\bcrypt.dll
0x00007ff933d00000 - 0x00007ff933d0c000 	C:\WINDOWS\SYSTEM32\CRYPTBASE.dll
0x00007ff932ff0000 - 0x00007ff933024000 	C:\WINDOWS\SYSTEM32\IPHLPAPI.DLL
0x00007ff9370e0000 - 0x00007ff9370ea000 	C:\WINDOWS\System32\NSI.dll
0x00007ff902170000 - 0x00007ff9021b9000 	C:\Users\LOQ\AppData\Local\Temp\jna-75566\jna6526286829349508133.dll
0x00007ff936f90000 - 0x00007ff936f98000 	C:\WINDOWS\System32\PSAPI.DLL
0x00007ff92dfa0000 - 0x00007ff92dfbe000 	C:\WINDOWS\SYSTEM32\dhcpcsvc6.DLL
0x00007ff92df70000 - 0x00007ff92df93000 	C:\WINDOWS\SYSTEM32\dhcpcsvc.DLL

JVMTI agents:
c:\Users\LOQ\.vscode\extensions\redhat.java-1.47.0-win32-x64\lombok\lombok-1.18.39-4050.jar path:c:\Users\LOQ\.vscode\extensions\redhat.java-1.47.0-win32-x64\jre\21.0.8-win32-x86_64\bin\instrument.dll, loaded, initialized, instrumentlib options:none

dbghelp: loaded successfully - version: 4.0.5 - missing functions: none
symbol engine: initialized successfully - sym options: 0x614 - pdb path: .;c:\Users\LOQ\.vscode\extensions\redhat.java-1.47.0-win32-x64\jre\21.0.8-win32-x86_64\bin;C:\WINDOWS\SYSTEM32;C:\WINDOWS\WinSxS\amd64_microsoft.windows.common-controls_6595b64144ccf1df_6.0.26100.6899_none_3e0efeeae32e88c1;c:\Users\LOQ\.vscode\extensions\redhat.java-1.47.0-win32-x64\jre\21.0.8-win32-x86_64\bin\server;C:\Users\LOQ\AppData\Roaming\Code\User\globalStorage\redhat.java\1.47.0\config_ss_win\org.eclipse.equinox.launcher\org.eclipse.equinox.launcher.win32.win32.x86_64_1.2.1400.v20250801-0854;C:\Users\LOQ\AppData\Local\Temp\jna-75566

VM Arguments:
jvm_args: --add-modules=ALL-SYSTEM --add-opens=java.base/java.util=ALL-UNNAMED --add-opens=java.base/java.lang=ALL-UNNAMED --add-opens=java.base/sun.nio.fs=ALL-UNNAMED -Declipse.application=org.eclipse.jdt.ls.core.id1 -Dosgi.bundles.defaultStartLevel=4 -Declipse.product=org.eclipse.jdt.ls.core.product -Djava.import.generatesMetadataFilesAtProjectRoot=false -DDetectVMInstallationsJob.disabled=true -Dfile.encoding=utf8 -XX:+UseParallelGC -XX:GCTimeRatio=4 -XX:AdaptiveSizePolicyWeight=90 -Dsun.zip.disableMemoryMapping=true -Xmx2G -Xms100m -Xlog:disable -javaagent:c:\Users\LOQ\.vscode\extensions\redhat.java-1.47.0-win32-x64\lombok\lombok-1.18.39-4050.jar 
java_command: c:\Users\LOQ\.vscode\extensions\redhat.java-1.47.0-win32-x64\server\plugins\org.eclipse.equinox.launcher_1.7.100.v20251014-1222.jar -configuration c:\Users\LOQ\AppData\Roaming\Code\User\globalStorage\redhat.java\1.47.0\config_ss_win -data c:\Users\LOQ\AppData\Roaming\Code\User\workspaceStorage\a7a39547a06a3b6109950431f82cb49c\redhat.java\ss_ws --pipe=\\.\pipe\lsp-339e5bfe9db773f2d72c33285f424da8-sock
java_class_path (initial): c:\Users\LOQ\.vscode\extensions\redhat.java-1.47.0-win32-x64\server\plugins\org.eclipse.equinox.launcher_1.7.100.v20251014-1222.jar
Launcher Type: SUN_STANDARD

[Global flags]
    uintx AdaptiveSizePolicyWeight                 = 90                                        {product} {command line}
     intx CICompilerCount                          = 4                                         {product} {ergonomic}
    uintx GCTimeRatio                              = 4                                         {product} {command line}
   size_t InitialHeapSize                          = 104857600                                 {product} {command line}
   size_t MaxHeapSize                              = 2147483648                                {product} {command line}
   size_t MaxNewSize                               = 715653120                                 {product} {ergonomic}
   size_t MinHeapDeltaBytes                        = 524288                                    {product} {ergonomic}
   size_t MinHeapSize                              = 104857600                                 {product} {command line}
   size_t NewSize                                  = 34603008                                  {product} {ergonomic}
    uintx NonNMethodCodeHeapSize                   = 5839372                                {pd product} {ergonomic}
    uintx NonProfiledCodeHeapSize                  = 122909434                              {pd product} {ergonomic}
   size_t OldSize                                  = 70254592                                  {product} {ergonomic}
    uintx ProfiledCodeHeapSize                     = 122909434                              {pd product} {ergonomic}
    uintx ReservedCodeCacheSize                    = 251658240                              {pd product} {ergonomic}
     bool SegmentedCodeCache                       = true                                      {product} {ergonomic}
   size_t SoftMaxHeapSize                          = 2147483648                             {manageable} {ergonomic}
     bool UseCompressedOops                        = true                           {product lp64_product} {ergonomic}
     bool UseLargePagesIndividualAllocation        = false                                  {pd product} {ergonomic}
     bool UseParallelGC                            = true                                      {product} {command line}

Logging:
Log output configuration:
 #0: stdout all=off uptime,level,tags foldmultilines=false
 #1: stderr all=off uptime,level,tags foldmultilines=false

Environment Variables:
PATH=C:\Users\LOQ\AppData\Local\Programs\Python\Python313\Scripts\;C:\Users\LOQ\AppData\Local\Programs\Python\Python313\;C:\Program Files (x86)\Common Files\Intel\Shared Libraries\redist\intel64\compiler;C:\Program Files\Common Files\Oracle\Java\javapath;C:\WINDOWS\system32;C:\WINDOWS;C:\WINDOWS\System32\Wbem;C:\WINDOWS\System32\WindowsPowerShell\v1.0\;C:\WINDOWS\System32\OpenSSH\;C:\Program Files (x86)\NVIDIA Corporation\PhysX\Common;C:\Program Files\NVIDIA Corporation\NVIDIA NvDLISR;C:\Users\LOQ\Downloads\apache-maven-3.9.9-bin\apache-maven-3.9.9\bin;C:\Program Files\Git\cmd;C:\Program Files\nodejs\;C:\ProgramData\chocolatey\bin;C:\Program Files\Maven\apache-maven-3.9.11-bin\bin;C:\flutter\bin;C:\Program Files (x86)\Microsoft SQL Server\160\DTS\Binn\;C:\Program Files (x86)\Microsoft SQL Server\160\Tools\Binn\;C:\Program Files\Microsoft SQL Server\160\Tools\Binn\;C:\Program Files\Microsoft SQL Server\Client SDK\ODBC\170\Tools\Binn\;C:\Program Files\Microsoft SQL Server\160\DTS\Binn\;C:\Users\LOQ\AppData\Local\Microsoft\WindowsApps;C:\Users\LOQ\AppData\Local\Programs\Microsoft VS Code\bin;C:\Users\LOQ\AppData\Local\GitHubDesktop\bin;D:\src\flutter_windows_3.29.2-stable\flutter\bin;C:\Users\LOQ\AppData\Roaming\npm;C:\flutter\bin;
USERNAME=LOQ
OS=Windows_NT
PROCESSOR_IDENTIFIER=AMD64 Family 25 Model 68 Stepping 1, AuthenticAMD
TMP=C:\Users\LOQ\AppData\Local\Temp
TEMP=C:\Users\LOQ\AppData\Local\Temp




Periodic native trim disabled

---------------  S Y S T E M  ---------------

OS:
 Windows 11 , 64 bit Build 26100 (10.0.26100.6725)
OS uptime: 0 days 4:14 hours
Hyper-V role detected

CPU: total 8 (initial active 8) (8 cores per cpu, 2 threads per core) family 25 model 68 stepping 1 microcode 0xa404105, cx8, cmov, fxsr, ht, mmx, 3dnowpref, sse, sse2, sse3, ssse3, sse4a, sse4.1, sse4.2, popcnt, lzcnt, tsc, tscinvbit, avx, avx2, aes, erms, clmul, bmi1, bmi2, adx, sha, fma, vzeroupper, clflush, clflushopt, hv, rdtscp, rdpid, fsrm, f16c, cet_ss
Processor Information for the first 8 processors :
  Max Mhz: 3201, Current Mhz: 3201, Mhz Limit: 3201

Memory: 4k page, system-wide physical 11972M (1572M free)
TotalPageFile size 32633M (AvailPageFile size 359M)
current process WorkingSet (physical memory assigned to process): 184M, peak: 184M
current process commit charge ("private bytes"): 313M, peak: 313M

vm_info: OpenJDK 64-Bit Server VM (21.0.8+9-LTS) for windows-amd64 JRE (21.0.8+9-LTS), built on 2025-07-15T00:00:00Z by "admin" with MS VC++ 17.7 (VS2022)

END.
